{"error":{"diagnosticText":"\u001b[96msrc/controllers/PrayerWallController.ts\u001b[0m:\u001b[93m46\u001b[0m:\u001b[93m16\u001b[0m - \u001b[91merror\u001b[0m\u001b[90m TS2339: \u001b[0mProperty 'description' does not exist on type 'PrayerWall'.\r\n\r\n\u001b[7m46\u001b[0m     prayerWall.description = description;\r\n\u001b[7m  \u001b[0m \u001b[91m               ~~~~~~~~~~~\u001b[0m\r\n\u001b[96msrc/controllers/PrayerWallController.ts\u001b[0m:\u001b[93m47\u001b[0m:\u001b[93m26\u001b[0m - \u001b[91merror\u001b[0m\u001b[90m TS2304: \u001b[0mCannot find name 'details'.\r\n\r\n\u001b[7m47\u001b[0m     prayerWall.details = details;\r\n\u001b[7m  \u001b[0m \u001b[91m                         ~~~~~~~\u001b[0m\r\n\u001b[96msrc/controllers/PrayerWallController.ts\u001b[0m:\u001b[93m34\u001b[0m:\u001b[93m67\u001b[0m - \u001b[91merror\u001b[0m\u001b[90m TS1005: \u001b[0m',' expected.\r\n\r\n\u001b[7m34\u001b[0m     const { title, description, prayer_date, start_time, end_time division_id } = req.body;\r\n\u001b[7m  \u001b[0m \u001b[91m                                                                  ~~~~~~~~~~~\u001b[0m\r\n","diagnosticCodes":[2339,2304,1005]},"level":"error","message":"uncaughtException: ⨯ Unable to compile TypeScript:\n\u001b[96msrc/controllers/PrayerWallController.ts\u001b[0m:\u001b[93m46\u001b[0m:\u001b[93m16\u001b[0m - \u001b[91merror\u001b[0m\u001b[90m TS2339: \u001b[0mProperty 'description' does not exist on type 'PrayerWall'.\r\n\r\n\u001b[7m46\u001b[0m     prayerWall.description = description;\r\n\u001b[7m  \u001b[0m \u001b[91m               ~~~~~~~~~~~\u001b[0m\r\n\u001b[96msrc/controllers/PrayerWallController.ts\u001b[0m:\u001b[93m47\u001b[0m:\u001b[93m26\u001b[0m - \u001b[91merror\u001b[0m\u001b[90m TS2304: \u001b[0mCannot find name 'details'.\r\n\r\n\u001b[7m47\u001b[0m     prayerWall.details = details;\r\n\u001b[7m  \u001b[0m \u001b[91m                         ~~~~~~~\u001b[0m\r\n\u001b[96msrc/controllers/PrayerWallController.ts\u001b[0m:\u001b[93m34\u001b[0m:\u001b[93m67\u001b[0m - \u001b[91merror\u001b[0m\u001b[90m TS1005: \u001b[0m',' expected.\r\n\r\n\u001b[7m34\u001b[0m     const { title, description, prayer_date, start_time, end_time division_id } = req.body;\r\n\u001b[7m  \u001b[0m \u001b[91m                                                                  ~~~~~~~~~~~\u001b[0m\r\n\nTSError: ⨯ Unable to compile TypeScript:\n\u001b[96msrc/controllers/PrayerWallController.ts\u001b[0m:\u001b[93m46\u001b[0m:\u001b[93m16\u001b[0m - \u001b[91merror\u001b[0m\u001b[90m TS2339: \u001b[0mProperty 'description' does not exist on type 'PrayerWall'.\r\n\r\n\u001b[7m46\u001b[0m     prayerWall.description = description;\r\n\u001b[7m  \u001b[0m \u001b[91m               ~~~~~~~~~~~\u001b[0m\r\n\u001b[96msrc/controllers/PrayerWallController.ts\u001b[0m:\u001b[93m47\u001b[0m:\u001b[93m26\u001b[0m - \u001b[91merror\u001b[0m\u001b[90m TS2304: \u001b[0mCannot find name 'details'.\r\n\r\n\u001b[7m47\u001b[0m     prayerWall.details = details;\r\n\u001b[7m  \u001b[0m \u001b[91m                         ~~~~~~~\u001b[0m\r\n\u001b[96msrc/controllers/PrayerWallController.ts\u001b[0m:\u001b[93m34\u001b[0m:\u001b[93m67\u001b[0m - \u001b[91merror\u001b[0m\u001b[90m TS1005: \u001b[0m',' expected.\r\n\r\n\u001b[7m34\u001b[0m     const { title, description, prayer_date, start_time, end_time division_id } = req.body;\r\n\u001b[7m  \u001b[0m \u001b[91m                                                                  ~~~~~~~~~~~\u001b[0m\r\n\n    at createTSError (C:\\development\\projects\\wss\\RCCG\\RCCGApi\\RCCGMobile.Api5\\node_modules\\ts-node\\src\\index.ts:434:12)\n    at reportTSError (C:\\development\\projects\\wss\\RCCG\\RCCGApi\\RCCGMobile.Api5\\node_modules\\ts-node\\src\\index.ts:438:19)\n    at getOutput (C:\\development\\projects\\wss\\RCCG\\RCCGApi\\RCCGMobile.Api5\\node_modules\\ts-node\\src\\index.ts:578:36)\n    at Object.compile (C:\\development\\projects\\wss\\RCCG\\RCCGApi\\RCCGMobile.Api5\\node_modules\\ts-node\\src\\index.ts:775:32)\n    at Module.m._compile (C:\\development\\projects\\wss\\RCCG\\RCCGApi\\RCCGMobile.Api5\\node_modules\\ts-node\\src\\index.ts:858:43)\n    at Module._extensions..js (internal/modules/cjs/loader.js:947:10)\n    at Object.require.extensions.<computed> [as .ts] (C:\\development\\projects\\wss\\RCCG\\RCCGApi\\RCCGMobile.Api5\\node_modules\\ts-node\\src\\index.ts:861:12)\n    at Module.load (internal/modules/cjs/loader.js:790:32)\n    at Function.Module._load (internal/modules/cjs/loader.js:703:12)\n    at Module.require (internal/modules/cjs/loader.js:830:19)","stack":"TSError: ⨯ Unable to compile TypeScript:\n\u001b[96msrc/controllers/PrayerWallController.ts\u001b[0m:\u001b[93m46\u001b[0m:\u001b[93m16\u001b[0m - \u001b[91merror\u001b[0m\u001b[90m TS2339: \u001b[0mProperty 'description' does not exist on type 'PrayerWall'.\r\n\r\n\u001b[7m46\u001b[0m     prayerWall.description = description;\r\n\u001b[7m  \u001b[0m \u001b[91m               ~~~~~~~~~~~\u001b[0m\r\n\u001b[96msrc/controllers/PrayerWallController.ts\u001b[0m:\u001b[93m47\u001b[0m:\u001b[93m26\u001b[0m - \u001b[91merror\u001b[0m\u001b[90m TS2304: \u001b[0mCannot find name 'details'.\r\n\r\n\u001b[7m47\u001b[0m     prayerWall.details = details;\r\n\u001b[7m  \u001b[0m \u001b[91m                         ~~~~~~~\u001b[0m\r\n\u001b[96msrc/controllers/PrayerWallController.ts\u001b[0m:\u001b[93m34\u001b[0m:\u001b[93m67\u001b[0m - \u001b[91merror\u001b[0m\u001b[90m TS1005: \u001b[0m',' expected.\r\n\r\n\u001b[7m34\u001b[0m     const { title, description, prayer_date, start_time, end_time division_id } = req.body;\r\n\u001b[7m  \u001b[0m \u001b[91m                                                                  ~~~~~~~~~~~\u001b[0m\r\n\n    at createTSError (C:\\development\\projects\\wss\\RCCG\\RCCGApi\\RCCGMobile.Api5\\node_modules\\ts-node\\src\\index.ts:434:12)\n    at reportTSError (C:\\development\\projects\\wss\\RCCG\\RCCGApi\\RCCGMobile.Api5\\node_modules\\ts-node\\src\\index.ts:438:19)\n    at getOutput (C:\\development\\projects\\wss\\RCCG\\RCCGApi\\RCCGMobile.Api5\\node_modules\\ts-node\\src\\index.ts:578:36)\n    at Object.compile (C:\\development\\projects\\wss\\RCCG\\RCCGApi\\RCCGMobile.Api5\\node_modules\\ts-node\\src\\index.ts:775:32)\n    at Module.m._compile (C:\\development\\projects\\wss\\RCCG\\RCCGApi\\RCCGMobile.Api5\\node_modules\\ts-node\\src\\index.ts:858:43)\n    at Module._extensions..js (internal/modules/cjs/loader.js:947:10)\n    at Object.require.extensions.<computed> [as .ts] (C:\\development\\projects\\wss\\RCCG\\RCCGApi\\RCCGMobile.Api5\\node_modules\\ts-node\\src\\index.ts:861:12)\n    at Module.load (internal/modules/cjs/loader.js:790:32)\n    at Function.Module._load (internal/modules/cjs/loader.js:703:12)\n    at Module.require (internal/modules/cjs/loader.js:830:19)","exception":true,"date":"Thu Mar 25 2021 00:04:36 GMT+0100 (West Africa Standard Time)","process":{"pid":13340,"uid":null,"gid":null,"cwd":"C:\\development\\projects\\wss\\RCCG\\RCCGApi\\RCCGMobile.Api5","execPath":"C:\\Program Files\\nodejs\\node.exe","version":"v12.10.0","argv":["C:\\development\\projects\\wss\\RCCG\\RCCGApi\\RCCGMobile.Api5\\node_modules\\ts-node\\dist\\bin.js","C:\\development\\projects\\wss\\RCCG\\RCCGApi\\RCCGMobile.Api5\\src\\index.ts"],"memoryUsage":{"rss":170430464,"heapTotal":144105472,"heapUsed":124142792,"external":1842840}},"os":{"loadavg":[0,0,0],"uptime":15614},"trace":[{"column":12,"file":"C:\\development\\projects\\wss\\RCCG\\RCCGApi\\RCCGMobile.Api5\\node_modules\\ts-node\\src\\index.ts","function":"createTSError","line":434,"method":null,"native":false},{"column":19,"file":"C:\\development\\projects\\wss\\RCCG\\RCCGApi\\RCCGMobile.Api5\\node_modules\\ts-node\\src\\index.ts","function":"reportTSError","line":438,"method":null,"native":false},{"column":36,"file":"C:\\development\\projects\\wss\\RCCG\\RCCGApi\\RCCGMobile.Api5\\node_modules\\ts-node\\src\\index.ts","function":"getOutput","line":578,"method":null,"native":false},{"column":32,"file":"C:\\development\\projects\\wss\\RCCG\\RCCGApi\\RCCGMobile.Api5\\node_modules\\ts-node\\src\\index.ts","function":"Object.compile","line":775,"method":"compile","native":false},{"column":43,"file":"C:\\development\\projects\\wss\\RCCG\\RCCGApi\\RCCGMobile.Api5\\node_modules\\ts-node\\src\\index.ts","function":"Module.m._compile","line":858,"method":"_compile","native":false},{"column":10,"file":"internal/modules/cjs/loader.js","function":"Module._extensions..js","line":947,"method":".js","native":false},{"column":12,"file":"C:\\development\\projects\\wss\\RCCG\\RCCGApi\\RCCGMobile.Api5\\node_modules\\ts-node\\src\\index.ts","function":"Object.require.extensions.<computed> [as .ts]","line":861,"method":"ts]","native":false},{"column":32,"file":"internal/modules/cjs/loader.js","function":"Module.load","line":790,"method":"load","native":false},{"column":12,"file":"internal/modules/cjs/loader.js","function":"Module._load","line":703,"method":"_load","native":false},{"column":19,"file":"internal/modules/cjs/loader.js","function":"Module.require","line":830,"method":"require","native":false}]}
{"error":{"diagnosticText":"\u001b[96msrc/controllers/PrayerWallController.ts\u001b[0m:\u001b[93m46\u001b[0m:\u001b[93m16\u001b[0m - \u001b[91merror\u001b[0m\u001b[90m TS2339: \u001b[0mProperty 'description' does not exist on type 'PrayerWall'.\r\n\r\n\u001b[7m46\u001b[0m     prayerWall.description = description;\r\n\u001b[7m  \u001b[0m \u001b[91m               ~~~~~~~~~~~\u001b[0m\r\n\u001b[96msrc/controllers/PrayerWallController.ts\u001b[0m:\u001b[93m47\u001b[0m:\u001b[93m26\u001b[0m - \u001b[91merror\u001b[0m\u001b[90m TS2304: \u001b[0mCannot find name 'details'.\r\n\r\n\u001b[7m47\u001b[0m     prayerWall.details = details;\r\n\u001b[7m  \u001b[0m \u001b[91m                         ~~~~~~~\u001b[0m\r\n\u001b[96msrc/controllers/PrayerWallController.ts\u001b[0m:\u001b[93m34\u001b[0m:\u001b[93m67\u001b[0m - \u001b[91merror\u001b[0m\u001b[90m TS1005: \u001b[0m',' expected.\r\n\r\n\u001b[7m34\u001b[0m     const { title, description, prayer_date, start_time, end_time division_id } = req.body;\r\n\u001b[7m  \u001b[0m \u001b[91m                                                                  ~~~~~~~~~~~\u001b[0m\r\n","diagnosticCodes":[2339,2304,1005]},"level":"error","message":"uncaughtException: ⨯ Unable to compile TypeScript:\n\u001b[96msrc/controllers/PrayerWallController.ts\u001b[0m:\u001b[93m46\u001b[0m:\u001b[93m16\u001b[0m - \u001b[91merror\u001b[0m\u001b[90m TS2339: \u001b[0mProperty 'description' does not exist on type 'PrayerWall'.\r\n\r\n\u001b[7m46\u001b[0m     prayerWall.description = description;\r\n\u001b[7m  \u001b[0m \u001b[91m               ~~~~~~~~~~~\u001b[0m\r\n\u001b[96msrc/controllers/PrayerWallController.ts\u001b[0m:\u001b[93m47\u001b[0m:\u001b[93m26\u001b[0m - \u001b[91merror\u001b[0m\u001b[90m TS2304: \u001b[0mCannot find name 'details'.\r\n\r\n\u001b[7m47\u001b[0m     prayerWall.details = details;\r\n\u001b[7m  \u001b[0m \u001b[91m                         ~~~~~~~\u001b[0m\r\n\u001b[96msrc/controllers/PrayerWallController.ts\u001b[0m:\u001b[93m34\u001b[0m:\u001b[93m67\u001b[0m - \u001b[91merror\u001b[0m\u001b[90m TS1005: \u001b[0m',' expected.\r\n\r\n\u001b[7m34\u001b[0m     const { title, description, prayer_date, start_time, end_time division_id } = req.body;\r\n\u001b[7m  \u001b[0m \u001b[91m                                                                  ~~~~~~~~~~~\u001b[0m\r\n\nTSError: ⨯ Unable to compile TypeScript:\n\u001b[96msrc/controllers/PrayerWallController.ts\u001b[0m:\u001b[93m46\u001b[0m:\u001b[93m16\u001b[0m - \u001b[91merror\u001b[0m\u001b[90m TS2339: \u001b[0mProperty 'description' does not exist on type 'PrayerWall'.\r\n\r\n\u001b[7m46\u001b[0m     prayerWall.description = description;\r\n\u001b[7m  \u001b[0m \u001b[91m               ~~~~~~~~~~~\u001b[0m\r\n\u001b[96msrc/controllers/PrayerWallController.ts\u001b[0m:\u001b[93m47\u001b[0m:\u001b[93m26\u001b[0m - \u001b[91merror\u001b[0m\u001b[90m TS2304: \u001b[0mCannot find name 'details'.\r\n\r\n\u001b[7m47\u001b[0m     prayerWall.details = details;\r\n\u001b[7m  \u001b[0m \u001b[91m                         ~~~~~~~\u001b[0m\r\n\u001b[96msrc/controllers/PrayerWallController.ts\u001b[0m:\u001b[93m34\u001b[0m:\u001b[93m67\u001b[0m - \u001b[91merror\u001b[0m\u001b[90m TS1005: \u001b[0m',' expected.\r\n\r\n\u001b[7m34\u001b[0m     const { title, description, prayer_date, start_time, end_time division_id } = req.body;\r\n\u001b[7m  \u001b[0m \u001b[91m                                                                  ~~~~~~~~~~~\u001b[0m\r\n\n    at createTSError (C:\\development\\projects\\wss\\RCCG\\RCCGApi\\RCCGMobile.Api5\\node_modules\\ts-node\\src\\index.ts:434:12)\n    at reportTSError (C:\\development\\projects\\wss\\RCCG\\RCCGApi\\RCCGMobile.Api5\\node_modules\\ts-node\\src\\index.ts:438:19)\n    at getOutput (C:\\development\\projects\\wss\\RCCG\\RCCGApi\\RCCGMobile.Api5\\node_modules\\ts-node\\src\\index.ts:578:36)\n    at Object.compile (C:\\development\\projects\\wss\\RCCG\\RCCGApi\\RCCGMobile.Api5\\node_modules\\ts-node\\src\\index.ts:775:32)\n    at Module.m._compile (C:\\development\\projects\\wss\\RCCG\\RCCGApi\\RCCGMobile.Api5\\node_modules\\ts-node\\src\\index.ts:858:43)\n    at Module._extensions..js (internal/modules/cjs/loader.js:947:10)\n    at Object.require.extensions.<computed> [as .ts] (C:\\development\\projects\\wss\\RCCG\\RCCGApi\\RCCGMobile.Api5\\node_modules\\ts-node\\src\\index.ts:861:12)\n    at Module.load (internal/modules/cjs/loader.js:790:32)\n    at Function.Module._load (internal/modules/cjs/loader.js:703:12)\n    at Module.require (internal/modules/cjs/loader.js:830:19)","stack":"TSError: ⨯ Unable to compile TypeScript:\n\u001b[96msrc/controllers/PrayerWallController.ts\u001b[0m:\u001b[93m46\u001b[0m:\u001b[93m16\u001b[0m - \u001b[91merror\u001b[0m\u001b[90m TS2339: \u001b[0mProperty 'description' does not exist on type 'PrayerWall'.\r\n\r\n\u001b[7m46\u001b[0m     prayerWall.description = description;\r\n\u001b[7m  \u001b[0m \u001b[91m               ~~~~~~~~~~~\u001b[0m\r\n\u001b[96msrc/controllers/PrayerWallController.ts\u001b[0m:\u001b[93m47\u001b[0m:\u001b[93m26\u001b[0m - \u001b[91merror\u001b[0m\u001b[90m TS2304: \u001b[0mCannot find name 'details'.\r\n\r\n\u001b[7m47\u001b[0m     prayerWall.details = details;\r\n\u001b[7m  \u001b[0m \u001b[91m                         ~~~~~~~\u001b[0m\r\n\u001b[96msrc/controllers/PrayerWallController.ts\u001b[0m:\u001b[93m34\u001b[0m:\u001b[93m67\u001b[0m - \u001b[91merror\u001b[0m\u001b[90m TS1005: \u001b[0m',' expected.\r\n\r\n\u001b[7m34\u001b[0m     const { title, description, prayer_date, start_time, end_time division_id } = req.body;\r\n\u001b[7m  \u001b[0m \u001b[91m                                                                  ~~~~~~~~~~~\u001b[0m\r\n\n    at createTSError (C:\\development\\projects\\wss\\RCCG\\RCCGApi\\RCCGMobile.Api5\\node_modules\\ts-node\\src\\index.ts:434:12)\n    at reportTSError (C:\\development\\projects\\wss\\RCCG\\RCCGApi\\RCCGMobile.Api5\\node_modules\\ts-node\\src\\index.ts:438:19)\n    at getOutput (C:\\development\\projects\\wss\\RCCG\\RCCGApi\\RCCGMobile.Api5\\node_modules\\ts-node\\src\\index.ts:578:36)\n    at Object.compile (C:\\development\\projects\\wss\\RCCG\\RCCGApi\\RCCGMobile.Api5\\node_modules\\ts-node\\src\\index.ts:775:32)\n    at Module.m._compile (C:\\development\\projects\\wss\\RCCG\\RCCGApi\\RCCGMobile.Api5\\node_modules\\ts-node\\src\\index.ts:858:43)\n    at Module._extensions..js (internal/modules/cjs/loader.js:947:10)\n    at Object.require.extensions.<computed> [as .ts] (C:\\development\\projects\\wss\\RCCG\\RCCGApi\\RCCGMobile.Api5\\node_modules\\ts-node\\src\\index.ts:861:12)\n    at Module.load (internal/modules/cjs/loader.js:790:32)\n    at Function.Module._load (internal/modules/cjs/loader.js:703:12)\n    at Module.require (internal/modules/cjs/loader.js:830:19)","exception":true,"date":"Thu Mar 25 2021 00:06:03 GMT+0100 (West Africa Standard Time)","process":{"pid":11428,"uid":null,"gid":null,"cwd":"C:\\development\\projects\\wss\\RCCG\\RCCGApi\\RCCGMobile.Api5","execPath":"C:\\Program Files\\nodejs\\node.exe","version":"v12.10.0","argv":["C:\\development\\projects\\wss\\RCCG\\RCCGApi\\RCCGMobile.Api5\\node_modules\\ts-node\\dist\\bin.js","C:\\development\\projects\\wss\\RCCG\\RCCGApi\\RCCGMobile.Api5\\src\\index.ts"],"memoryUsage":{"rss":171188224,"heapTotal":144367616,"heapUsed":124536264,"external":1842840}},"os":{"loadavg":[0,0,0],"uptime":15702},"trace":[{"column":12,"file":"C:\\development\\projects\\wss\\RCCG\\RCCGApi\\RCCGMobile.Api5\\node_modules\\ts-node\\src\\index.ts","function":"createTSError","line":434,"method":null,"native":false},{"column":19,"file":"C:\\development\\projects\\wss\\RCCG\\RCCGApi\\RCCGMobile.Api5\\node_modules\\ts-node\\src\\index.ts","function":"reportTSError","line":438,"method":null,"native":false},{"column":36,"file":"C:\\development\\projects\\wss\\RCCG\\RCCGApi\\RCCGMobile.Api5\\node_modules\\ts-node\\src\\index.ts","function":"getOutput","line":578,"method":null,"native":false},{"column":32,"file":"C:\\development\\projects\\wss\\RCCG\\RCCGApi\\RCCGMobile.Api5\\node_modules\\ts-node\\src\\index.ts","function":"Object.compile","line":775,"method":"compile","native":false},{"column":43,"file":"C:\\development\\projects\\wss\\RCCG\\RCCGApi\\RCCGMobile.Api5\\node_modules\\ts-node\\src\\index.ts","function":"Module.m._compile","line":858,"method":"_compile","native":false},{"column":10,"file":"internal/modules/cjs/loader.js","function":"Module._extensions..js","line":947,"method":".js","native":false},{"column":12,"file":"C:\\development\\projects\\wss\\RCCG\\RCCGApi\\RCCGMobile.Api5\\node_modules\\ts-node\\src\\index.ts","function":"Object.require.extensions.<computed> [as .ts]","line":861,"method":"ts]","native":false},{"column":32,"file":"internal/modules/cjs/loader.js","function":"Module.load","line":790,"method":"load","native":false},{"column":12,"file":"internal/modules/cjs/loader.js","function":"Module._load","line":703,"method":"_load","native":false},{"column":19,"file":"internal/modules/cjs/loader.js","function":"Module.require","line":830,"method":"require","native":false}]}
{"error":{"diagnosticText":"\u001b[96msrc/controllers/PrayerWallController.ts\u001b[0m:\u001b[93m46\u001b[0m:\u001b[93m16\u001b[0m - \u001b[91merror\u001b[0m\u001b[90m TS2339: \u001b[0mProperty 'description' does not exist on type 'PrayerWall'.\r\n\r\n\u001b[7m46\u001b[0m     prayerWall.description = description;\r\n\u001b[7m  \u001b[0m \u001b[91m               ~~~~~~~~~~~\u001b[0m\r\n\u001b[96msrc/controllers/PrayerWallController.ts\u001b[0m:\u001b[93m47\u001b[0m:\u001b[93m26\u001b[0m - \u001b[91merror\u001b[0m\u001b[90m TS2304: \u001b[0mCannot find name 'details'.\r\n\r\n\u001b[7m47\u001b[0m     prayerWall.details = details;\r\n\u001b[7m  \u001b[0m \u001b[91m                         ~~~~~~~\u001b[0m\r\n\u001b[96msrc/controllers/PrayerWallController.ts\u001b[0m:\u001b[93m34\u001b[0m:\u001b[93m67\u001b[0m - \u001b[91merror\u001b[0m\u001b[90m TS1005: \u001b[0m',' expected.\r\n\r\n\u001b[7m34\u001b[0m     const { title, description, prayer_date, start_time, end_time division_id } = req.body;\r\n\u001b[7m  \u001b[0m \u001b[91m                                                                  ~~~~~~~~~~~\u001b[0m\r\n","diagnosticCodes":[2339,2304,1005]},"level":"error","message":"uncaughtException: ⨯ Unable to compile TypeScript:\n\u001b[96msrc/controllers/PrayerWallController.ts\u001b[0m:\u001b[93m46\u001b[0m:\u001b[93m16\u001b[0m - \u001b[91merror\u001b[0m\u001b[90m TS2339: \u001b[0mProperty 'description' does not exist on type 'PrayerWall'.\r\n\r\n\u001b[7m46\u001b[0m     prayerWall.description = description;\r\n\u001b[7m  \u001b[0m \u001b[91m               ~~~~~~~~~~~\u001b[0m\r\n\u001b[96msrc/controllers/PrayerWallController.ts\u001b[0m:\u001b[93m47\u001b[0m:\u001b[93m26\u001b[0m - \u001b[91merror\u001b[0m\u001b[90m TS2304: \u001b[0mCannot find name 'details'.\r\n\r\n\u001b[7m47\u001b[0m     prayerWall.details = details;\r\n\u001b[7m  \u001b[0m \u001b[91m                         ~~~~~~~\u001b[0m\r\n\u001b[96msrc/controllers/PrayerWallController.ts\u001b[0m:\u001b[93m34\u001b[0m:\u001b[93m67\u001b[0m - \u001b[91merror\u001b[0m\u001b[90m TS1005: \u001b[0m',' expected.\r\n\r\n\u001b[7m34\u001b[0m     const { title, description, prayer_date, start_time, end_time division_id } = req.body;\r\n\u001b[7m  \u001b[0m \u001b[91m                                                                  ~~~~~~~~~~~\u001b[0m\r\n\nTSError: ⨯ Unable to compile TypeScript:\n\u001b[96msrc/controllers/PrayerWallController.ts\u001b[0m:\u001b[93m46\u001b[0m:\u001b[93m16\u001b[0m - \u001b[91merror\u001b[0m\u001b[90m TS2339: \u001b[0mProperty 'description' does not exist on type 'PrayerWall'.\r\n\r\n\u001b[7m46\u001b[0m     prayerWall.description = description;\r\n\u001b[7m  \u001b[0m \u001b[91m               ~~~~~~~~~~~\u001b[0m\r\n\u001b[96msrc/controllers/PrayerWallController.ts\u001b[0m:\u001b[93m47\u001b[0m:\u001b[93m26\u001b[0m - \u001b[91merror\u001b[0m\u001b[90m TS2304: \u001b[0mCannot find name 'details'.\r\n\r\n\u001b[7m47\u001b[0m     prayerWall.details = details;\r\n\u001b[7m  \u001b[0m \u001b[91m                         ~~~~~~~\u001b[0m\r\n\u001b[96msrc/controllers/PrayerWallController.ts\u001b[0m:\u001b[93m34\u001b[0m:\u001b[93m67\u001b[0m - \u001b[91merror\u001b[0m\u001b[90m TS1005: \u001b[0m',' expected.\r\n\r\n\u001b[7m34\u001b[0m     const { title, description, prayer_date, start_time, end_time division_id } = req.body;\r\n\u001b[7m  \u001b[0m \u001b[91m                                                                  ~~~~~~~~~~~\u001b[0m\r\n\n    at createTSError (C:\\development\\projects\\wss\\RCCG\\RCCGApi\\RCCGMobile.Api5\\node_modules\\ts-node\\src\\index.ts:434:12)\n    at reportTSError (C:\\development\\projects\\wss\\RCCG\\RCCGApi\\RCCGMobile.Api5\\node_modules\\ts-node\\src\\index.ts:438:19)\n    at getOutput (C:\\development\\projects\\wss\\RCCG\\RCCGApi\\RCCGMobile.Api5\\node_modules\\ts-node\\src\\index.ts:578:36)\n    at Object.compile (C:\\development\\projects\\wss\\RCCG\\RCCGApi\\RCCGMobile.Api5\\node_modules\\ts-node\\src\\index.ts:775:32)\n    at Module.m._compile (C:\\development\\projects\\wss\\RCCG\\RCCGApi\\RCCGMobile.Api5\\node_modules\\ts-node\\src\\index.ts:858:43)\n    at Module._extensions..js (internal/modules/cjs/loader.js:947:10)\n    at Object.require.extensions.<computed> [as .ts] (C:\\development\\projects\\wss\\RCCG\\RCCGApi\\RCCGMobile.Api5\\node_modules\\ts-node\\src\\index.ts:861:12)\n    at Module.load (internal/modules/cjs/loader.js:790:32)\n    at Function.Module._load (internal/modules/cjs/loader.js:703:12)\n    at Module.require (internal/modules/cjs/loader.js:830:19)","stack":"TSError: ⨯ Unable to compile TypeScript:\n\u001b[96msrc/controllers/PrayerWallController.ts\u001b[0m:\u001b[93m46\u001b[0m:\u001b[93m16\u001b[0m - \u001b[91merror\u001b[0m\u001b[90m TS2339: \u001b[0mProperty 'description' does not exist on type 'PrayerWall'.\r\n\r\n\u001b[7m46\u001b[0m     prayerWall.description = description;\r\n\u001b[7m  \u001b[0m \u001b[91m               ~~~~~~~~~~~\u001b[0m\r\n\u001b[96msrc/controllers/PrayerWallController.ts\u001b[0m:\u001b[93m47\u001b[0m:\u001b[93m26\u001b[0m - \u001b[91merror\u001b[0m\u001b[90m TS2304: \u001b[0mCannot find name 'details'.\r\n\r\n\u001b[7m47\u001b[0m     prayerWall.details = details;\r\n\u001b[7m  \u001b[0m \u001b[91m                         ~~~~~~~\u001b[0m\r\n\u001b[96msrc/controllers/PrayerWallController.ts\u001b[0m:\u001b[93m34\u001b[0m:\u001b[93m67\u001b[0m - \u001b[91merror\u001b[0m\u001b[90m TS1005: \u001b[0m',' expected.\r\n\r\n\u001b[7m34\u001b[0m     const { title, description, prayer_date, start_time, end_time division_id } = req.body;\r\n\u001b[7m  \u001b[0m \u001b[91m                                                                  ~~~~~~~~~~~\u001b[0m\r\n\n    at createTSError (C:\\development\\projects\\wss\\RCCG\\RCCGApi\\RCCGMobile.Api5\\node_modules\\ts-node\\src\\index.ts:434:12)\n    at reportTSError (C:\\development\\projects\\wss\\RCCG\\RCCGApi\\RCCGMobile.Api5\\node_modules\\ts-node\\src\\index.ts:438:19)\n    at getOutput (C:\\development\\projects\\wss\\RCCG\\RCCGApi\\RCCGMobile.Api5\\node_modules\\ts-node\\src\\index.ts:578:36)\n    at Object.compile (C:\\development\\projects\\wss\\RCCG\\RCCGApi\\RCCGMobile.Api5\\node_modules\\ts-node\\src\\index.ts:775:32)\n    at Module.m._compile (C:\\development\\projects\\wss\\RCCG\\RCCGApi\\RCCGMobile.Api5\\node_modules\\ts-node\\src\\index.ts:858:43)\n    at Module._extensions..js (internal/modules/cjs/loader.js:947:10)\n    at Object.require.extensions.<computed> [as .ts] (C:\\development\\projects\\wss\\RCCG\\RCCGApi\\RCCGMobile.Api5\\node_modules\\ts-node\\src\\index.ts:861:12)\n    at Module.load (internal/modules/cjs/loader.js:790:32)\n    at Function.Module._load (internal/modules/cjs/loader.js:703:12)\n    at Module.require (internal/modules/cjs/loader.js:830:19)","exception":true,"date":"Thu Mar 25 2021 00:06:36 GMT+0100 (West Africa Standard Time)","process":{"pid":13840,"uid":null,"gid":null,"cwd":"C:\\development\\projects\\wss\\RCCG\\RCCGApi\\RCCGMobile.Api5","execPath":"C:\\Program Files\\nodejs\\node.exe","version":"v12.10.0","argv":["C:\\development\\projects\\wss\\RCCG\\RCCGApi\\RCCGMobile.Api5\\node_modules\\ts-node\\dist\\bin.js","C:\\development\\projects\\wss\\RCCG\\RCCGApi\\RCCGMobile.Api5\\src\\index.ts"],"memoryUsage":{"rss":169963520,"heapTotal":143319040,"heapUsed":122860920,"external":1842840}},"os":{"loadavg":[0,0,0],"uptime":15735},"trace":[{"column":12,"file":"C:\\development\\projects\\wss\\RCCG\\RCCGApi\\RCCGMobile.Api5\\node_modules\\ts-node\\src\\index.ts","function":"createTSError","line":434,"method":null,"native":false},{"column":19,"file":"C:\\development\\projects\\wss\\RCCG\\RCCGApi\\RCCGMobile.Api5\\node_modules\\ts-node\\src\\index.ts","function":"reportTSError","line":438,"method":null,"native":false},{"column":36,"file":"C:\\development\\projects\\wss\\RCCG\\RCCGApi\\RCCGMobile.Api5\\node_modules\\ts-node\\src\\index.ts","function":"getOutput","line":578,"method":null,"native":false},{"column":32,"file":"C:\\development\\projects\\wss\\RCCG\\RCCGApi\\RCCGMobile.Api5\\node_modules\\ts-node\\src\\index.ts","function":"Object.compile","line":775,"method":"compile","native":false},{"column":43,"file":"C:\\development\\projects\\wss\\RCCG\\RCCGApi\\RCCGMobile.Api5\\node_modules\\ts-node\\src\\index.ts","function":"Module.m._compile","line":858,"method":"_compile","native":false},{"column":10,"file":"internal/modules/cjs/loader.js","function":"Module._extensions..js","line":947,"method":".js","native":false},{"column":12,"file":"C:\\development\\projects\\wss\\RCCG\\RCCGApi\\RCCGMobile.Api5\\node_modules\\ts-node\\src\\index.ts","function":"Object.require.extensions.<computed> [as .ts]","line":861,"method":"ts]","native":false},{"column":32,"file":"internal/modules/cjs/loader.js","function":"Module.load","line":790,"method":"load","native":false},{"column":12,"file":"internal/modules/cjs/loader.js","function":"Module._load","line":703,"method":"_load","native":false},{"column":19,"file":"internal/modules/cjs/loader.js","function":"Module.require","line":830,"method":"require","native":false}]}
{"error":{"diagnosticText":"\u001b[96msrc/controllers/PrayerWallController.ts\u001b[0m:\u001b[93m46\u001b[0m:\u001b[93m16\u001b[0m - \u001b[91merror\u001b[0m\u001b[90m TS2339: \u001b[0mProperty 'description' does not exist on type 'PrayerWall'.\r\n\r\n\u001b[7m46\u001b[0m     prayerWall.description = description;\r\n\u001b[7m  \u001b[0m \u001b[91m               ~~~~~~~~~~~\u001b[0m\r\n\u001b[96msrc/controllers/PrayerWallController.ts\u001b[0m:\u001b[93m47\u001b[0m:\u001b[93m26\u001b[0m - \u001b[91merror\u001b[0m\u001b[90m TS2304: \u001b[0mCannot find name 'details'.\r\n\r\n\u001b[7m47\u001b[0m     prayerWall.details = details;\r\n\u001b[7m  \u001b[0m \u001b[91m                         ~~~~~~~\u001b[0m\r\n\u001b[96msrc/controllers/PrayerWallController.ts\u001b[0m:\u001b[93m34\u001b[0m:\u001b[93m67\u001b[0m - \u001b[91merror\u001b[0m\u001b[90m TS1005: \u001b[0m',' expected.\r\n\r\n\u001b[7m34\u001b[0m     const { title, description, prayer_date, start_time, end_time division_id } = req.body;\r\n\u001b[7m  \u001b[0m \u001b[91m                                                                  ~~~~~~~~~~~\u001b[0m\r\n","diagnosticCodes":[2339,2304,1005]},"level":"error","message":"uncaughtException: ⨯ Unable to compile TypeScript:\n\u001b[96msrc/controllers/PrayerWallController.ts\u001b[0m:\u001b[93m46\u001b[0m:\u001b[93m16\u001b[0m - \u001b[91merror\u001b[0m\u001b[90m TS2339: \u001b[0mProperty 'description' does not exist on type 'PrayerWall'.\r\n\r\n\u001b[7m46\u001b[0m     prayerWall.description = description;\r\n\u001b[7m  \u001b[0m \u001b[91m               ~~~~~~~~~~~\u001b[0m\r\n\u001b[96msrc/controllers/PrayerWallController.ts\u001b[0m:\u001b[93m47\u001b[0m:\u001b[93m26\u001b[0m - \u001b[91merror\u001b[0m\u001b[90m TS2304: \u001b[0mCannot find name 'details'.\r\n\r\n\u001b[7m47\u001b[0m     prayerWall.details = details;\r\n\u001b[7m  \u001b[0m \u001b[91m                         ~~~~~~~\u001b[0m\r\n\u001b[96msrc/controllers/PrayerWallController.ts\u001b[0m:\u001b[93m34\u001b[0m:\u001b[93m67\u001b[0m - \u001b[91merror\u001b[0m\u001b[90m TS1005: \u001b[0m',' expected.\r\n\r\n\u001b[7m34\u001b[0m     const { title, description, prayer_date, start_time, end_time division_id } = req.body;\r\n\u001b[7m  \u001b[0m \u001b[91m                                                                  ~~~~~~~~~~~\u001b[0m\r\n\nTSError: ⨯ Unable to compile TypeScript:\n\u001b[96msrc/controllers/PrayerWallController.ts\u001b[0m:\u001b[93m46\u001b[0m:\u001b[93m16\u001b[0m - \u001b[91merror\u001b[0m\u001b[90m TS2339: \u001b[0mProperty 'description' does not exist on type 'PrayerWall'.\r\n\r\n\u001b[7m46\u001b[0m     prayerWall.description = description;\r\n\u001b[7m  \u001b[0m \u001b[91m               ~~~~~~~~~~~\u001b[0m\r\n\u001b[96msrc/controllers/PrayerWallController.ts\u001b[0m:\u001b[93m47\u001b[0m:\u001b[93m26\u001b[0m - \u001b[91merror\u001b[0m\u001b[90m TS2304: \u001b[0mCannot find name 'details'.\r\n\r\n\u001b[7m47\u001b[0m     prayerWall.details = details;\r\n\u001b[7m  \u001b[0m \u001b[91m                         ~~~~~~~\u001b[0m\r\n\u001b[96msrc/controllers/PrayerWallController.ts\u001b[0m:\u001b[93m34\u001b[0m:\u001b[93m67\u001b[0m - \u001b[91merror\u001b[0m\u001b[90m TS1005: \u001b[0m',' expected.\r\n\r\n\u001b[7m34\u001b[0m     const { title, description, prayer_date, start_time, end_time division_id } = req.body;\r\n\u001b[7m  \u001b[0m \u001b[91m                                                                  ~~~~~~~~~~~\u001b[0m\r\n\n    at createTSError (C:\\development\\projects\\wss\\RCCG\\RCCGApi\\RCCGMobile.Api5\\node_modules\\ts-node\\src\\index.ts:434:12)\n    at reportTSError (C:\\development\\projects\\wss\\RCCG\\RCCGApi\\RCCGMobile.Api5\\node_modules\\ts-node\\src\\index.ts:438:19)\n    at getOutput (C:\\development\\projects\\wss\\RCCG\\RCCGApi\\RCCGMobile.Api5\\node_modules\\ts-node\\src\\index.ts:578:36)\n    at Object.compile (C:\\development\\projects\\wss\\RCCG\\RCCGApi\\RCCGMobile.Api5\\node_modules\\ts-node\\src\\index.ts:775:32)\n    at Module.m._compile (C:\\development\\projects\\wss\\RCCG\\RCCGApi\\RCCGMobile.Api5\\node_modules\\ts-node\\src\\index.ts:858:43)\n    at Module._extensions..js (internal/modules/cjs/loader.js:947:10)\n    at Object.require.extensions.<computed> [as .ts] (C:\\development\\projects\\wss\\RCCG\\RCCGApi\\RCCGMobile.Api5\\node_modules\\ts-node\\src\\index.ts:861:12)\n    at Module.load (internal/modules/cjs/loader.js:790:32)\n    at Function.Module._load (internal/modules/cjs/loader.js:703:12)\n    at Module.require (internal/modules/cjs/loader.js:830:19)","stack":"TSError: ⨯ Unable to compile TypeScript:\n\u001b[96msrc/controllers/PrayerWallController.ts\u001b[0m:\u001b[93m46\u001b[0m:\u001b[93m16\u001b[0m - \u001b[91merror\u001b[0m\u001b[90m TS2339: \u001b[0mProperty 'description' does not exist on type 'PrayerWall'.\r\n\r\n\u001b[7m46\u001b[0m     prayerWall.description = description;\r\n\u001b[7m  \u001b[0m \u001b[91m               ~~~~~~~~~~~\u001b[0m\r\n\u001b[96msrc/controllers/PrayerWallController.ts\u001b[0m:\u001b[93m47\u001b[0m:\u001b[93m26\u001b[0m - \u001b[91merror\u001b[0m\u001b[90m TS2304: \u001b[0mCannot find name 'details'.\r\n\r\n\u001b[7m47\u001b[0m     prayerWall.details = details;\r\n\u001b[7m  \u001b[0m \u001b[91m                         ~~~~~~~\u001b[0m\r\n\u001b[96msrc/controllers/PrayerWallController.ts\u001b[0m:\u001b[93m34\u001b[0m:\u001b[93m67\u001b[0m - \u001b[91merror\u001b[0m\u001b[90m TS1005: \u001b[0m',' expected.\r\n\r\n\u001b[7m34\u001b[0m     const { title, description, prayer_date, start_time, end_time division_id } = req.body;\r\n\u001b[7m  \u001b[0m \u001b[91m                                                                  ~~~~~~~~~~~\u001b[0m\r\n\n    at createTSError (C:\\development\\projects\\wss\\RCCG\\RCCGApi\\RCCGMobile.Api5\\node_modules\\ts-node\\src\\index.ts:434:12)\n    at reportTSError (C:\\development\\projects\\wss\\RCCG\\RCCGApi\\RCCGMobile.Api5\\node_modules\\ts-node\\src\\index.ts:438:19)\n    at getOutput (C:\\development\\projects\\wss\\RCCG\\RCCGApi\\RCCGMobile.Api5\\node_modules\\ts-node\\src\\index.ts:578:36)\n    at Object.compile (C:\\development\\projects\\wss\\RCCG\\RCCGApi\\RCCGMobile.Api5\\node_modules\\ts-node\\src\\index.ts:775:32)\n    at Module.m._compile (C:\\development\\projects\\wss\\RCCG\\RCCGApi\\RCCGMobile.Api5\\node_modules\\ts-node\\src\\index.ts:858:43)\n    at Module._extensions..js (internal/modules/cjs/loader.js:947:10)\n    at Object.require.extensions.<computed> [as .ts] (C:\\development\\projects\\wss\\RCCG\\RCCGApi\\RCCGMobile.Api5\\node_modules\\ts-node\\src\\index.ts:861:12)\n    at Module.load (internal/modules/cjs/loader.js:790:32)\n    at Function.Module._load (internal/modules/cjs/loader.js:703:12)\n    at Module.require (internal/modules/cjs/loader.js:830:19)","exception":true,"date":"Thu Mar 25 2021 00:06:51 GMT+0100 (West Africa Standard Time)","process":{"pid":4496,"uid":null,"gid":null,"cwd":"C:\\development\\projects\\wss\\RCCG\\RCCGApi\\RCCGMobile.Api5","execPath":"C:\\Program Files\\nodejs\\node.exe","version":"v12.10.0","argv":["C:\\development\\projects\\wss\\RCCG\\RCCGApi\\RCCGMobile.Api5\\node_modules\\ts-node\\dist\\bin.js","C:\\development\\projects\\wss\\RCCG\\RCCGApi\\RCCGMobile.Api5\\src\\index.ts"],"memoryUsage":{"rss":170057728,"heapTotal":143581184,"heapUsed":123689352,"external":1842840}},"os":{"loadavg":[0,0,0],"uptime":15749},"trace":[{"column":12,"file":"C:\\development\\projects\\wss\\RCCG\\RCCGApi\\RCCGMobile.Api5\\node_modules\\ts-node\\src\\index.ts","function":"createTSError","line":434,"method":null,"native":false},{"column":19,"file":"C:\\development\\projects\\wss\\RCCG\\RCCGApi\\RCCGMobile.Api5\\node_modules\\ts-node\\src\\index.ts","function":"reportTSError","line":438,"method":null,"native":false},{"column":36,"file":"C:\\development\\projects\\wss\\RCCG\\RCCGApi\\RCCGMobile.Api5\\node_modules\\ts-node\\src\\index.ts","function":"getOutput","line":578,"method":null,"native":false},{"column":32,"file":"C:\\development\\projects\\wss\\RCCG\\RCCGApi\\RCCGMobile.Api5\\node_modules\\ts-node\\src\\index.ts","function":"Object.compile","line":775,"method":"compile","native":false},{"column":43,"file":"C:\\development\\projects\\wss\\RCCG\\RCCGApi\\RCCGMobile.Api5\\node_modules\\ts-node\\src\\index.ts","function":"Module.m._compile","line":858,"method":"_compile","native":false},{"column":10,"file":"internal/modules/cjs/loader.js","function":"Module._extensions..js","line":947,"method":".js","native":false},{"column":12,"file":"C:\\development\\projects\\wss\\RCCG\\RCCGApi\\RCCGMobile.Api5\\node_modules\\ts-node\\src\\index.ts","function":"Object.require.extensions.<computed> [as .ts]","line":861,"method":"ts]","native":false},{"column":32,"file":"internal/modules/cjs/loader.js","function":"Module.load","line":790,"method":"load","native":false},{"column":12,"file":"internal/modules/cjs/loader.js","function":"Module._load","line":703,"method":"_load","native":false},{"column":19,"file":"internal/modules/cjs/loader.js","function":"Module.require","line":830,"method":"require","native":false}]}
{"error":{"diagnosticText":"\u001b[96msrc/controllers/PrayerWallController.ts\u001b[0m:\u001b[93m46\u001b[0m:\u001b[93m16\u001b[0m - \u001b[91merror\u001b[0m\u001b[90m TS2339: \u001b[0mProperty 'description' does not exist on type 'PrayerWall'.\r\n\r\n\u001b[7m46\u001b[0m     prayerWall.description = description;\r\n\u001b[7m  \u001b[0m \u001b[91m               ~~~~~~~~~~~\u001b[0m\r\n\u001b[96msrc/controllers/PrayerWallController.ts\u001b[0m:\u001b[93m47\u001b[0m:\u001b[93m26\u001b[0m - \u001b[91merror\u001b[0m\u001b[90m TS2304: \u001b[0mCannot find name 'details'.\r\n\r\n\u001b[7m47\u001b[0m     prayerWall.details = details;\r\n\u001b[7m  \u001b[0m \u001b[91m                         ~~~~~~~\u001b[0m\r\n\u001b[96msrc/controllers/PrayerWallController.ts\u001b[0m:\u001b[93m34\u001b[0m:\u001b[93m67\u001b[0m - \u001b[91merror\u001b[0m\u001b[90m TS1005: \u001b[0m',' expected.\r\n\r\n\u001b[7m34\u001b[0m     const { title, description, prayer_date, start_time, end_time division_id } = req.body;\r\n\u001b[7m  \u001b[0m \u001b[91m                                                                  ~~~~~~~~~~~\u001b[0m\r\n","diagnosticCodes":[2339,2304,1005]},"level":"error","message":"uncaughtException: ⨯ Unable to compile TypeScript:\n\u001b[96msrc/controllers/PrayerWallController.ts\u001b[0m:\u001b[93m46\u001b[0m:\u001b[93m16\u001b[0m - \u001b[91merror\u001b[0m\u001b[90m TS2339: \u001b[0mProperty 'description' does not exist on type 'PrayerWall'.\r\n\r\n\u001b[7m46\u001b[0m     prayerWall.description = description;\r\n\u001b[7m  \u001b[0m \u001b[91m               ~~~~~~~~~~~\u001b[0m\r\n\u001b[96msrc/controllers/PrayerWallController.ts\u001b[0m:\u001b[93m47\u001b[0m:\u001b[93m26\u001b[0m - \u001b[91merror\u001b[0m\u001b[90m TS2304: \u001b[0mCannot find name 'details'.\r\n\r\n\u001b[7m47\u001b[0m     prayerWall.details = details;\r\n\u001b[7m  \u001b[0m \u001b[91m                         ~~~~~~~\u001b[0m\r\n\u001b[96msrc/controllers/PrayerWallController.ts\u001b[0m:\u001b[93m34\u001b[0m:\u001b[93m67\u001b[0m - \u001b[91merror\u001b[0m\u001b[90m TS1005: \u001b[0m',' expected.\r\n\r\n\u001b[7m34\u001b[0m     const { title, description, prayer_date, start_time, end_time division_id } = req.body;\r\n\u001b[7m  \u001b[0m \u001b[91m                                                                  ~~~~~~~~~~~\u001b[0m\r\n\nTSError: ⨯ Unable to compile TypeScript:\n\u001b[96msrc/controllers/PrayerWallController.ts\u001b[0m:\u001b[93m46\u001b[0m:\u001b[93m16\u001b[0m - \u001b[91merror\u001b[0m\u001b[90m TS2339: \u001b[0mProperty 'description' does not exist on type 'PrayerWall'.\r\n\r\n\u001b[7m46\u001b[0m     prayerWall.description = description;\r\n\u001b[7m  \u001b[0m \u001b[91m               ~~~~~~~~~~~\u001b[0m\r\n\u001b[96msrc/controllers/PrayerWallController.ts\u001b[0m:\u001b[93m47\u001b[0m:\u001b[93m26\u001b[0m - \u001b[91merror\u001b[0m\u001b[90m TS2304: \u001b[0mCannot find name 'details'.\r\n\r\n\u001b[7m47\u001b[0m     prayerWall.details = details;\r\n\u001b[7m  \u001b[0m \u001b[91m                         ~~~~~~~\u001b[0m\r\n\u001b[96msrc/controllers/PrayerWallController.ts\u001b[0m:\u001b[93m34\u001b[0m:\u001b[93m67\u001b[0m - \u001b[91merror\u001b[0m\u001b[90m TS1005: \u001b[0m',' expected.\r\n\r\n\u001b[7m34\u001b[0m     const { title, description, prayer_date, start_time, end_time division_id } = req.body;\r\n\u001b[7m  \u001b[0m \u001b[91m                                                                  ~~~~~~~~~~~\u001b[0m\r\n\n    at createTSError (C:\\development\\projects\\wss\\RCCG\\RCCGApi\\RCCGMobile.Api5\\node_modules\\ts-node\\src\\index.ts:434:12)\n    at reportTSError (C:\\development\\projects\\wss\\RCCG\\RCCGApi\\RCCGMobile.Api5\\node_modules\\ts-node\\src\\index.ts:438:19)\n    at getOutput (C:\\development\\projects\\wss\\RCCG\\RCCGApi\\RCCGMobile.Api5\\node_modules\\ts-node\\src\\index.ts:578:36)\n    at Object.compile (C:\\development\\projects\\wss\\RCCG\\RCCGApi\\RCCGMobile.Api5\\node_modules\\ts-node\\src\\index.ts:775:32)\n    at Module.m._compile (C:\\development\\projects\\wss\\RCCG\\RCCGApi\\RCCGMobile.Api5\\node_modules\\ts-node\\src\\index.ts:858:43)\n    at Module._extensions..js (internal/modules/cjs/loader.js:947:10)\n    at Object.require.extensions.<computed> [as .ts] (C:\\development\\projects\\wss\\RCCG\\RCCGApi\\RCCGMobile.Api5\\node_modules\\ts-node\\src\\index.ts:861:12)\n    at Module.load (internal/modules/cjs/loader.js:790:32)\n    at Function.Module._load (internal/modules/cjs/loader.js:703:12)\n    at Module.require (internal/modules/cjs/loader.js:830:19)","stack":"TSError: ⨯ Unable to compile TypeScript:\n\u001b[96msrc/controllers/PrayerWallController.ts\u001b[0m:\u001b[93m46\u001b[0m:\u001b[93m16\u001b[0m - \u001b[91merror\u001b[0m\u001b[90m TS2339: \u001b[0mProperty 'description' does not exist on type 'PrayerWall'.\r\n\r\n\u001b[7m46\u001b[0m     prayerWall.description = description;\r\n\u001b[7m  \u001b[0m \u001b[91m               ~~~~~~~~~~~\u001b[0m\r\n\u001b[96msrc/controllers/PrayerWallController.ts\u001b[0m:\u001b[93m47\u001b[0m:\u001b[93m26\u001b[0m - \u001b[91merror\u001b[0m\u001b[90m TS2304: \u001b[0mCannot find name 'details'.\r\n\r\n\u001b[7m47\u001b[0m     prayerWall.details = details;\r\n\u001b[7m  \u001b[0m \u001b[91m                         ~~~~~~~\u001b[0m\r\n\u001b[96msrc/controllers/PrayerWallController.ts\u001b[0m:\u001b[93m34\u001b[0m:\u001b[93m67\u001b[0m - \u001b[91merror\u001b[0m\u001b[90m TS1005: \u001b[0m',' expected.\r\n\r\n\u001b[7m34\u001b[0m     const { title, description, prayer_date, start_time, end_time division_id } = req.body;\r\n\u001b[7m  \u001b[0m \u001b[91m                                                                  ~~~~~~~~~~~\u001b[0m\r\n\n    at createTSError (C:\\development\\projects\\wss\\RCCG\\RCCGApi\\RCCGMobile.Api5\\node_modules\\ts-node\\src\\index.ts:434:12)\n    at reportTSError (C:\\development\\projects\\wss\\RCCG\\RCCGApi\\RCCGMobile.Api5\\node_modules\\ts-node\\src\\index.ts:438:19)\n    at getOutput (C:\\development\\projects\\wss\\RCCG\\RCCGApi\\RCCGMobile.Api5\\node_modules\\ts-node\\src\\index.ts:578:36)\n    at Object.compile (C:\\development\\projects\\wss\\RCCG\\RCCGApi\\RCCGMobile.Api5\\node_modules\\ts-node\\src\\index.ts:775:32)\n    at Module.m._compile (C:\\development\\projects\\wss\\RCCG\\RCCGApi\\RCCGMobile.Api5\\node_modules\\ts-node\\src\\index.ts:858:43)\n    at Module._extensions..js (internal/modules/cjs/loader.js:947:10)\n    at Object.require.extensions.<computed> [as .ts] (C:\\development\\projects\\wss\\RCCG\\RCCGApi\\RCCGMobile.Api5\\node_modules\\ts-node\\src\\index.ts:861:12)\n    at Module.load (internal/modules/cjs/loader.js:790:32)\n    at Function.Module._load (internal/modules/cjs/loader.js:703:12)\n    at Module.require (internal/modules/cjs/loader.js:830:19)","exception":true,"date":"Thu Mar 25 2021 00:07:02 GMT+0100 (West Africa Standard Time)","process":{"pid":3836,"uid":null,"gid":null,"cwd":"C:\\development\\projects\\wss\\RCCG\\RCCGApi\\RCCGMobile.Api5","execPath":"C:\\Program Files\\nodejs\\node.exe","version":"v12.10.0","argv":["C:\\development\\projects\\wss\\RCCG\\RCCGApi\\RCCGMobile.Api5\\node_modules\\ts-node\\dist\\bin.js","C:\\development\\projects\\wss\\RCCG\\RCCGApi\\RCCGMobile.Api5\\src\\index.ts"],"memoryUsage":{"rss":173228032,"heapTotal":143843328,"heapUsed":124338696,"external":1842840}},"os":{"loadavg":[0,0,0],"uptime":15760},"trace":[{"column":12,"file":"C:\\development\\projects\\wss\\RCCG\\RCCGApi\\RCCGMobile.Api5\\node_modules\\ts-node\\src\\index.ts","function":"createTSError","line":434,"method":null,"native":false},{"column":19,"file":"C:\\development\\projects\\wss\\RCCG\\RCCGApi\\RCCGMobile.Api5\\node_modules\\ts-node\\src\\index.ts","function":"reportTSError","line":438,"method":null,"native":false},{"column":36,"file":"C:\\development\\projects\\wss\\RCCG\\RCCGApi\\RCCGMobile.Api5\\node_modules\\ts-node\\src\\index.ts","function":"getOutput","line":578,"method":null,"native":false},{"column":32,"file":"C:\\development\\projects\\wss\\RCCG\\RCCGApi\\RCCGMobile.Api5\\node_modules\\ts-node\\src\\index.ts","function":"Object.compile","line":775,"method":"compile","native":false},{"column":43,"file":"C:\\development\\projects\\wss\\RCCG\\RCCGApi\\RCCGMobile.Api5\\node_modules\\ts-node\\src\\index.ts","function":"Module.m._compile","line":858,"method":"_compile","native":false},{"column":10,"file":"internal/modules/cjs/loader.js","function":"Module._extensions..js","line":947,"method":".js","native":false},{"column":12,"file":"C:\\development\\projects\\wss\\RCCG\\RCCGApi\\RCCGMobile.Api5\\node_modules\\ts-node\\src\\index.ts","function":"Object.require.extensions.<computed> [as .ts]","line":861,"method":"ts]","native":false},{"column":32,"file":"internal/modules/cjs/loader.js","function":"Module.load","line":790,"method":"load","native":false},{"column":12,"file":"internal/modules/cjs/loader.js","function":"Module._load","line":703,"method":"_load","native":false},{"column":19,"file":"internal/modules/cjs/loader.js","function":"Module.require","line":830,"method":"require","native":false}]}
{"error":{"diagnosticText":"\u001b[96msrc/controllers/PrayerWallController.ts\u001b[0m:\u001b[93m46\u001b[0m:\u001b[93m16\u001b[0m - \u001b[91merror\u001b[0m\u001b[90m TS2339: \u001b[0mProperty 'description' does not exist on type 'PrayerWall'.\r\n\r\n\u001b[7m46\u001b[0m     prayerWall.description = description;\r\n\u001b[7m  \u001b[0m \u001b[91m               ~~~~~~~~~~~\u001b[0m\r\n\u001b[96msrc/controllers/PrayerWallController.ts\u001b[0m:\u001b[93m47\u001b[0m:\u001b[93m26\u001b[0m - \u001b[91merror\u001b[0m\u001b[90m TS2304: \u001b[0mCannot find name 'details'.\r\n\r\n\u001b[7m47\u001b[0m     prayerWall.details = details;\r\n\u001b[7m  \u001b[0m \u001b[91m                         ~~~~~~~\u001b[0m\r\n\u001b[96msrc/controllers/PrayerWallController.ts\u001b[0m:\u001b[93m34\u001b[0m:\u001b[93m67\u001b[0m - \u001b[91merror\u001b[0m\u001b[90m TS1005: \u001b[0m',' expected.\r\n\r\n\u001b[7m34\u001b[0m     const { title, description, prayer_date, start_time, end_time division_id } = req.body;\r\n\u001b[7m  \u001b[0m \u001b[91m                                                                  ~~~~~~~~~~~\u001b[0m\r\n","diagnosticCodes":[2339,2304,1005]},"level":"error","message":"uncaughtException: ⨯ Unable to compile TypeScript:\n\u001b[96msrc/controllers/PrayerWallController.ts\u001b[0m:\u001b[93m46\u001b[0m:\u001b[93m16\u001b[0m - \u001b[91merror\u001b[0m\u001b[90m TS2339: \u001b[0mProperty 'description' does not exist on type 'PrayerWall'.\r\n\r\n\u001b[7m46\u001b[0m     prayerWall.description = description;\r\n\u001b[7m  \u001b[0m \u001b[91m               ~~~~~~~~~~~\u001b[0m\r\n\u001b[96msrc/controllers/PrayerWallController.ts\u001b[0m:\u001b[93m47\u001b[0m:\u001b[93m26\u001b[0m - \u001b[91merror\u001b[0m\u001b[90m TS2304: \u001b[0mCannot find name 'details'.\r\n\r\n\u001b[7m47\u001b[0m     prayerWall.details = details;\r\n\u001b[7m  \u001b[0m \u001b[91m                         ~~~~~~~\u001b[0m\r\n\u001b[96msrc/controllers/PrayerWallController.ts\u001b[0m:\u001b[93m34\u001b[0m:\u001b[93m67\u001b[0m - \u001b[91merror\u001b[0m\u001b[90m TS1005: \u001b[0m',' expected.\r\n\r\n\u001b[7m34\u001b[0m     const { title, description, prayer_date, start_time, end_time division_id } = req.body;\r\n\u001b[7m  \u001b[0m \u001b[91m                                                                  ~~~~~~~~~~~\u001b[0m\r\n\nTSError: ⨯ Unable to compile TypeScript:\n\u001b[96msrc/controllers/PrayerWallController.ts\u001b[0m:\u001b[93m46\u001b[0m:\u001b[93m16\u001b[0m - \u001b[91merror\u001b[0m\u001b[90m TS2339: \u001b[0mProperty 'description' does not exist on type 'PrayerWall'.\r\n\r\n\u001b[7m46\u001b[0m     prayerWall.description = description;\r\n\u001b[7m  \u001b[0m \u001b[91m               ~~~~~~~~~~~\u001b[0m\r\n\u001b[96msrc/controllers/PrayerWallController.ts\u001b[0m:\u001b[93m47\u001b[0m:\u001b[93m26\u001b[0m - \u001b[91merror\u001b[0m\u001b[90m TS2304: \u001b[0mCannot find name 'details'.\r\n\r\n\u001b[7m47\u001b[0m     prayerWall.details = details;\r\n\u001b[7m  \u001b[0m \u001b[91m                         ~~~~~~~\u001b[0m\r\n\u001b[96msrc/controllers/PrayerWallController.ts\u001b[0m:\u001b[93m34\u001b[0m:\u001b[93m67\u001b[0m - \u001b[91merror\u001b[0m\u001b[90m TS1005: \u001b[0m',' expected.\r\n\r\n\u001b[7m34\u001b[0m     const { title, description, prayer_date, start_time, end_time division_id } = req.body;\r\n\u001b[7m  \u001b[0m \u001b[91m                                                                  ~~~~~~~~~~~\u001b[0m\r\n\n    at createTSError (C:\\development\\projects\\wss\\RCCG\\RCCGApi\\RCCGMobile.Api5\\node_modules\\ts-node\\src\\index.ts:434:12)\n    at reportTSError (C:\\development\\projects\\wss\\RCCG\\RCCGApi\\RCCGMobile.Api5\\node_modules\\ts-node\\src\\index.ts:438:19)\n    at getOutput (C:\\development\\projects\\wss\\RCCG\\RCCGApi\\RCCGMobile.Api5\\node_modules\\ts-node\\src\\index.ts:578:36)\n    at Object.compile (C:\\development\\projects\\wss\\RCCG\\RCCGApi\\RCCGMobile.Api5\\node_modules\\ts-node\\src\\index.ts:775:32)\n    at Module.m._compile (C:\\development\\projects\\wss\\RCCG\\RCCGApi\\RCCGMobile.Api5\\node_modules\\ts-node\\src\\index.ts:858:43)\n    at Module._extensions..js (internal/modules/cjs/loader.js:947:10)\n    at Object.require.extensions.<computed> [as .ts] (C:\\development\\projects\\wss\\RCCG\\RCCGApi\\RCCGMobile.Api5\\node_modules\\ts-node\\src\\index.ts:861:12)\n    at Module.load (internal/modules/cjs/loader.js:790:32)\n    at Function.Module._load (internal/modules/cjs/loader.js:703:12)\n    at Module.require (internal/modules/cjs/loader.js:830:19)","stack":"TSError: ⨯ Unable to compile TypeScript:\n\u001b[96msrc/controllers/PrayerWallController.ts\u001b[0m:\u001b[93m46\u001b[0m:\u001b[93m16\u001b[0m - \u001b[91merror\u001b[0m\u001b[90m TS2339: \u001b[0mProperty 'description' does not exist on type 'PrayerWall'.\r\n\r\n\u001b[7m46\u001b[0m     prayerWall.description = description;\r\n\u001b[7m  \u001b[0m \u001b[91m               ~~~~~~~~~~~\u001b[0m\r\n\u001b[96msrc/controllers/PrayerWallController.ts\u001b[0m:\u001b[93m47\u001b[0m:\u001b[93m26\u001b[0m - \u001b[91merror\u001b[0m\u001b[90m TS2304: \u001b[0mCannot find name 'details'.\r\n\r\n\u001b[7m47\u001b[0m     prayerWall.details = details;\r\n\u001b[7m  \u001b[0m \u001b[91m                         ~~~~~~~\u001b[0m\r\n\u001b[96msrc/controllers/PrayerWallController.ts\u001b[0m:\u001b[93m34\u001b[0m:\u001b[93m67\u001b[0m - \u001b[91merror\u001b[0m\u001b[90m TS1005: \u001b[0m',' expected.\r\n\r\n\u001b[7m34\u001b[0m     const { title, description, prayer_date, start_time, end_time division_id } = req.body;\r\n\u001b[7m  \u001b[0m \u001b[91m                                                                  ~~~~~~~~~~~\u001b[0m\r\n\n    at createTSError (C:\\development\\projects\\wss\\RCCG\\RCCGApi\\RCCGMobile.Api5\\node_modules\\ts-node\\src\\index.ts:434:12)\n    at reportTSError (C:\\development\\projects\\wss\\RCCG\\RCCGApi\\RCCGMobile.Api5\\node_modules\\ts-node\\src\\index.ts:438:19)\n    at getOutput (C:\\development\\projects\\wss\\RCCG\\RCCGApi\\RCCGMobile.Api5\\node_modules\\ts-node\\src\\index.ts:578:36)\n    at Object.compile (C:\\development\\projects\\wss\\RCCG\\RCCGApi\\RCCGMobile.Api5\\node_modules\\ts-node\\src\\index.ts:775:32)\n    at Module.m._compile (C:\\development\\projects\\wss\\RCCG\\RCCGApi\\RCCGMobile.Api5\\node_modules\\ts-node\\src\\index.ts:858:43)\n    at Module._extensions..js (internal/modules/cjs/loader.js:947:10)\n    at Object.require.extensions.<computed> [as .ts] (C:\\development\\projects\\wss\\RCCG\\RCCGApi\\RCCGMobile.Api5\\node_modules\\ts-node\\src\\index.ts:861:12)\n    at Module.load (internal/modules/cjs/loader.js:790:32)\n    at Function.Module._load (internal/modules/cjs/loader.js:703:12)\n    at Module.require (internal/modules/cjs/loader.js:830:19)","exception":true,"date":"Thu Mar 25 2021 00:07:19 GMT+0100 (West Africa Standard Time)","process":{"pid":5452,"uid":null,"gid":null,"cwd":"C:\\development\\projects\\wss\\RCCG\\RCCGApi\\RCCGMobile.Api5","execPath":"C:\\Program Files\\nodejs\\node.exe","version":"v12.10.0","argv":["C:\\development\\projects\\wss\\RCCG\\RCCGApi\\RCCGMobile.Api5\\node_modules\\ts-node\\dist\\bin.js","C:\\development\\projects\\wss\\RCCG\\RCCGApi\\RCCGMobile.Api5\\src\\index.ts"],"memoryUsage":{"rss":171036672,"heapTotal":143843328,"heapUsed":123995584,"external":1842840}},"os":{"loadavg":[0,0,0],"uptime":15778},"trace":[{"column":12,"file":"C:\\development\\projects\\wss\\RCCG\\RCCGApi\\RCCGMobile.Api5\\node_modules\\ts-node\\src\\index.ts","function":"createTSError","line":434,"method":null,"native":false},{"column":19,"file":"C:\\development\\projects\\wss\\RCCG\\RCCGApi\\RCCGMobile.Api5\\node_modules\\ts-node\\src\\index.ts","function":"reportTSError","line":438,"method":null,"native":false},{"column":36,"file":"C:\\development\\projects\\wss\\RCCG\\RCCGApi\\RCCGMobile.Api5\\node_modules\\ts-node\\src\\index.ts","function":"getOutput","line":578,"method":null,"native":false},{"column":32,"file":"C:\\development\\projects\\wss\\RCCG\\RCCGApi\\RCCGMobile.Api5\\node_modules\\ts-node\\src\\index.ts","function":"Object.compile","line":775,"method":"compile","native":false},{"column":43,"file":"C:\\development\\projects\\wss\\RCCG\\RCCGApi\\RCCGMobile.Api5\\node_modules\\ts-node\\src\\index.ts","function":"Module.m._compile","line":858,"method":"_compile","native":false},{"column":10,"file":"internal/modules/cjs/loader.js","function":"Module._extensions..js","line":947,"method":".js","native":false},{"column":12,"file":"C:\\development\\projects\\wss\\RCCG\\RCCGApi\\RCCGMobile.Api5\\node_modules\\ts-node\\src\\index.ts","function":"Object.require.extensions.<computed> [as .ts]","line":861,"method":"ts]","native":false},{"column":32,"file":"internal/modules/cjs/loader.js","function":"Module.load","line":790,"method":"load","native":false},{"column":12,"file":"internal/modules/cjs/loader.js","function":"Module._load","line":703,"method":"_load","native":false},{"column":19,"file":"internal/modules/cjs/loader.js","function":"Module.require","line":830,"method":"require","native":false}]}
{"error":{"diagnosticText":"\u001b[96msrc/controllers/PrayerWallController.ts\u001b[0m:\u001b[93m46\u001b[0m:\u001b[93m16\u001b[0m - \u001b[91merror\u001b[0m\u001b[90m TS2339: \u001b[0mProperty 'description' does not exist on type 'PrayerWall'.\r\n\r\n\u001b[7m46\u001b[0m     prayerWall.description = description;\r\n\u001b[7m  \u001b[0m \u001b[91m               ~~~~~~~~~~~\u001b[0m\r\n\u001b[96msrc/controllers/PrayerWallController.ts\u001b[0m:\u001b[93m47\u001b[0m:\u001b[93m26\u001b[0m - \u001b[91merror\u001b[0m\u001b[90m TS2304: \u001b[0mCannot find name 'details'.\r\n\r\n\u001b[7m47\u001b[0m     prayerWall.details = details;\r\n\u001b[7m  \u001b[0m \u001b[91m                         ~~~~~~~\u001b[0m\r\n\u001b[96msrc/controllers/PrayerWallController.ts\u001b[0m:\u001b[93m34\u001b[0m:\u001b[93m67\u001b[0m - \u001b[91merror\u001b[0m\u001b[90m TS1005: \u001b[0m',' expected.\r\n\r\n\u001b[7m34\u001b[0m     const { title, description, prayer_date, start_time, end_time division_id } = req.body;\r\n\u001b[7m  \u001b[0m \u001b[91m                                                                  ~~~~~~~~~~~\u001b[0m\r\n","diagnosticCodes":[2339,2304,1005]},"level":"error","message":"uncaughtException: ⨯ Unable to compile TypeScript:\n\u001b[96msrc/controllers/PrayerWallController.ts\u001b[0m:\u001b[93m46\u001b[0m:\u001b[93m16\u001b[0m - \u001b[91merror\u001b[0m\u001b[90m TS2339: \u001b[0mProperty 'description' does not exist on type 'PrayerWall'.\r\n\r\n\u001b[7m46\u001b[0m     prayerWall.description = description;\r\n\u001b[7m  \u001b[0m \u001b[91m               ~~~~~~~~~~~\u001b[0m\r\n\u001b[96msrc/controllers/PrayerWallController.ts\u001b[0m:\u001b[93m47\u001b[0m:\u001b[93m26\u001b[0m - \u001b[91merror\u001b[0m\u001b[90m TS2304: \u001b[0mCannot find name 'details'.\r\n\r\n\u001b[7m47\u001b[0m     prayerWall.details = details;\r\n\u001b[7m  \u001b[0m \u001b[91m                         ~~~~~~~\u001b[0m\r\n\u001b[96msrc/controllers/PrayerWallController.ts\u001b[0m:\u001b[93m34\u001b[0m:\u001b[93m67\u001b[0m - \u001b[91merror\u001b[0m\u001b[90m TS1005: \u001b[0m',' expected.\r\n\r\n\u001b[7m34\u001b[0m     const { title, description, prayer_date, start_time, end_time division_id } = req.body;\r\n\u001b[7m  \u001b[0m \u001b[91m                                                                  ~~~~~~~~~~~\u001b[0m\r\n\nTSError: ⨯ Unable to compile TypeScript:\n\u001b[96msrc/controllers/PrayerWallController.ts\u001b[0m:\u001b[93m46\u001b[0m:\u001b[93m16\u001b[0m - \u001b[91merror\u001b[0m\u001b[90m TS2339: \u001b[0mProperty 'description' does not exist on type 'PrayerWall'.\r\n\r\n\u001b[7m46\u001b[0m     prayerWall.description = description;\r\n\u001b[7m  \u001b[0m \u001b[91m               ~~~~~~~~~~~\u001b[0m\r\n\u001b[96msrc/controllers/PrayerWallController.ts\u001b[0m:\u001b[93m47\u001b[0m:\u001b[93m26\u001b[0m - \u001b[91merror\u001b[0m\u001b[90m TS2304: \u001b[0mCannot find name 'details'.\r\n\r\n\u001b[7m47\u001b[0m     prayerWall.details = details;\r\n\u001b[7m  \u001b[0m \u001b[91m                         ~~~~~~~\u001b[0m\r\n\u001b[96msrc/controllers/PrayerWallController.ts\u001b[0m:\u001b[93m34\u001b[0m:\u001b[93m67\u001b[0m - \u001b[91merror\u001b[0m\u001b[90m TS1005: \u001b[0m',' expected.\r\n\r\n\u001b[7m34\u001b[0m     const { title, description, prayer_date, start_time, end_time division_id } = req.body;\r\n\u001b[7m  \u001b[0m \u001b[91m                                                                  ~~~~~~~~~~~\u001b[0m\r\n\n    at createTSError (C:\\development\\projects\\wss\\RCCG\\RCCGApi\\RCCGMobile.Api5\\node_modules\\ts-node\\src\\index.ts:434:12)\n    at reportTSError (C:\\development\\projects\\wss\\RCCG\\RCCGApi\\RCCGMobile.Api5\\node_modules\\ts-node\\src\\index.ts:438:19)\n    at getOutput (C:\\development\\projects\\wss\\RCCG\\RCCGApi\\RCCGMobile.Api5\\node_modules\\ts-node\\src\\index.ts:578:36)\n    at Object.compile (C:\\development\\projects\\wss\\RCCG\\RCCGApi\\RCCGMobile.Api5\\node_modules\\ts-node\\src\\index.ts:775:32)\n    at Module.m._compile (C:\\development\\projects\\wss\\RCCG\\RCCGApi\\RCCGMobile.Api5\\node_modules\\ts-node\\src\\index.ts:858:43)\n    at Module._extensions..js (internal/modules/cjs/loader.js:947:10)\n    at Object.require.extensions.<computed> [as .ts] (C:\\development\\projects\\wss\\RCCG\\RCCGApi\\RCCGMobile.Api5\\node_modules\\ts-node\\src\\index.ts:861:12)\n    at Module.load (internal/modules/cjs/loader.js:790:32)\n    at Function.Module._load (internal/modules/cjs/loader.js:703:12)\n    at Module.require (internal/modules/cjs/loader.js:830:19)","stack":"TSError: ⨯ Unable to compile TypeScript:\n\u001b[96msrc/controllers/PrayerWallController.ts\u001b[0m:\u001b[93m46\u001b[0m:\u001b[93m16\u001b[0m - \u001b[91merror\u001b[0m\u001b[90m TS2339: \u001b[0mProperty 'description' does not exist on type 'PrayerWall'.\r\n\r\n\u001b[7m46\u001b[0m     prayerWall.description = description;\r\n\u001b[7m  \u001b[0m \u001b[91m               ~~~~~~~~~~~\u001b[0m\r\n\u001b[96msrc/controllers/PrayerWallController.ts\u001b[0m:\u001b[93m47\u001b[0m:\u001b[93m26\u001b[0m - \u001b[91merror\u001b[0m\u001b[90m TS2304: \u001b[0mCannot find name 'details'.\r\n\r\n\u001b[7m47\u001b[0m     prayerWall.details = details;\r\n\u001b[7m  \u001b[0m \u001b[91m                         ~~~~~~~\u001b[0m\r\n\u001b[96msrc/controllers/PrayerWallController.ts\u001b[0m:\u001b[93m34\u001b[0m:\u001b[93m67\u001b[0m - \u001b[91merror\u001b[0m\u001b[90m TS1005: \u001b[0m',' expected.\r\n\r\n\u001b[7m34\u001b[0m     const { title, description, prayer_date, start_time, end_time division_id } = req.body;\r\n\u001b[7m  \u001b[0m \u001b[91m                                                                  ~~~~~~~~~~~\u001b[0m\r\n\n    at createTSError (C:\\development\\projects\\wss\\RCCG\\RCCGApi\\RCCGMobile.Api5\\node_modules\\ts-node\\src\\index.ts:434:12)\n    at reportTSError (C:\\development\\projects\\wss\\RCCG\\RCCGApi\\RCCGMobile.Api5\\node_modules\\ts-node\\src\\index.ts:438:19)\n    at getOutput (C:\\development\\projects\\wss\\RCCG\\RCCGApi\\RCCGMobile.Api5\\node_modules\\ts-node\\src\\index.ts:578:36)\n    at Object.compile (C:\\development\\projects\\wss\\RCCG\\RCCGApi\\RCCGMobile.Api5\\node_modules\\ts-node\\src\\index.ts:775:32)\n    at Module.m._compile (C:\\development\\projects\\wss\\RCCG\\RCCGApi\\RCCGMobile.Api5\\node_modules\\ts-node\\src\\index.ts:858:43)\n    at Module._extensions..js (internal/modules/cjs/loader.js:947:10)\n    at Object.require.extensions.<computed> [as .ts] (C:\\development\\projects\\wss\\RCCG\\RCCGApi\\RCCGMobile.Api5\\node_modules\\ts-node\\src\\index.ts:861:12)\n    at Module.load (internal/modules/cjs/loader.js:790:32)\n    at Function.Module._load (internal/modules/cjs/loader.js:703:12)\n    at Module.require (internal/modules/cjs/loader.js:830:19)","exception":true,"date":"Thu Mar 25 2021 00:10:40 GMT+0100 (West Africa Standard Time)","process":{"pid":13188,"uid":null,"gid":null,"cwd":"C:\\development\\projects\\wss\\RCCG\\RCCGApi\\RCCGMobile.Api5","execPath":"C:\\Program Files\\nodejs\\node.exe","version":"v12.10.0","argv":["C:\\development\\projects\\wss\\RCCG\\RCCGApi\\RCCGMobile.Api5\\node_modules\\ts-node\\dist\\bin.js","C:\\development\\projects\\wss\\RCCG\\RCCGApi\\RCCGMobile.Api5\\src\\index.ts"],"memoryUsage":{"rss":171868160,"heapTotal":143843328,"heapUsed":123907680,"external":1842840}},"os":{"loadavg":[0,0,0],"uptime":15979},"trace":[{"column":12,"file":"C:\\development\\projects\\wss\\RCCG\\RCCGApi\\RCCGMobile.Api5\\node_modules\\ts-node\\src\\index.ts","function":"createTSError","line":434,"method":null,"native":false},{"column":19,"file":"C:\\development\\projects\\wss\\RCCG\\RCCGApi\\RCCGMobile.Api5\\node_modules\\ts-node\\src\\index.ts","function":"reportTSError","line":438,"method":null,"native":false},{"column":36,"file":"C:\\development\\projects\\wss\\RCCG\\RCCGApi\\RCCGMobile.Api5\\node_modules\\ts-node\\src\\index.ts","function":"getOutput","line":578,"method":null,"native":false},{"column":32,"file":"C:\\development\\projects\\wss\\RCCG\\RCCGApi\\RCCGMobile.Api5\\node_modules\\ts-node\\src\\index.ts","function":"Object.compile","line":775,"method":"compile","native":false},{"column":43,"file":"C:\\development\\projects\\wss\\RCCG\\RCCGApi\\RCCGMobile.Api5\\node_modules\\ts-node\\src\\index.ts","function":"Module.m._compile","line":858,"method":"_compile","native":false},{"column":10,"file":"internal/modules/cjs/loader.js","function":"Module._extensions..js","line":947,"method":".js","native":false},{"column":12,"file":"C:\\development\\projects\\wss\\RCCG\\RCCGApi\\RCCGMobile.Api5\\node_modules\\ts-node\\src\\index.ts","function":"Object.require.extensions.<computed> [as .ts]","line":861,"method":"ts]","native":false},{"column":32,"file":"internal/modules/cjs/loader.js","function":"Module.load","line":790,"method":"load","native":false},{"column":12,"file":"internal/modules/cjs/loader.js","function":"Module._load","line":703,"method":"_load","native":false},{"column":19,"file":"internal/modules/cjs/loader.js","function":"Module.require","line":830,"method":"require","native":false}]}
{"error":{"diagnosticText":"\u001b[96msrc/controllers/PrayerWallController.ts\u001b[0m:\u001b[93m35\u001b[0m:\u001b[93m67\u001b[0m - \u001b[91merror\u001b[0m\u001b[90m TS1005: \u001b[0m',' expected.\r\n\r\n\u001b[7m35\u001b[0m     const { title, description, prayer_date, start_time, end_time division_id } = req.body;\r\n\u001b[7m  \u001b[0m \u001b[91m                                                                  ~~~~~~~~~~~\u001b[0m\r\n","diagnosticCodes":[1005]},"level":"error","message":"uncaughtException: ⨯ Unable to compile TypeScript:\n\u001b[96msrc/controllers/PrayerWallController.ts\u001b[0m:\u001b[93m35\u001b[0m:\u001b[93m67\u001b[0m - \u001b[91merror\u001b[0m\u001b[90m TS1005: \u001b[0m',' expected.\r\n\r\n\u001b[7m35\u001b[0m     const { title, description, prayer_date, start_time, end_time division_id } = req.body;\r\n\u001b[7m  \u001b[0m \u001b[91m                                                                  ~~~~~~~~~~~\u001b[0m\r\n\nTSError: ⨯ Unable to compile TypeScript:\n\u001b[96msrc/controllers/PrayerWallController.ts\u001b[0m:\u001b[93m35\u001b[0m:\u001b[93m67\u001b[0m - \u001b[91merror\u001b[0m\u001b[90m TS1005: \u001b[0m',' expected.\r\n\r\n\u001b[7m35\u001b[0m     const { title, description, prayer_date, start_time, end_time division_id } = req.body;\r\n\u001b[7m  \u001b[0m \u001b[91m                                                                  ~~~~~~~~~~~\u001b[0m\r\n\n    at createTSError (C:\\development\\projects\\wss\\RCCG\\RCCGApi\\RCCGMobile.Api5\\node_modules\\ts-node\\src\\index.ts:434:12)\n    at reportTSError (C:\\development\\projects\\wss\\RCCG\\RCCGApi\\RCCGMobile.Api5\\node_modules\\ts-node\\src\\index.ts:438:19)\n    at getOutput (C:\\development\\projects\\wss\\RCCG\\RCCGApi\\RCCGMobile.Api5\\node_modules\\ts-node\\src\\index.ts:578:36)\n    at Object.compile (C:\\development\\projects\\wss\\RCCG\\RCCGApi\\RCCGMobile.Api5\\node_modules\\ts-node\\src\\index.ts:775:32)\n    at Module.m._compile (C:\\development\\projects\\wss\\RCCG\\RCCGApi\\RCCGMobile.Api5\\node_modules\\ts-node\\src\\index.ts:858:43)\n    at Module._extensions..js (internal/modules/cjs/loader.js:947:10)\n    at Object.require.extensions.<computed> [as .ts] (C:\\development\\projects\\wss\\RCCG\\RCCGApi\\RCCGMobile.Api5\\node_modules\\ts-node\\src\\index.ts:861:12)\n    at Module.load (internal/modules/cjs/loader.js:790:32)\n    at Function.Module._load (internal/modules/cjs/loader.js:703:12)\n    at Module.require (internal/modules/cjs/loader.js:830:19)","stack":"TSError: ⨯ Unable to compile TypeScript:\n\u001b[96msrc/controllers/PrayerWallController.ts\u001b[0m:\u001b[93m35\u001b[0m:\u001b[93m67\u001b[0m - \u001b[91merror\u001b[0m\u001b[90m TS1005: \u001b[0m',' expected.\r\n\r\n\u001b[7m35\u001b[0m     const { title, description, prayer_date, start_time, end_time division_id } = req.body;\r\n\u001b[7m  \u001b[0m \u001b[91m                                                                  ~~~~~~~~~~~\u001b[0m\r\n\n    at createTSError (C:\\development\\projects\\wss\\RCCG\\RCCGApi\\RCCGMobile.Api5\\node_modules\\ts-node\\src\\index.ts:434:12)\n    at reportTSError (C:\\development\\projects\\wss\\RCCG\\RCCGApi\\RCCGMobile.Api5\\node_modules\\ts-node\\src\\index.ts:438:19)\n    at getOutput (C:\\development\\projects\\wss\\RCCG\\RCCGApi\\RCCGMobile.Api5\\node_modules\\ts-node\\src\\index.ts:578:36)\n    at Object.compile (C:\\development\\projects\\wss\\RCCG\\RCCGApi\\RCCGMobile.Api5\\node_modules\\ts-node\\src\\index.ts:775:32)\n    at Module.m._compile (C:\\development\\projects\\wss\\RCCG\\RCCGApi\\RCCGMobile.Api5\\node_modules\\ts-node\\src\\index.ts:858:43)\n    at Module._extensions..js (internal/modules/cjs/loader.js:947:10)\n    at Object.require.extensions.<computed> [as .ts] (C:\\development\\projects\\wss\\RCCG\\RCCGApi\\RCCGMobile.Api5\\node_modules\\ts-node\\src\\index.ts:861:12)\n    at Module.load (internal/modules/cjs/loader.js:790:32)\n    at Function.Module._load (internal/modules/cjs/loader.js:703:12)\n    at Module.require (internal/modules/cjs/loader.js:830:19)","exception":true,"date":"Thu Mar 25 2021 00:11:46 GMT+0100 (West Africa Standard Time)","process":{"pid":17304,"uid":null,"gid":null,"cwd":"C:\\development\\projects\\wss\\RCCG\\RCCGApi\\RCCGMobile.Api5","execPath":"C:\\Program Files\\nodejs\\node.exe","version":"v12.10.0","argv":["C:\\development\\projects\\wss\\RCCG\\RCCGApi\\RCCGMobile.Api5\\node_modules\\ts-node\\dist\\bin.js","C:\\development\\projects\\wss\\RCCG\\RCCGApi\\RCCGMobile.Api5\\src\\index.ts"],"memoryUsage":{"rss":171458560,"heapTotal":143581184,"heapUsed":123457904,"external":1842897}},"os":{"loadavg":[0,0,0],"uptime":16045},"trace":[{"column":12,"file":"C:\\development\\projects\\wss\\RCCG\\RCCGApi\\RCCGMobile.Api5\\node_modules\\ts-node\\src\\index.ts","function":"createTSError","line":434,"method":null,"native":false},{"column":19,"file":"C:\\development\\projects\\wss\\RCCG\\RCCGApi\\RCCGMobile.Api5\\node_modules\\ts-node\\src\\index.ts","function":"reportTSError","line":438,"method":null,"native":false},{"column":36,"file":"C:\\development\\projects\\wss\\RCCG\\RCCGApi\\RCCGMobile.Api5\\node_modules\\ts-node\\src\\index.ts","function":"getOutput","line":578,"method":null,"native":false},{"column":32,"file":"C:\\development\\projects\\wss\\RCCG\\RCCGApi\\RCCGMobile.Api5\\node_modules\\ts-node\\src\\index.ts","function":"Object.compile","line":775,"method":"compile","native":false},{"column":43,"file":"C:\\development\\projects\\wss\\RCCG\\RCCGApi\\RCCGMobile.Api5\\node_modules\\ts-node\\src\\index.ts","function":"Module.m._compile","line":858,"method":"_compile","native":false},{"column":10,"file":"internal/modules/cjs/loader.js","function":"Module._extensions..js","line":947,"method":".js","native":false},{"column":12,"file":"C:\\development\\projects\\wss\\RCCG\\RCCGApi\\RCCGMobile.Api5\\node_modules\\ts-node\\src\\index.ts","function":"Object.require.extensions.<computed> [as .ts]","line":861,"method":"ts]","native":false},{"column":32,"file":"internal/modules/cjs/loader.js","function":"Module.load","line":790,"method":"load","native":false},{"column":12,"file":"internal/modules/cjs/loader.js","function":"Module._load","line":703,"method":"_load","native":false},{"column":19,"file":"internal/modules/cjs/loader.js","function":"Module.require","line":830,"method":"require","native":false}]}
{"message":"🚀 Server ready at http://localhost:6100 for REST APIs","level":"info"}
{"message":"🚀 Server ready at http://localhost:2178 for REST APIs","level":"info"}
{"message":"------------ Type orm connection successful! ----------","level":"info"}
{"error":{"diagnosticText":"\u001b[96msrc/controllers/PrayerWallController.ts\u001b[0m:\u001b[93m48\u001b[0m:\u001b[93m21\u001b[0m - \u001b[91merror\u001b[0m\u001b[90m TS2551: \u001b[0mProperty 'start_time' does not exist on type 'PrayerWallGroup'. Did you mean 'start_date'?\r\n\r\n\u001b[7m48\u001b[0m     prayerWallGroup.start_time = start_time;\r\n\u001b[7m  \u001b[0m \u001b[91m                    ~~~~~~~~~~\u001b[0m\r\n\r\n  \u001b[96msrc/entity/PrayerWallGroup.ts\u001b[0m:\u001b[93m21\u001b[0m:\u001b[93m3\u001b[0m\r\n    \u001b[7m21\u001b[0m   start_date: string;\r\n    \u001b[7m  \u001b[0m \u001b[96m  ~~~~~~~~~~\u001b[0m\r\n    'start_date' is declared here.\r\n","diagnosticCodes":[2551]},"level":"error","message":"uncaughtException: ⨯ Unable to compile TypeScript:\n\u001b[96msrc/controllers/PrayerWallController.ts\u001b[0m:\u001b[93m48\u001b[0m:\u001b[93m21\u001b[0m - \u001b[91merror\u001b[0m\u001b[90m TS2551: \u001b[0mProperty 'start_time' does not exist on type 'PrayerWallGroup'. Did you mean 'start_date'?\r\n\r\n\u001b[7m48\u001b[0m     prayerWallGroup.start_time = start_time;\r\n\u001b[7m  \u001b[0m \u001b[91m                    ~~~~~~~~~~\u001b[0m\r\n\r\n  \u001b[96msrc/entity/PrayerWallGroup.ts\u001b[0m:\u001b[93m21\u001b[0m:\u001b[93m3\u001b[0m\r\n    \u001b[7m21\u001b[0m   start_date: string;\r\n    \u001b[7m  \u001b[0m \u001b[96m  ~~~~~~~~~~\u001b[0m\r\n    'start_date' is declared here.\r\n\nTSError: ⨯ Unable to compile TypeScript:\n\u001b[96msrc/controllers/PrayerWallController.ts\u001b[0m:\u001b[93m48\u001b[0m:\u001b[93m21\u001b[0m - \u001b[91merror\u001b[0m\u001b[90m TS2551: \u001b[0mProperty 'start_time' does not exist on type 'PrayerWallGroup'. Did you mean 'start_date'?\r\n\r\n\u001b[7m48\u001b[0m     prayerWallGroup.start_time = start_time;\r\n\u001b[7m  \u001b[0m \u001b[91m                    ~~~~~~~~~~\u001b[0m\r\n\r\n  \u001b[96msrc/entity/PrayerWallGroup.ts\u001b[0m:\u001b[93m21\u001b[0m:\u001b[93m3\u001b[0m\r\n    \u001b[7m21\u001b[0m   start_date: string;\r\n    \u001b[7m  \u001b[0m \u001b[96m  ~~~~~~~~~~\u001b[0m\r\n    'start_date' is declared here.\r\n\n    at createTSError (C:\\development\\projects\\wss\\RCCG\\RCCGApi\\RCCGMobile.Api5\\node_modules\\ts-node\\src\\index.ts:434:12)\n    at reportTSError (C:\\development\\projects\\wss\\RCCG\\RCCGApi\\RCCGMobile.Api5\\node_modules\\ts-node\\src\\index.ts:438:19)\n    at getOutput (C:\\development\\projects\\wss\\RCCG\\RCCGApi\\RCCGMobile.Api5\\node_modules\\ts-node\\src\\index.ts:578:36)\n    at Object.compile (C:\\development\\projects\\wss\\RCCG\\RCCGApi\\RCCGMobile.Api5\\node_modules\\ts-node\\src\\index.ts:775:32)\n    at Module.m._compile (C:\\development\\projects\\wss\\RCCG\\RCCGApi\\RCCGMobile.Api5\\node_modules\\ts-node\\src\\index.ts:858:43)\n    at Module._extensions..js (internal/modules/cjs/loader.js:947:10)\n    at Object.require.extensions.<computed> [as .ts] (C:\\development\\projects\\wss\\RCCG\\RCCGApi\\RCCGMobile.Api5\\node_modules\\ts-node\\src\\index.ts:861:12)\n    at Module.load (internal/modules/cjs/loader.js:790:32)\n    at Function.Module._load (internal/modules/cjs/loader.js:703:12)\n    at Module.require (internal/modules/cjs/loader.js:830:19)","stack":"TSError: ⨯ Unable to compile TypeScript:\n\u001b[96msrc/controllers/PrayerWallController.ts\u001b[0m:\u001b[93m48\u001b[0m:\u001b[93m21\u001b[0m - \u001b[91merror\u001b[0m\u001b[90m TS2551: \u001b[0mProperty 'start_time' does not exist on type 'PrayerWallGroup'. Did you mean 'start_date'?\r\n\r\n\u001b[7m48\u001b[0m     prayerWallGroup.start_time = start_time;\r\n\u001b[7m  \u001b[0m \u001b[91m                    ~~~~~~~~~~\u001b[0m\r\n\r\n  \u001b[96msrc/entity/PrayerWallGroup.ts\u001b[0m:\u001b[93m21\u001b[0m:\u001b[93m3\u001b[0m\r\n    \u001b[7m21\u001b[0m   start_date: string;\r\n    \u001b[7m  \u001b[0m \u001b[96m  ~~~~~~~~~~\u001b[0m\r\n    'start_date' is declared here.\r\n\n    at createTSError (C:\\development\\projects\\wss\\RCCG\\RCCGApi\\RCCGMobile.Api5\\node_modules\\ts-node\\src\\index.ts:434:12)\n    at reportTSError (C:\\development\\projects\\wss\\RCCG\\RCCGApi\\RCCGMobile.Api5\\node_modules\\ts-node\\src\\index.ts:438:19)\n    at getOutput (C:\\development\\projects\\wss\\RCCG\\RCCGApi\\RCCGMobile.Api5\\node_modules\\ts-node\\src\\index.ts:578:36)\n    at Object.compile (C:\\development\\projects\\wss\\RCCG\\RCCGApi\\RCCGMobile.Api5\\node_modules\\ts-node\\src\\index.ts:775:32)\n    at Module.m._compile (C:\\development\\projects\\wss\\RCCG\\RCCGApi\\RCCGMobile.Api5\\node_modules\\ts-node\\src\\index.ts:858:43)\n    at Module._extensions..js (internal/modules/cjs/loader.js:947:10)\n    at Object.require.extensions.<computed> [as .ts] (C:\\development\\projects\\wss\\RCCG\\RCCGApi\\RCCGMobile.Api5\\node_modules\\ts-node\\src\\index.ts:861:12)\n    at Module.load (internal/modules/cjs/loader.js:790:32)\n    at Function.Module._load (internal/modules/cjs/loader.js:703:12)\n    at Module.require (internal/modules/cjs/loader.js:830:19)","exception":true,"date":"Thu Mar 25 2021 00:18:27 GMT+0100 (West Africa Standard Time)","process":{"pid":18256,"uid":null,"gid":null,"cwd":"C:\\development\\projects\\wss\\RCCG\\RCCGApi\\RCCGMobile.Api5","execPath":"C:\\Program Files\\nodejs\\node.exe","version":"v12.10.0","argv":["C:\\development\\projects\\wss\\RCCG\\RCCGApi\\RCCGMobile.Api5\\node_modules\\ts-node\\dist\\bin.js","C:\\development\\projects\\wss\\RCCG\\RCCGApi\\RCCGMobile.Api5\\src\\index.ts"],"memoryUsage":{"rss":171696128,"heapTotal":144023552,"heapUsed":124074016,"external":1851217}},"os":{"loadavg":[0,0,0],"uptime":16446},"trace":[{"column":12,"file":"C:\\development\\projects\\wss\\RCCG\\RCCGApi\\RCCGMobile.Api5\\node_modules\\ts-node\\src\\index.ts","function":"createTSError","line":434,"method":null,"native":false},{"column":19,"file":"C:\\development\\projects\\wss\\RCCG\\RCCGApi\\RCCGMobile.Api5\\node_modules\\ts-node\\src\\index.ts","function":"reportTSError","line":438,"method":null,"native":false},{"column":36,"file":"C:\\development\\projects\\wss\\RCCG\\RCCGApi\\RCCGMobile.Api5\\node_modules\\ts-node\\src\\index.ts","function":"getOutput","line":578,"method":null,"native":false},{"column":32,"file":"C:\\development\\projects\\wss\\RCCG\\RCCGApi\\RCCGMobile.Api5\\node_modules\\ts-node\\src\\index.ts","function":"Object.compile","line":775,"method":"compile","native":false},{"column":43,"file":"C:\\development\\projects\\wss\\RCCG\\RCCGApi\\RCCGMobile.Api5\\node_modules\\ts-node\\src\\index.ts","function":"Module.m._compile","line":858,"method":"_compile","native":false},{"column":10,"file":"internal/modules/cjs/loader.js","function":"Module._extensions..js","line":947,"method":".js","native":false},{"column":12,"file":"C:\\development\\projects\\wss\\RCCG\\RCCGApi\\RCCGMobile.Api5\\node_modules\\ts-node\\src\\index.ts","function":"Object.require.extensions.<computed> [as .ts]","line":861,"method":"ts]","native":false},{"column":32,"file":"internal/modules/cjs/loader.js","function":"Module.load","line":790,"method":"load","native":false},{"column":12,"file":"internal/modules/cjs/loader.js","function":"Module._load","line":703,"method":"_load","native":false},{"column":19,"file":"internal/modules/cjs/loader.js","function":"Module.require","line":830,"method":"require","native":false}]}
{"error":{"diagnosticText":"\u001b[96msrc/controllers/PrayerWallController.ts\u001b[0m:\u001b[93m48\u001b[0m:\u001b[93m21\u001b[0m - \u001b[91merror\u001b[0m\u001b[90m TS2551: \u001b[0mProperty 'start_time' does not exist on type 'PrayerWallGroup'. Did you mean 'start_date'?\r\n\r\n\u001b[7m48\u001b[0m     prayerWallGroup.start_time = start_time;\r\n\u001b[7m  \u001b[0m \u001b[91m                    ~~~~~~~~~~\u001b[0m\r\n\r\n  \u001b[96msrc/entity/PrayerWallGroup.ts\u001b[0m:\u001b[93m21\u001b[0m:\u001b[93m3\u001b[0m\r\n    \u001b[7m21\u001b[0m   start_date: string;\r\n    \u001b[7m  \u001b[0m \u001b[96m  ~~~~~~~~~~\u001b[0m\r\n    'start_date' is declared here.\r\n","diagnosticCodes":[2551]},"level":"error","message":"uncaughtException: ⨯ Unable to compile TypeScript:\n\u001b[96msrc/controllers/PrayerWallController.ts\u001b[0m:\u001b[93m48\u001b[0m:\u001b[93m21\u001b[0m - \u001b[91merror\u001b[0m\u001b[90m TS2551: \u001b[0mProperty 'start_time' does not exist on type 'PrayerWallGroup'. Did you mean 'start_date'?\r\n\r\n\u001b[7m48\u001b[0m     prayerWallGroup.start_time = start_time;\r\n\u001b[7m  \u001b[0m \u001b[91m                    ~~~~~~~~~~\u001b[0m\r\n\r\n  \u001b[96msrc/entity/PrayerWallGroup.ts\u001b[0m:\u001b[93m21\u001b[0m:\u001b[93m3\u001b[0m\r\n    \u001b[7m21\u001b[0m   start_date: string;\r\n    \u001b[7m  \u001b[0m \u001b[96m  ~~~~~~~~~~\u001b[0m\r\n    'start_date' is declared here.\r\n\nTSError: ⨯ Unable to compile TypeScript:\n\u001b[96msrc/controllers/PrayerWallController.ts\u001b[0m:\u001b[93m48\u001b[0m:\u001b[93m21\u001b[0m - \u001b[91merror\u001b[0m\u001b[90m TS2551: \u001b[0mProperty 'start_time' does not exist on type 'PrayerWallGroup'. Did you mean 'start_date'?\r\n\r\n\u001b[7m48\u001b[0m     prayerWallGroup.start_time = start_time;\r\n\u001b[7m  \u001b[0m \u001b[91m                    ~~~~~~~~~~\u001b[0m\r\n\r\n  \u001b[96msrc/entity/PrayerWallGroup.ts\u001b[0m:\u001b[93m21\u001b[0m:\u001b[93m3\u001b[0m\r\n    \u001b[7m21\u001b[0m   start_date: string;\r\n    \u001b[7m  \u001b[0m \u001b[96m  ~~~~~~~~~~\u001b[0m\r\n    'start_date' is declared here.\r\n\n    at createTSError (C:\\development\\projects\\wss\\RCCG\\RCCGApi\\RCCGMobile.Api5\\node_modules\\ts-node\\src\\index.ts:434:12)\n    at reportTSError (C:\\development\\projects\\wss\\RCCG\\RCCGApi\\RCCGMobile.Api5\\node_modules\\ts-node\\src\\index.ts:438:19)\n    at getOutput (C:\\development\\projects\\wss\\RCCG\\RCCGApi\\RCCGMobile.Api5\\node_modules\\ts-node\\src\\index.ts:578:36)\n    at Object.compile (C:\\development\\projects\\wss\\RCCG\\RCCGApi\\RCCGMobile.Api5\\node_modules\\ts-node\\src\\index.ts:775:32)\n    at Module.m._compile (C:\\development\\projects\\wss\\RCCG\\RCCGApi\\RCCGMobile.Api5\\node_modules\\ts-node\\src\\index.ts:858:43)\n    at Module._extensions..js (internal/modules/cjs/loader.js:947:10)\n    at Object.require.extensions.<computed> [as .ts] (C:\\development\\projects\\wss\\RCCG\\RCCGApi\\RCCGMobile.Api5\\node_modules\\ts-node\\src\\index.ts:861:12)\n    at Module.load (internal/modules/cjs/loader.js:790:32)\n    at Function.Module._load (internal/modules/cjs/loader.js:703:12)\n    at Module.require (internal/modules/cjs/loader.js:830:19)","stack":"TSError: ⨯ Unable to compile TypeScript:\n\u001b[96msrc/controllers/PrayerWallController.ts\u001b[0m:\u001b[93m48\u001b[0m:\u001b[93m21\u001b[0m - \u001b[91merror\u001b[0m\u001b[90m TS2551: \u001b[0mProperty 'start_time' does not exist on type 'PrayerWallGroup'. Did you mean 'start_date'?\r\n\r\n\u001b[7m48\u001b[0m     prayerWallGroup.start_time = start_time;\r\n\u001b[7m  \u001b[0m \u001b[91m                    ~~~~~~~~~~\u001b[0m\r\n\r\n  \u001b[96msrc/entity/PrayerWallGroup.ts\u001b[0m:\u001b[93m21\u001b[0m:\u001b[93m3\u001b[0m\r\n    \u001b[7m21\u001b[0m   start_date: string;\r\n    \u001b[7m  \u001b[0m \u001b[96m  ~~~~~~~~~~\u001b[0m\r\n    'start_date' is declared here.\r\n\n    at createTSError (C:\\development\\projects\\wss\\RCCG\\RCCGApi\\RCCGMobile.Api5\\node_modules\\ts-node\\src\\index.ts:434:12)\n    at reportTSError (C:\\development\\projects\\wss\\RCCG\\RCCGApi\\RCCGMobile.Api5\\node_modules\\ts-node\\src\\index.ts:438:19)\n    at getOutput (C:\\development\\projects\\wss\\RCCG\\RCCGApi\\RCCGMobile.Api5\\node_modules\\ts-node\\src\\index.ts:578:36)\n    at Object.compile (C:\\development\\projects\\wss\\RCCG\\RCCGApi\\RCCGMobile.Api5\\node_modules\\ts-node\\src\\index.ts:775:32)\n    at Module.m._compile (C:\\development\\projects\\wss\\RCCG\\RCCGApi\\RCCGMobile.Api5\\node_modules\\ts-node\\src\\index.ts:858:43)\n    at Module._extensions..js (internal/modules/cjs/loader.js:947:10)\n    at Object.require.extensions.<computed> [as .ts] (C:\\development\\projects\\wss\\RCCG\\RCCGApi\\RCCGMobile.Api5\\node_modules\\ts-node\\src\\index.ts:861:12)\n    at Module.load (internal/modules/cjs/loader.js:790:32)\n    at Function.Module._load (internal/modules/cjs/loader.js:703:12)\n    at Module.require (internal/modules/cjs/loader.js:830:19)","exception":true,"date":"Thu Mar 25 2021 00:18:51 GMT+0100 (West Africa Standard Time)","process":{"pid":6052,"uid":null,"gid":null,"cwd":"C:\\development\\projects\\wss\\RCCG\\RCCGApi\\RCCGMobile.Api5","execPath":"C:\\Program Files\\nodejs\\node.exe","version":"v12.10.0","argv":["C:\\development\\projects\\wss\\RCCG\\RCCGApi\\RCCGMobile.Api5\\node_modules\\ts-node\\dist\\bin.js","C:\\development\\projects\\wss\\RCCG\\RCCGApi\\RCCGMobile.Api5\\src\\index.ts"],"memoryUsage":{"rss":171241472,"heapTotal":144285696,"heapUsed":124332712,"external":1843031}},"os":{"loadavg":[0,0,0],"uptime":16469},"trace":[{"column":12,"file":"C:\\development\\projects\\wss\\RCCG\\RCCGApi\\RCCGMobile.Api5\\node_modules\\ts-node\\src\\index.ts","function":"createTSError","line":434,"method":null,"native":false},{"column":19,"file":"C:\\development\\projects\\wss\\RCCG\\RCCGApi\\RCCGMobile.Api5\\node_modules\\ts-node\\src\\index.ts","function":"reportTSError","line":438,"method":null,"native":false},{"column":36,"file":"C:\\development\\projects\\wss\\RCCG\\RCCGApi\\RCCGMobile.Api5\\node_modules\\ts-node\\src\\index.ts","function":"getOutput","line":578,"method":null,"native":false},{"column":32,"file":"C:\\development\\projects\\wss\\RCCG\\RCCGApi\\RCCGMobile.Api5\\node_modules\\ts-node\\src\\index.ts","function":"Object.compile","line":775,"method":"compile","native":false},{"column":43,"file":"C:\\development\\projects\\wss\\RCCG\\RCCGApi\\RCCGMobile.Api5\\node_modules\\ts-node\\src\\index.ts","function":"Module.m._compile","line":858,"method":"_compile","native":false},{"column":10,"file":"internal/modules/cjs/loader.js","function":"Module._extensions..js","line":947,"method":".js","native":false},{"column":12,"file":"C:\\development\\projects\\wss\\RCCG\\RCCGApi\\RCCGMobile.Api5\\node_modules\\ts-node\\src\\index.ts","function":"Object.require.extensions.<computed> [as .ts]","line":861,"method":"ts]","native":false},{"column":32,"file":"internal/modules/cjs/loader.js","function":"Module.load","line":790,"method":"load","native":false},{"column":12,"file":"internal/modules/cjs/loader.js","function":"Module._load","line":703,"method":"_load","native":false},{"column":19,"file":"internal/modules/cjs/loader.js","function":"Module.require","line":830,"method":"require","native":false}]}
{"message":"🚀 Server ready at http://localhost:6100 for REST APIs","level":"info"}
{"message":"🚀 Server ready at http://localhost:2178 for REST APIs","level":"info"}
{"message":"------------ Type orm connection successful! ----------","level":"info"}
{"message":"🚀 Server ready at http://localhost:6100 for REST APIs","level":"info"}
{"message":"🚀 Server ready at http://localhost:2178 for REST APIs","level":"info"}
{"message":"------------ Type orm connection successful! ----------","level":"info"}
{"error":{"diagnosticText":"\u001b[96msrc/validations/yup-schemas/prayerWallGroupSchema.ts\u001b[0m:\u001b[93m7\u001b[0m:\u001b[93m5\u001b[0m - \u001b[91merror\u001b[0m\u001b[90m TS1117: \u001b[0mAn object literal cannot have multiple properties with the same name in strict mode.\r\n\r\n\u001b[7m7\u001b[0m     division_id: yup.string().required(),\r\n\u001b[7m \u001b[0m \u001b[91m    ~~~~~~~~~~~\u001b[0m\r\n\u001b[96msrc/validations/yup-schemas/prayerWallGroupSchema.ts\u001b[0m:\u001b[93m8\u001b[0m:\u001b[93m5\u001b[0m - \u001b[91merror\u001b[0m\u001b[90m TS1117: \u001b[0mAn object literal cannot have multiple properties with the same name in strict mode.\r\n\r\n\u001b[7m8\u001b[0m     division_id: yup.string().required(),\r\n\u001b[7m \u001b[0m \u001b[91m    ~~~~~~~~~~~\u001b[0m\r\n\u001b[96msrc/validations/yup-schemas/prayerWallGroupSchema.ts\u001b[0m:\u001b[93m9\u001b[0m:\u001b[93m5\u001b[0m - \u001b[91merror\u001b[0m\u001b[90m TS1117: \u001b[0mAn object literal cannot have multiple properties with the same name in strict mode.\r\n\r\n\u001b[7m9\u001b[0m     division_id: yup.string().required(),\r\n\u001b[7m \u001b[0m \u001b[91m    ~~~~~~~~~~~\u001b[0m\r\n\u001b[96msrc/validations/yup-schemas/prayerWallGroupSchema.ts\u001b[0m:\u001b[93m7\u001b[0m:\u001b[93m5\u001b[0m - \u001b[91merror\u001b[0m\u001b[90m TS2300: \u001b[0mDuplicate identifier 'division_id'.\r\n\r\n\u001b[7m7\u001b[0m     division_id: yup.string().required(),\r\n\u001b[7m \u001b[0m \u001b[91m    ~~~~~~~~~~~\u001b[0m\r\n\u001b[96msrc/validations/yup-schemas/prayerWallGroupSchema.ts\u001b[0m:\u001b[93m8\u001b[0m:\u001b[93m5\u001b[0m - \u001b[91merror\u001b[0m\u001b[90m TS2300: \u001b[0mDuplicate identifier 'division_id'.\r\n\r\n\u001b[7m8\u001b[0m     division_id: yup.string().required(),\r\n\u001b[7m \u001b[0m \u001b[91m    ~~~~~~~~~~~\u001b[0m\r\n\u001b[96msrc/validations/yup-schemas/prayerWallGroupSchema.ts\u001b[0m:\u001b[93m9\u001b[0m:\u001b[93m5\u001b[0m - \u001b[91merror\u001b[0m\u001b[90m TS2300: \u001b[0mDuplicate identifier 'division_id'.\r\n\r\n\u001b[7m9\u001b[0m     division_id: yup.string().required(),\r\n\u001b[7m \u001b[0m \u001b[91m    ~~~~~~~~~~~\u001b[0m\r\n","diagnosticCodes":[1117,1117,1117,2300,2300,2300]},"level":"error","message":"uncaughtException: ⨯ Unable to compile TypeScript:\n\u001b[96msrc/validations/yup-schemas/prayerWallGroupSchema.ts\u001b[0m:\u001b[93m7\u001b[0m:\u001b[93m5\u001b[0m - \u001b[91merror\u001b[0m\u001b[90m TS1117: \u001b[0mAn object literal cannot have multiple properties with the same name in strict mode.\r\n\r\n\u001b[7m7\u001b[0m     division_id: yup.string().required(),\r\n\u001b[7m \u001b[0m \u001b[91m    ~~~~~~~~~~~\u001b[0m\r\n\u001b[96msrc/validations/yup-schemas/prayerWallGroupSchema.ts\u001b[0m:\u001b[93m8\u001b[0m:\u001b[93m5\u001b[0m - \u001b[91merror\u001b[0m\u001b[90m TS1117: \u001b[0mAn object literal cannot have multiple properties with the same name in strict mode.\r\n\r\n\u001b[7m8\u001b[0m     division_id: yup.string().required(),\r\n\u001b[7m \u001b[0m \u001b[91m    ~~~~~~~~~~~\u001b[0m\r\n\u001b[96msrc/validations/yup-schemas/prayerWallGroupSchema.ts\u001b[0m:\u001b[93m9\u001b[0m:\u001b[93m5\u001b[0m - \u001b[91merror\u001b[0m\u001b[90m TS1117: \u001b[0mAn object literal cannot have multiple properties with the same name in strict mode.\r\n\r\n\u001b[7m9\u001b[0m     division_id: yup.string().required(),\r\n\u001b[7m \u001b[0m \u001b[91m    ~~~~~~~~~~~\u001b[0m\r\n\u001b[96msrc/validations/yup-schemas/prayerWallGroupSchema.ts\u001b[0m:\u001b[93m7\u001b[0m:\u001b[93m5\u001b[0m - \u001b[91merror\u001b[0m\u001b[90m TS2300: \u001b[0mDuplicate identifier 'division_id'.\r\n\r\n\u001b[7m7\u001b[0m     division_id: yup.string().required(),\r\n\u001b[7m \u001b[0m \u001b[91m    ~~~~~~~~~~~\u001b[0m\r\n\u001b[96msrc/validations/yup-schemas/prayerWallGroupSchema.ts\u001b[0m:\u001b[93m8\u001b[0m:\u001b[93m5\u001b[0m - \u001b[91merror\u001b[0m\u001b[90m TS2300: \u001b[0mDuplicate identifier 'division_id'.\r\n\r\n\u001b[7m8\u001b[0m     division_id: yup.string().required(),\r\n\u001b[7m \u001b[0m \u001b[91m    ~~~~~~~~~~~\u001b[0m\r\n\u001b[96msrc/validations/yup-schemas/prayerWallGroupSchema.ts\u001b[0m:\u001b[93m9\u001b[0m:\u001b[93m5\u001b[0m - \u001b[91merror\u001b[0m\u001b[90m TS2300: \u001b[0mDuplicate identifier 'division_id'.\r\n\r\n\u001b[7m9\u001b[0m     division_id: yup.string().required(),\r\n\u001b[7m \u001b[0m \u001b[91m    ~~~~~~~~~~~\u001b[0m\r\n\nTSError: ⨯ Unable to compile TypeScript:\n\u001b[96msrc/validations/yup-schemas/prayerWallGroupSchema.ts\u001b[0m:\u001b[93m7\u001b[0m:\u001b[93m5\u001b[0m - \u001b[91merror\u001b[0m\u001b[90m TS1117: \u001b[0mAn object literal cannot have multiple properties with the same name in strict mode.\r\n\r\n\u001b[7m7\u001b[0m     division_id: yup.string().required(),\r\n\u001b[7m \u001b[0m \u001b[91m    ~~~~~~~~~~~\u001b[0m\r\n\u001b[96msrc/validations/yup-schemas/prayerWallGroupSchema.ts\u001b[0m:\u001b[93m8\u001b[0m:\u001b[93m5\u001b[0m - \u001b[91merror\u001b[0m\u001b[90m TS1117: \u001b[0mAn object literal cannot have multiple properties with the same name in strict mode.\r\n\r\n\u001b[7m8\u001b[0m     division_id: yup.string().required(),\r\n\u001b[7m \u001b[0m \u001b[91m    ~~~~~~~~~~~\u001b[0m\r\n\u001b[96msrc/validations/yup-schemas/prayerWallGroupSchema.ts\u001b[0m:\u001b[93m9\u001b[0m:\u001b[93m5\u001b[0m - \u001b[91merror\u001b[0m\u001b[90m TS1117: \u001b[0mAn object literal cannot have multiple properties with the same name in strict mode.\r\n\r\n\u001b[7m9\u001b[0m     division_id: yup.string().required(),\r\n\u001b[7m \u001b[0m \u001b[91m    ~~~~~~~~~~~\u001b[0m\r\n\u001b[96msrc/validations/yup-schemas/prayerWallGroupSchema.ts\u001b[0m:\u001b[93m7\u001b[0m:\u001b[93m5\u001b[0m - \u001b[91merror\u001b[0m\u001b[90m TS2300: \u001b[0mDuplicate identifier 'division_id'.\r\n\r\n\u001b[7m7\u001b[0m     division_id: yup.string().required(),\r\n\u001b[7m \u001b[0m \u001b[91m    ~~~~~~~~~~~\u001b[0m\r\n\u001b[96msrc/validations/yup-schemas/prayerWallGroupSchema.ts\u001b[0m:\u001b[93m8\u001b[0m:\u001b[93m5\u001b[0m - \u001b[91merror\u001b[0m\u001b[90m TS2300: \u001b[0mDuplicate identifier 'division_id'.\r\n\r\n\u001b[7m8\u001b[0m     division_id: yup.string().required(),\r\n\u001b[7m \u001b[0m \u001b[91m    ~~~~~~~~~~~\u001b[0m\r\n\u001b[96msrc/validations/yup-schemas/prayerWallGroupSchema.ts\u001b[0m:\u001b[93m9\u001b[0m:\u001b[93m5\u001b[0m - \u001b[91merror\u001b[0m\u001b[90m TS2300: \u001b[0mDuplicate identifier 'division_id'.\r\n\r\n\u001b[7m9\u001b[0m     division_id: yup.string().required(),\r\n\u001b[7m \u001b[0m \u001b[91m    ~~~~~~~~~~~\u001b[0m\r\n\n    at createTSError (C:\\development\\projects\\wss\\RCCG\\RCCGApi\\RCCGMobile.Api5\\node_modules\\ts-node\\src\\index.ts:434:12)\n    at reportTSError (C:\\development\\projects\\wss\\RCCG\\RCCGApi\\RCCGMobile.Api5\\node_modules\\ts-node\\src\\index.ts:438:19)\n    at getOutput (C:\\development\\projects\\wss\\RCCG\\RCCGApi\\RCCGMobile.Api5\\node_modules\\ts-node\\src\\index.ts:578:36)\n    at Object.compile (C:\\development\\projects\\wss\\RCCG\\RCCGApi\\RCCGMobile.Api5\\node_modules\\ts-node\\src\\index.ts:775:32)\n    at Module.m._compile (C:\\development\\projects\\wss\\RCCG\\RCCGApi\\RCCGMobile.Api5\\node_modules\\ts-node\\src\\index.ts:858:43)\n    at Module._extensions..js (internal/modules/cjs/loader.js:947:10)\n    at Object.require.extensions.<computed> [as .ts] (C:\\development\\projects\\wss\\RCCG\\RCCGApi\\RCCGMobile.Api5\\node_modules\\ts-node\\src\\index.ts:861:12)\n    at Module.load (internal/modules/cjs/loader.js:790:32)\n    at Function.Module._load (internal/modules/cjs/loader.js:703:12)\n    at Module.require (internal/modules/cjs/loader.js:830:19)","stack":"TSError: ⨯ Unable to compile TypeScript:\n\u001b[96msrc/validations/yup-schemas/prayerWallGroupSchema.ts\u001b[0m:\u001b[93m7\u001b[0m:\u001b[93m5\u001b[0m - \u001b[91merror\u001b[0m\u001b[90m TS1117: \u001b[0mAn object literal cannot have multiple properties with the same name in strict mode.\r\n\r\n\u001b[7m7\u001b[0m     division_id: yup.string().required(),\r\n\u001b[7m \u001b[0m \u001b[91m    ~~~~~~~~~~~\u001b[0m\r\n\u001b[96msrc/validations/yup-schemas/prayerWallGroupSchema.ts\u001b[0m:\u001b[93m8\u001b[0m:\u001b[93m5\u001b[0m - \u001b[91merror\u001b[0m\u001b[90m TS1117: \u001b[0mAn object literal cannot have multiple properties with the same name in strict mode.\r\n\r\n\u001b[7m8\u001b[0m     division_id: yup.string().required(),\r\n\u001b[7m \u001b[0m \u001b[91m    ~~~~~~~~~~~\u001b[0m\r\n\u001b[96msrc/validations/yup-schemas/prayerWallGroupSchema.ts\u001b[0m:\u001b[93m9\u001b[0m:\u001b[93m5\u001b[0m - \u001b[91merror\u001b[0m\u001b[90m TS1117: \u001b[0mAn object literal cannot have multiple properties with the same name in strict mode.\r\n\r\n\u001b[7m9\u001b[0m     division_id: yup.string().required(),\r\n\u001b[7m \u001b[0m \u001b[91m    ~~~~~~~~~~~\u001b[0m\r\n\u001b[96msrc/validations/yup-schemas/prayerWallGroupSchema.ts\u001b[0m:\u001b[93m7\u001b[0m:\u001b[93m5\u001b[0m - \u001b[91merror\u001b[0m\u001b[90m TS2300: \u001b[0mDuplicate identifier 'division_id'.\r\n\r\n\u001b[7m7\u001b[0m     division_id: yup.string().required(),\r\n\u001b[7m \u001b[0m \u001b[91m    ~~~~~~~~~~~\u001b[0m\r\n\u001b[96msrc/validations/yup-schemas/prayerWallGroupSchema.ts\u001b[0m:\u001b[93m8\u001b[0m:\u001b[93m5\u001b[0m - \u001b[91merror\u001b[0m\u001b[90m TS2300: \u001b[0mDuplicate identifier 'division_id'.\r\n\r\n\u001b[7m8\u001b[0m     division_id: yup.string().required(),\r\n\u001b[7m \u001b[0m \u001b[91m    ~~~~~~~~~~~\u001b[0m\r\n\u001b[96msrc/validations/yup-schemas/prayerWallGroupSchema.ts\u001b[0m:\u001b[93m9\u001b[0m:\u001b[93m5\u001b[0m - \u001b[91merror\u001b[0m\u001b[90m TS2300: \u001b[0mDuplicate identifier 'division_id'.\r\n\r\n\u001b[7m9\u001b[0m     division_id: yup.string().required(),\r\n\u001b[7m \u001b[0m \u001b[91m    ~~~~~~~~~~~\u001b[0m\r\n\n    at createTSError (C:\\development\\projects\\wss\\RCCG\\RCCGApi\\RCCGMobile.Api5\\node_modules\\ts-node\\src\\index.ts:434:12)\n    at reportTSError (C:\\development\\projects\\wss\\RCCG\\RCCGApi\\RCCGMobile.Api5\\node_modules\\ts-node\\src\\index.ts:438:19)\n    at getOutput (C:\\development\\projects\\wss\\RCCG\\RCCGApi\\RCCGMobile.Api5\\node_modules\\ts-node\\src\\index.ts:578:36)\n    at Object.compile (C:\\development\\projects\\wss\\RCCG\\RCCGApi\\RCCGMobile.Api5\\node_modules\\ts-node\\src\\index.ts:775:32)\n    at Module.m._compile (C:\\development\\projects\\wss\\RCCG\\RCCGApi\\RCCGMobile.Api5\\node_modules\\ts-node\\src\\index.ts:858:43)\n    at Module._extensions..js (internal/modules/cjs/loader.js:947:10)\n    at Object.require.extensions.<computed> [as .ts] (C:\\development\\projects\\wss\\RCCG\\RCCGApi\\RCCGMobile.Api5\\node_modules\\ts-node\\src\\index.ts:861:12)\n    at Module.load (internal/modules/cjs/loader.js:790:32)\n    at Function.Module._load (internal/modules/cjs/loader.js:703:12)\n    at Module.require (internal/modules/cjs/loader.js:830:19)","exception":true,"date":"Thu Mar 25 2021 00:23:54 GMT+0100 (West Africa Standard Time)","process":{"pid":4816,"uid":null,"gid":null,"cwd":"C:\\development\\projects\\wss\\RCCG\\RCCGApi\\RCCGMobile.Api5","execPath":"C:\\Program Files\\nodejs\\node.exe","version":"v12.10.0","argv":["C:\\development\\projects\\wss\\RCCG\\RCCGApi\\RCCGMobile.Api5\\node_modules\\ts-node\\dist\\bin.js","C:\\development\\projects\\wss\\RCCG\\RCCGApi\\RCCGMobile.Api5\\src\\index.ts"],"memoryUsage":{"rss":173379584,"heapTotal":145416192,"heapUsed":114971496,"external":1812774}},"os":{"loadavg":[0,0,0],"uptime":16773},"trace":[{"column":12,"file":"C:\\development\\projects\\wss\\RCCG\\RCCGApi\\RCCGMobile.Api5\\node_modules\\ts-node\\src\\index.ts","function":"createTSError","line":434,"method":null,"native":false},{"column":19,"file":"C:\\development\\projects\\wss\\RCCG\\RCCGApi\\RCCGMobile.Api5\\node_modules\\ts-node\\src\\index.ts","function":"reportTSError","line":438,"method":null,"native":false},{"column":36,"file":"C:\\development\\projects\\wss\\RCCG\\RCCGApi\\RCCGMobile.Api5\\node_modules\\ts-node\\src\\index.ts","function":"getOutput","line":578,"method":null,"native":false},{"column":32,"file":"C:\\development\\projects\\wss\\RCCG\\RCCGApi\\RCCGMobile.Api5\\node_modules\\ts-node\\src\\index.ts","function":"Object.compile","line":775,"method":"compile","native":false},{"column":43,"file":"C:\\development\\projects\\wss\\RCCG\\RCCGApi\\RCCGMobile.Api5\\node_modules\\ts-node\\src\\index.ts","function":"Module.m._compile","line":858,"method":"_compile","native":false},{"column":10,"file":"internal/modules/cjs/loader.js","function":"Module._extensions..js","line":947,"method":".js","native":false},{"column":12,"file":"C:\\development\\projects\\wss\\RCCG\\RCCGApi\\RCCGMobile.Api5\\node_modules\\ts-node\\src\\index.ts","function":"Object.require.extensions.<computed> [as .ts]","line":861,"method":"ts]","native":false},{"column":32,"file":"internal/modules/cjs/loader.js","function":"Module.load","line":790,"method":"load","native":false},{"column":12,"file":"internal/modules/cjs/loader.js","function":"Module._load","line":703,"method":"_load","native":false},{"column":19,"file":"internal/modules/cjs/loader.js","function":"Module.require","line":830,"method":"require","native":false}]}
{"error":{"diagnosticText":"\u001b[96msrc/validations/yup-schemas/prayerWallGroupSchema.ts\u001b[0m:\u001b[93m9\u001b[0m:\u001b[93m5\u001b[0m - \u001b[91merror\u001b[0m\u001b[90m TS1117: \u001b[0mAn object literal cannot have multiple properties with the same name in strict mode.\r\n\r\n\u001b[7m9\u001b[0m     division_id: yup.string().required(),\r\n\u001b[7m \u001b[0m \u001b[91m    ~~~~~~~~~~~\u001b[0m\r\n\u001b[96msrc/validations/yup-schemas/prayerWallGroupSchema.ts\u001b[0m:\u001b[93m9\u001b[0m:\u001b[93m5\u001b[0m - \u001b[91merror\u001b[0m\u001b[90m TS2300: \u001b[0mDuplicate identifier 'division_id'.\r\n\r\n\u001b[7m9\u001b[0m     division_id: yup.string().required(),\r\n\u001b[7m \u001b[0m \u001b[91m    ~~~~~~~~~~~\u001b[0m\r\n","diagnosticCodes":[1117,2300]},"level":"error","message":"uncaughtException: ⨯ Unable to compile TypeScript:\n\u001b[96msrc/validations/yup-schemas/prayerWallGroupSchema.ts\u001b[0m:\u001b[93m9\u001b[0m:\u001b[93m5\u001b[0m - \u001b[91merror\u001b[0m\u001b[90m TS1117: \u001b[0mAn object literal cannot have multiple properties with the same name in strict mode.\r\n\r\n\u001b[7m9\u001b[0m     division_id: yup.string().required(),\r\n\u001b[7m \u001b[0m \u001b[91m    ~~~~~~~~~~~\u001b[0m\r\n\u001b[96msrc/validations/yup-schemas/prayerWallGroupSchema.ts\u001b[0m:\u001b[93m9\u001b[0m:\u001b[93m5\u001b[0m - \u001b[91merror\u001b[0m\u001b[90m TS2300: \u001b[0mDuplicate identifier 'division_id'.\r\n\r\n\u001b[7m9\u001b[0m     division_id: yup.string().required(),\r\n\u001b[7m \u001b[0m \u001b[91m    ~~~~~~~~~~~\u001b[0m\r\n\nTSError: ⨯ Unable to compile TypeScript:\n\u001b[96msrc/validations/yup-schemas/prayerWallGroupSchema.ts\u001b[0m:\u001b[93m9\u001b[0m:\u001b[93m5\u001b[0m - \u001b[91merror\u001b[0m\u001b[90m TS1117: \u001b[0mAn object literal cannot have multiple properties with the same name in strict mode.\r\n\r\n\u001b[7m9\u001b[0m     division_id: yup.string().required(),\r\n\u001b[7m \u001b[0m \u001b[91m    ~~~~~~~~~~~\u001b[0m\r\n\u001b[96msrc/validations/yup-schemas/prayerWallGroupSchema.ts\u001b[0m:\u001b[93m9\u001b[0m:\u001b[93m5\u001b[0m - \u001b[91merror\u001b[0m\u001b[90m TS2300: \u001b[0mDuplicate identifier 'division_id'.\r\n\r\n\u001b[7m9\u001b[0m     division_id: yup.string().required(),\r\n\u001b[7m \u001b[0m \u001b[91m    ~~~~~~~~~~~\u001b[0m\r\n\n    at createTSError (C:\\development\\projects\\wss\\RCCG\\RCCGApi\\RCCGMobile.Api5\\node_modules\\ts-node\\src\\index.ts:434:12)\n    at reportTSError (C:\\development\\projects\\wss\\RCCG\\RCCGApi\\RCCGMobile.Api5\\node_modules\\ts-node\\src\\index.ts:438:19)\n    at getOutput (C:\\development\\projects\\wss\\RCCG\\RCCGApi\\RCCGMobile.Api5\\node_modules\\ts-node\\src\\index.ts:578:36)\n    at Object.compile (C:\\development\\projects\\wss\\RCCG\\RCCGApi\\RCCGMobile.Api5\\node_modules\\ts-node\\src\\index.ts:775:32)\n    at Module.m._compile (C:\\development\\projects\\wss\\RCCG\\RCCGApi\\RCCGMobile.Api5\\node_modules\\ts-node\\src\\index.ts:858:43)\n    at Module._extensions..js (internal/modules/cjs/loader.js:947:10)\n    at Object.require.extensions.<computed> [as .ts] (C:\\development\\projects\\wss\\RCCG\\RCCGApi\\RCCGMobile.Api5\\node_modules\\ts-node\\src\\index.ts:861:12)\n    at Module.load (internal/modules/cjs/loader.js:790:32)\n    at Function.Module._load (internal/modules/cjs/loader.js:703:12)\n    at Module.require (internal/modules/cjs/loader.js:830:19)","stack":"TSError: ⨯ Unable to compile TypeScript:\n\u001b[96msrc/validations/yup-schemas/prayerWallGroupSchema.ts\u001b[0m:\u001b[93m9\u001b[0m:\u001b[93m5\u001b[0m - \u001b[91merror\u001b[0m\u001b[90m TS1117: \u001b[0mAn object literal cannot have multiple properties with the same name in strict mode.\r\n\r\n\u001b[7m9\u001b[0m     division_id: yup.string().required(),\r\n\u001b[7m \u001b[0m \u001b[91m    ~~~~~~~~~~~\u001b[0m\r\n\u001b[96msrc/validations/yup-schemas/prayerWallGroupSchema.ts\u001b[0m:\u001b[93m9\u001b[0m:\u001b[93m5\u001b[0m - \u001b[91merror\u001b[0m\u001b[90m TS2300: \u001b[0mDuplicate identifier 'division_id'.\r\n\r\n\u001b[7m9\u001b[0m     division_id: yup.string().required(),\r\n\u001b[7m \u001b[0m \u001b[91m    ~~~~~~~~~~~\u001b[0m\r\n\n    at createTSError (C:\\development\\projects\\wss\\RCCG\\RCCGApi\\RCCGMobile.Api5\\node_modules\\ts-node\\src\\index.ts:434:12)\n    at reportTSError (C:\\development\\projects\\wss\\RCCG\\RCCGApi\\RCCGMobile.Api5\\node_modules\\ts-node\\src\\index.ts:438:19)\n    at getOutput (C:\\development\\projects\\wss\\RCCG\\RCCGApi\\RCCGMobile.Api5\\node_modules\\ts-node\\src\\index.ts:578:36)\n    at Object.compile (C:\\development\\projects\\wss\\RCCG\\RCCGApi\\RCCGMobile.Api5\\node_modules\\ts-node\\src\\index.ts:775:32)\n    at Module.m._compile (C:\\development\\projects\\wss\\RCCG\\RCCGApi\\RCCGMobile.Api5\\node_modules\\ts-node\\src\\index.ts:858:43)\n    at Module._extensions..js (internal/modules/cjs/loader.js:947:10)\n    at Object.require.extensions.<computed> [as .ts] (C:\\development\\projects\\wss\\RCCG\\RCCGApi\\RCCGMobile.Api5\\node_modules\\ts-node\\src\\index.ts:861:12)\n    at Module.load (internal/modules/cjs/loader.js:790:32)\n    at Function.Module._load (internal/modules/cjs/loader.js:703:12)\n    at Module.require (internal/modules/cjs/loader.js:830:19)","exception":true,"date":"Thu Mar 25 2021 00:24:26 GMT+0100 (West Africa Standard Time)","process":{"pid":3144,"uid":null,"gid":null,"cwd":"C:\\development\\projects\\wss\\RCCG\\RCCGApi\\RCCGMobile.Api5","execPath":"C:\\Program Files\\nodejs\\node.exe","version":"v12.10.0","argv":["C:\\development\\projects\\wss\\RCCG\\RCCGApi\\RCCGMobile.Api5\\node_modules\\ts-node\\dist\\bin.js","C:\\development\\projects\\wss\\RCCG\\RCCGApi\\RCCGMobile.Api5\\src\\index.ts"],"memoryUsage":{"rss":172908544,"heapTotal":145154048,"heapUsed":114593600,"external":1812774}},"os":{"loadavg":[0,0,0],"uptime":16805},"trace":[{"column":12,"file":"C:\\development\\projects\\wss\\RCCG\\RCCGApi\\RCCGMobile.Api5\\node_modules\\ts-node\\src\\index.ts","function":"createTSError","line":434,"method":null,"native":false},{"column":19,"file":"C:\\development\\projects\\wss\\RCCG\\RCCGApi\\RCCGMobile.Api5\\node_modules\\ts-node\\src\\index.ts","function":"reportTSError","line":438,"method":null,"native":false},{"column":36,"file":"C:\\development\\projects\\wss\\RCCG\\RCCGApi\\RCCGMobile.Api5\\node_modules\\ts-node\\src\\index.ts","function":"getOutput","line":578,"method":null,"native":false},{"column":32,"file":"C:\\development\\projects\\wss\\RCCG\\RCCGApi\\RCCGMobile.Api5\\node_modules\\ts-node\\src\\index.ts","function":"Object.compile","line":775,"method":"compile","native":false},{"column":43,"file":"C:\\development\\projects\\wss\\RCCG\\RCCGApi\\RCCGMobile.Api5\\node_modules\\ts-node\\src\\index.ts","function":"Module.m._compile","line":858,"method":"_compile","native":false},{"column":10,"file":"internal/modules/cjs/loader.js","function":"Module._extensions..js","line":947,"method":".js","native":false},{"column":12,"file":"C:\\development\\projects\\wss\\RCCG\\RCCGApi\\RCCGMobile.Api5\\node_modules\\ts-node\\src\\index.ts","function":"Object.require.extensions.<computed> [as .ts]","line":861,"method":"ts]","native":false},{"column":32,"file":"internal/modules/cjs/loader.js","function":"Module.load","line":790,"method":"load","native":false},{"column":12,"file":"internal/modules/cjs/loader.js","function":"Module._load","line":703,"method":"_load","native":false},{"column":19,"file":"internal/modules/cjs/loader.js","function":"Module.require","line":830,"method":"require","native":false}]}
{"message":"🚀 Server ready at http://localhost:6100 for REST APIs","level":"info"}
{"message":"🚀 Server ready at http://localhost:2178 for REST APIs","level":"info"}
{"message":"------------ Type orm connection successful! ----------","level":"info"}
{"message":"🚀 Server ready at http://localhost:6100 for REST APIs","level":"info"}
{"message":"🚀 Server ready at http://localhost:2178 for REST APIs","level":"info"}
{"message":"------------ Type orm connection successful! ----------","level":"info"}
{"controller":"PrayerWallGroupController:create","response":{"name":"ValidationError","value":{"title":"RCCG Prayerwall Title","description":"RCCG Prayerwall Summary","division_id":"78","prayer_date":"","start_date":"","end_date":""},"errors":["prayer_date is a required field","start_time is a required field","end_time is a required field"],"inner":[{"name":"ValidationError","value":"","path":"prayer_date","type":"required","errors":["prayer_date is a required field"],"inner":[],"message":"prayer_date is a required field","params":{"path":"prayer_date","value":"","originalValue":""}},{"name":"ValidationError","path":"start_time","type":"required","errors":["start_time is a required field"],"inner":[],"message":"start_time is a required field","params":{"path":"start_time"}},{"name":"ValidationError","path":"end_time","type":"required","errors":["end_time is a required field"],"inner":[],"message":"end_time is a required field","params":{"path":"end_time"}}],"message":"3 errors occurred"},"message":"Error","level":"error"}
{"controller":"PrayerWallGroupController:create","response":{"name":"ValidationError","value":{"title":"RCCG Prayerwall Title","description":"RCCG Prayerwall Summary","division_id":"78","prayer_date":"2021-03-23","start_date":"2021-03-23","end_date":"2021-03-23"},"errors":["start_time is a required field","end_time is a required field"],"inner":[{"name":"ValidationError","path":"start_time","type":"required","errors":["start_time is a required field"],"inner":[],"message":"start_time is a required field","params":{"path":"start_time"}},{"name":"ValidationError","path":"end_time","type":"required","errors":["end_time is a required field"],"inner":[],"message":"end_time is a required field","params":{"path":"end_time"}}],"message":"2 errors occurred"},"message":"Error","level":"error"}
{"message":"🚀 Server ready at http://localhost:6100 for REST APIs","level":"info"}
{"message":"🚀 Server ready at http://localhost:2178 for REST APIs","level":"info"}
{"message":"------------ Type orm connection successful! ----------","level":"info"}
{"message":"🚀 Server ready at http://localhost:6100 for REST APIs","level":"info"}
{"message":"🚀 Server ready at http://localhost:2178 for REST APIs","level":"info"}
{"message":"🚀 Server ready at http://localhost:6100 for REST APIs","level":"info"}
{"message":"🚀 Server ready at http://localhost:2178 for REST APIs","level":"info"}
{"message":"------------ Type orm connection successful! ----------","level":"info"}
{"message":"🚀 Server ready at http://localhost:6100 for REST APIs","level":"info"}
{"message":"🚀 Server ready at http://localhost:2178 for REST APIs","level":"info"}
{"message":"------------ Type orm connection successful! ----------","level":"info"}
{"error":{"diagnosticText":"\u001b[96msrc/routes/prayerwall.ts\u001b[0m:\u001b[93m10\u001b[0m:\u001b[93m57\u001b[0m - \u001b[91merror\u001b[0m\u001b[90m TS2339: \u001b[0mProperty 'getGroupCreate' does not exist on type 'typeof PrayerWallController'.\r\n\r\n\u001b[7m10\u001b[0m router.get('/groups/division/:id', PrayerWallController.getGroupCreate);\r\n\u001b[7m  \u001b[0m \u001b[91m                                                        ~~~~~~~~~~~~~~\u001b[0m\r\n","diagnosticCodes":[2339]},"level":"error","message":"uncaughtException: ⨯ Unable to compile TypeScript:\n\u001b[96msrc/routes/prayerwall.ts\u001b[0m:\u001b[93m10\u001b[0m:\u001b[93m57\u001b[0m - \u001b[91merror\u001b[0m\u001b[90m TS2339: \u001b[0mProperty 'getGroupCreate' does not exist on type 'typeof PrayerWallController'.\r\n\r\n\u001b[7m10\u001b[0m router.get('/groups/division/:id', PrayerWallController.getGroupCreate);\r\n\u001b[7m  \u001b[0m \u001b[91m                                                        ~~~~~~~~~~~~~~\u001b[0m\r\n\nTSError: ⨯ Unable to compile TypeScript:\n\u001b[96msrc/routes/prayerwall.ts\u001b[0m:\u001b[93m10\u001b[0m:\u001b[93m57\u001b[0m - \u001b[91merror\u001b[0m\u001b[90m TS2339: \u001b[0mProperty 'getGroupCreate' does not exist on type 'typeof PrayerWallController'.\r\n\r\n\u001b[7m10\u001b[0m router.get('/groups/division/:id', PrayerWallController.getGroupCreate);\r\n\u001b[7m  \u001b[0m \u001b[91m                                                        ~~~~~~~~~~~~~~\u001b[0m\r\n\n    at createTSError (C:\\development\\projects\\wss\\RCCG\\RCCGApi\\RCCGMobile.Api5\\node_modules\\ts-node\\src\\index.ts:434:12)\n    at reportTSError (C:\\development\\projects\\wss\\RCCG\\RCCGApi\\RCCGMobile.Api5\\node_modules\\ts-node\\src\\index.ts:438:19)\n    at getOutput (C:\\development\\projects\\wss\\RCCG\\RCCGApi\\RCCGMobile.Api5\\node_modules\\ts-node\\src\\index.ts:578:36)\n    at Object.compile (C:\\development\\projects\\wss\\RCCG\\RCCGApi\\RCCGMobile.Api5\\node_modules\\ts-node\\src\\index.ts:775:32)\n    at Module.m._compile (C:\\development\\projects\\wss\\RCCG\\RCCGApi\\RCCGMobile.Api5\\node_modules\\ts-node\\src\\index.ts:858:43)\n    at Module._extensions..js (internal/modules/cjs/loader.js:947:10)\n    at Object.require.extensions.<computed> [as .ts] (C:\\development\\projects\\wss\\RCCG\\RCCGApi\\RCCGMobile.Api5\\node_modules\\ts-node\\src\\index.ts:861:12)\n    at Module.load (internal/modules/cjs/loader.js:790:32)\n    at Function.Module._load (internal/modules/cjs/loader.js:703:12)\n    at Module.require (internal/modules/cjs/loader.js:830:19)","stack":"TSError: ⨯ Unable to compile TypeScript:\n\u001b[96msrc/routes/prayerwall.ts\u001b[0m:\u001b[93m10\u001b[0m:\u001b[93m57\u001b[0m - \u001b[91merror\u001b[0m\u001b[90m TS2339: \u001b[0mProperty 'getGroupCreate' does not exist on type 'typeof PrayerWallController'.\r\n\r\n\u001b[7m10\u001b[0m router.get('/groups/division/:id', PrayerWallController.getGroupCreate);\r\n\u001b[7m  \u001b[0m \u001b[91m                                                        ~~~~~~~~~~~~~~\u001b[0m\r\n\n    at createTSError (C:\\development\\projects\\wss\\RCCG\\RCCGApi\\RCCGMobile.Api5\\node_modules\\ts-node\\src\\index.ts:434:12)\n    at reportTSError (C:\\development\\projects\\wss\\RCCG\\RCCGApi\\RCCGMobile.Api5\\node_modules\\ts-node\\src\\index.ts:438:19)\n    at getOutput (C:\\development\\projects\\wss\\RCCG\\RCCGApi\\RCCGMobile.Api5\\node_modules\\ts-node\\src\\index.ts:578:36)\n    at Object.compile (C:\\development\\projects\\wss\\RCCG\\RCCGApi\\RCCGMobile.Api5\\node_modules\\ts-node\\src\\index.ts:775:32)\n    at Module.m._compile (C:\\development\\projects\\wss\\RCCG\\RCCGApi\\RCCGMobile.Api5\\node_modules\\ts-node\\src\\index.ts:858:43)\n    at Module._extensions..js (internal/modules/cjs/loader.js:947:10)\n    at Object.require.extensions.<computed> [as .ts] (C:\\development\\projects\\wss\\RCCG\\RCCGApi\\RCCGMobile.Api5\\node_modules\\ts-node\\src\\index.ts:861:12)\n    at Module.load (internal/modules/cjs/loader.js:790:32)\n    at Function.Module._load (internal/modules/cjs/loader.js:703:12)\n    at Module.require (internal/modules/cjs/loader.js:830:19)","exception":true,"date":"Thu Mar 25 2021 00:35:20 GMT+0100 (West Africa Standard Time)","process":{"pid":10644,"uid":null,"gid":null,"cwd":"C:\\development\\projects\\wss\\RCCG\\RCCGApi\\RCCGMobile.Api5","execPath":"C:\\Program Files\\nodejs\\node.exe","version":"v12.10.0","argv":["C:\\development\\projects\\wss\\RCCG\\RCCGApi\\RCCGMobile.Api5\\node_modules\\ts-node\\dist\\bin.js","C:\\development\\projects\\wss\\RCCG\\RCCGApi\\RCCGMobile.Api5\\src\\index.ts"],"memoryUsage":{"rss":171446272,"heapTotal":143499264,"heapUsed":119859728,"external":1834135}},"os":{"loadavg":[0,0,0],"uptime":17458},"trace":[{"column":12,"file":"C:\\development\\projects\\wss\\RCCG\\RCCGApi\\RCCGMobile.Api5\\node_modules\\ts-node\\src\\index.ts","function":"createTSError","line":434,"method":null,"native":false},{"column":19,"file":"C:\\development\\projects\\wss\\RCCG\\RCCGApi\\RCCGMobile.Api5\\node_modules\\ts-node\\src\\index.ts","function":"reportTSError","line":438,"method":null,"native":false},{"column":36,"file":"C:\\development\\projects\\wss\\RCCG\\RCCGApi\\RCCGMobile.Api5\\node_modules\\ts-node\\src\\index.ts","function":"getOutput","line":578,"method":null,"native":false},{"column":32,"file":"C:\\development\\projects\\wss\\RCCG\\RCCGApi\\RCCGMobile.Api5\\node_modules\\ts-node\\src\\index.ts","function":"Object.compile","line":775,"method":"compile","native":false},{"column":43,"file":"C:\\development\\projects\\wss\\RCCG\\RCCGApi\\RCCGMobile.Api5\\node_modules\\ts-node\\src\\index.ts","function":"Module.m._compile","line":858,"method":"_compile","native":false},{"column":10,"file":"internal/modules/cjs/loader.js","function":"Module._extensions..js","line":947,"method":".js","native":false},{"column":12,"file":"C:\\development\\projects\\wss\\RCCG\\RCCGApi\\RCCGMobile.Api5\\node_modules\\ts-node\\src\\index.ts","function":"Object.require.extensions.<computed> [as .ts]","line":861,"method":"ts]","native":false},{"column":32,"file":"internal/modules/cjs/loader.js","function":"Module.load","line":790,"method":"load","native":false},{"column":12,"file":"internal/modules/cjs/loader.js","function":"Module._load","line":703,"method":"_load","native":false},{"column":19,"file":"internal/modules/cjs/loader.js","function":"Module.require","line":830,"method":"require","native":false}]}
{"error":{"diagnosticText":"\u001b[96msrc/routes/prayerwall.ts\u001b[0m:\u001b[93m10\u001b[0m:\u001b[93m57\u001b[0m - \u001b[91merror\u001b[0m\u001b[90m TS2339: \u001b[0mProperty 'getDivisionGroup' does not exist on type 'typeof PrayerWallController'.\r\n\r\n\u001b[7m10\u001b[0m router.get('/groups/division/:id', PrayerWallController.getDivisionGroup);\r\n\u001b[7m  \u001b[0m \u001b[91m                                                        ~~~~~~~~~~~~~~~~\u001b[0m\r\n","diagnosticCodes":[2339]},"level":"error","message":"uncaughtException: ⨯ Unable to compile TypeScript:\n\u001b[96msrc/routes/prayerwall.ts\u001b[0m:\u001b[93m10\u001b[0m:\u001b[93m57\u001b[0m - \u001b[91merror\u001b[0m\u001b[90m TS2339: \u001b[0mProperty 'getDivisionGroup' does not exist on type 'typeof PrayerWallController'.\r\n\r\n\u001b[7m10\u001b[0m router.get('/groups/division/:id', PrayerWallController.getDivisionGroup);\r\n\u001b[7m  \u001b[0m \u001b[91m                                                        ~~~~~~~~~~~~~~~~\u001b[0m\r\n\nTSError: ⨯ Unable to compile TypeScript:\n\u001b[96msrc/routes/prayerwall.ts\u001b[0m:\u001b[93m10\u001b[0m:\u001b[93m57\u001b[0m - \u001b[91merror\u001b[0m\u001b[90m TS2339: \u001b[0mProperty 'getDivisionGroup' does not exist on type 'typeof PrayerWallController'.\r\n\r\n\u001b[7m10\u001b[0m router.get('/groups/division/:id', PrayerWallController.getDivisionGroup);\r\n\u001b[7m  \u001b[0m \u001b[91m                                                        ~~~~~~~~~~~~~~~~\u001b[0m\r\n\n    at createTSError (C:\\development\\projects\\wss\\RCCG\\RCCGApi\\RCCGMobile.Api5\\node_modules\\ts-node\\src\\index.ts:434:12)\n    at reportTSError (C:\\development\\projects\\wss\\RCCG\\RCCGApi\\RCCGMobile.Api5\\node_modules\\ts-node\\src\\index.ts:438:19)\n    at getOutput (C:\\development\\projects\\wss\\RCCG\\RCCGApi\\RCCGMobile.Api5\\node_modules\\ts-node\\src\\index.ts:578:36)\n    at Object.compile (C:\\development\\projects\\wss\\RCCG\\RCCGApi\\RCCGMobile.Api5\\node_modules\\ts-node\\src\\index.ts:775:32)\n    at Module.m._compile (C:\\development\\projects\\wss\\RCCG\\RCCGApi\\RCCGMobile.Api5\\node_modules\\ts-node\\src\\index.ts:858:43)\n    at Module._extensions..js (internal/modules/cjs/loader.js:947:10)\n    at Object.require.extensions.<computed> [as .ts] (C:\\development\\projects\\wss\\RCCG\\RCCGApi\\RCCGMobile.Api5\\node_modules\\ts-node\\src\\index.ts:861:12)\n    at Module.load (internal/modules/cjs/loader.js:790:32)\n    at Function.Module._load (internal/modules/cjs/loader.js:703:12)\n    at Module.require (internal/modules/cjs/loader.js:830:19)","stack":"TSError: ⨯ Unable to compile TypeScript:\n\u001b[96msrc/routes/prayerwall.ts\u001b[0m:\u001b[93m10\u001b[0m:\u001b[93m57\u001b[0m - \u001b[91merror\u001b[0m\u001b[90m TS2339: \u001b[0mProperty 'getDivisionGroup' does not exist on type 'typeof PrayerWallController'.\r\n\r\n\u001b[7m10\u001b[0m router.get('/groups/division/:id', PrayerWallController.getDivisionGroup);\r\n\u001b[7m  \u001b[0m \u001b[91m                                                        ~~~~~~~~~~~~~~~~\u001b[0m\r\n\n    at createTSError (C:\\development\\projects\\wss\\RCCG\\RCCGApi\\RCCGMobile.Api5\\node_modules\\ts-node\\src\\index.ts:434:12)\n    at reportTSError (C:\\development\\projects\\wss\\RCCG\\RCCGApi\\RCCGMobile.Api5\\node_modules\\ts-node\\src\\index.ts:438:19)\n    at getOutput (C:\\development\\projects\\wss\\RCCG\\RCCGApi\\RCCGMobile.Api5\\node_modules\\ts-node\\src\\index.ts:578:36)\n    at Object.compile (C:\\development\\projects\\wss\\RCCG\\RCCGApi\\RCCGMobile.Api5\\node_modules\\ts-node\\src\\index.ts:775:32)\n    at Module.m._compile (C:\\development\\projects\\wss\\RCCG\\RCCGApi\\RCCGMobile.Api5\\node_modules\\ts-node\\src\\index.ts:858:43)\n    at Module._extensions..js (internal/modules/cjs/loader.js:947:10)\n    at Object.require.extensions.<computed> [as .ts] (C:\\development\\projects\\wss\\RCCG\\RCCGApi\\RCCGMobile.Api5\\node_modules\\ts-node\\src\\index.ts:861:12)\n    at Module.load (internal/modules/cjs/loader.js:790:32)\n    at Function.Module._load (internal/modules/cjs/loader.js:703:12)\n    at Module.require (internal/modules/cjs/loader.js:830:19)","exception":true,"date":"Thu Mar 25 2021 00:35:33 GMT+0100 (West Africa Standard Time)","process":{"pid":14388,"uid":null,"gid":null,"cwd":"C:\\development\\projects\\wss\\RCCG\\RCCGApi\\RCCGMobile.Api5","execPath":"C:\\Program Files\\nodejs\\node.exe","version":"v12.10.0","argv":["C:\\development\\projects\\wss\\RCCG\\RCCGApi\\RCCGMobile.Api5\\node_modules\\ts-node\\dist\\bin.js","C:\\development\\projects\\wss\\RCCG\\RCCGApi\\RCCGMobile.Api5\\src\\index.ts"],"memoryUsage":{"rss":170106880,"heapTotal":143843328,"heapUsed":120199192,"external":1834135}},"os":{"loadavg":[0,0,0],"uptime":17471},"trace":[{"column":12,"file":"C:\\development\\projects\\wss\\RCCG\\RCCGApi\\RCCGMobile.Api5\\node_modules\\ts-node\\src\\index.ts","function":"createTSError","line":434,"method":null,"native":false},{"column":19,"file":"C:\\development\\projects\\wss\\RCCG\\RCCGApi\\RCCGMobile.Api5\\node_modules\\ts-node\\src\\index.ts","function":"reportTSError","line":438,"method":null,"native":false},{"column":36,"file":"C:\\development\\projects\\wss\\RCCG\\RCCGApi\\RCCGMobile.Api5\\node_modules\\ts-node\\src\\index.ts","function":"getOutput","line":578,"method":null,"native":false},{"column":32,"file":"C:\\development\\projects\\wss\\RCCG\\RCCGApi\\RCCGMobile.Api5\\node_modules\\ts-node\\src\\index.ts","function":"Object.compile","line":775,"method":"compile","native":false},{"column":43,"file":"C:\\development\\projects\\wss\\RCCG\\RCCGApi\\RCCGMobile.Api5\\node_modules\\ts-node\\src\\index.ts","function":"Module.m._compile","line":858,"method":"_compile","native":false},{"column":10,"file":"internal/modules/cjs/loader.js","function":"Module._extensions..js","line":947,"method":".js","native":false},{"column":12,"file":"C:\\development\\projects\\wss\\RCCG\\RCCGApi\\RCCGMobile.Api5\\node_modules\\ts-node\\src\\index.ts","function":"Object.require.extensions.<computed> [as .ts]","line":861,"method":"ts]","native":false},{"column":32,"file":"internal/modules/cjs/loader.js","function":"Module.load","line":790,"method":"load","native":false},{"column":12,"file":"internal/modules/cjs/loader.js","function":"Module._load","line":703,"method":"_load","native":false},{"column":19,"file":"internal/modules/cjs/loader.js","function":"Module.require","line":830,"method":"require","native":false}]}
{"error":{"diagnosticText":"\u001b[96msrc/routes/prayerwall.ts\u001b[0m:\u001b[93m10\u001b[0m:\u001b[93m57\u001b[0m - \u001b[91merror\u001b[0m\u001b[90m TS2339: \u001b[0mProperty 'getDivisionGroup' does not exist on type 'typeof PrayerWallController'.\r\n\r\n\u001b[7m10\u001b[0m router.get('/groups/division/:id', PrayerWallController.getDivisionGroup);\r\n\u001b[7m  \u001b[0m \u001b[91m                                                        ~~~~~~~~~~~~~~~~\u001b[0m\r\n","diagnosticCodes":[2339]},"level":"error","message":"uncaughtException: ⨯ Unable to compile TypeScript:\n\u001b[96msrc/routes/prayerwall.ts\u001b[0m:\u001b[93m10\u001b[0m:\u001b[93m57\u001b[0m - \u001b[91merror\u001b[0m\u001b[90m TS2339: \u001b[0mProperty 'getDivisionGroup' does not exist on type 'typeof PrayerWallController'.\r\n\r\n\u001b[7m10\u001b[0m router.get('/groups/division/:id', PrayerWallController.getDivisionGroup);\r\n\u001b[7m  \u001b[0m \u001b[91m                                                        ~~~~~~~~~~~~~~~~\u001b[0m\r\n\nTSError: ⨯ Unable to compile TypeScript:\n\u001b[96msrc/routes/prayerwall.ts\u001b[0m:\u001b[93m10\u001b[0m:\u001b[93m57\u001b[0m - \u001b[91merror\u001b[0m\u001b[90m TS2339: \u001b[0mProperty 'getDivisionGroup' does not exist on type 'typeof PrayerWallController'.\r\n\r\n\u001b[7m10\u001b[0m router.get('/groups/division/:id', PrayerWallController.getDivisionGroup);\r\n\u001b[7m  \u001b[0m \u001b[91m                                                        ~~~~~~~~~~~~~~~~\u001b[0m\r\n\n    at createTSError (C:\\development\\projects\\wss\\RCCG\\RCCGApi\\RCCGMobile.Api5\\node_modules\\ts-node\\src\\index.ts:434:12)\n    at reportTSError (C:\\development\\projects\\wss\\RCCG\\RCCGApi\\RCCGMobile.Api5\\node_modules\\ts-node\\src\\index.ts:438:19)\n    at getOutput (C:\\development\\projects\\wss\\RCCG\\RCCGApi\\RCCGMobile.Api5\\node_modules\\ts-node\\src\\index.ts:578:36)\n    at Object.compile (C:\\development\\projects\\wss\\RCCG\\RCCGApi\\RCCGMobile.Api5\\node_modules\\ts-node\\src\\index.ts:775:32)\n    at Module.m._compile (C:\\development\\projects\\wss\\RCCG\\RCCGApi\\RCCGMobile.Api5\\node_modules\\ts-node\\src\\index.ts:858:43)\n    at Module._extensions..js (internal/modules/cjs/loader.js:947:10)\n    at Object.require.extensions.<computed> [as .ts] (C:\\development\\projects\\wss\\RCCG\\RCCGApi\\RCCGMobile.Api5\\node_modules\\ts-node\\src\\index.ts:861:12)\n    at Module.load (internal/modules/cjs/loader.js:790:32)\n    at Function.Module._load (internal/modules/cjs/loader.js:703:12)\n    at Module.require (internal/modules/cjs/loader.js:830:19)","stack":"TSError: ⨯ Unable to compile TypeScript:\n\u001b[96msrc/routes/prayerwall.ts\u001b[0m:\u001b[93m10\u001b[0m:\u001b[93m57\u001b[0m - \u001b[91merror\u001b[0m\u001b[90m TS2339: \u001b[0mProperty 'getDivisionGroup' does not exist on type 'typeof PrayerWallController'.\r\n\r\n\u001b[7m10\u001b[0m router.get('/groups/division/:id', PrayerWallController.getDivisionGroup);\r\n\u001b[7m  \u001b[0m \u001b[91m                                                        ~~~~~~~~~~~~~~~~\u001b[0m\r\n\n    at createTSError (C:\\development\\projects\\wss\\RCCG\\RCCGApi\\RCCGMobile.Api5\\node_modules\\ts-node\\src\\index.ts:434:12)\n    at reportTSError (C:\\development\\projects\\wss\\RCCG\\RCCGApi\\RCCGMobile.Api5\\node_modules\\ts-node\\src\\index.ts:438:19)\n    at getOutput (C:\\development\\projects\\wss\\RCCG\\RCCGApi\\RCCGMobile.Api5\\node_modules\\ts-node\\src\\index.ts:578:36)\n    at Object.compile (C:\\development\\projects\\wss\\RCCG\\RCCGApi\\RCCGMobile.Api5\\node_modules\\ts-node\\src\\index.ts:775:32)\n    at Module.m._compile (C:\\development\\projects\\wss\\RCCG\\RCCGApi\\RCCGMobile.Api5\\node_modules\\ts-node\\src\\index.ts:858:43)\n    at Module._extensions..js (internal/modules/cjs/loader.js:947:10)\n    at Object.require.extensions.<computed> [as .ts] (C:\\development\\projects\\wss\\RCCG\\RCCGApi\\RCCGMobile.Api5\\node_modules\\ts-node\\src\\index.ts:861:12)\n    at Module.load (internal/modules/cjs/loader.js:790:32)\n    at Function.Module._load (internal/modules/cjs/loader.js:703:12)\n    at Module.require (internal/modules/cjs/loader.js:830:19)","exception":true,"date":"Thu Mar 25 2021 00:36:41 GMT+0100 (West Africa Standard Time)","process":{"pid":1900,"uid":null,"gid":null,"cwd":"C:\\development\\projects\\wss\\RCCG\\RCCGApi\\RCCGMobile.Api5","execPath":"C:\\Program Files\\nodejs\\node.exe","version":"v12.10.0","argv":["C:\\development\\projects\\wss\\RCCG\\RCCGApi\\RCCGMobile.Api5\\node_modules\\ts-node\\dist\\bin.js","C:\\development\\projects\\wss\\RCCG\\RCCGApi\\RCCGMobile.Api5\\src\\index.ts"],"memoryUsage":{"rss":171950080,"heapTotal":143843328,"heapUsed":120105664,"external":1834135}},"os":{"loadavg":[0,0,0],"uptime":17540},"trace":[{"column":12,"file":"C:\\development\\projects\\wss\\RCCG\\RCCGApi\\RCCGMobile.Api5\\node_modules\\ts-node\\src\\index.ts","function":"createTSError","line":434,"method":null,"native":false},{"column":19,"file":"C:\\development\\projects\\wss\\RCCG\\RCCGApi\\RCCGMobile.Api5\\node_modules\\ts-node\\src\\index.ts","function":"reportTSError","line":438,"method":null,"native":false},{"column":36,"file":"C:\\development\\projects\\wss\\RCCG\\RCCGApi\\RCCGMobile.Api5\\node_modules\\ts-node\\src\\index.ts","function":"getOutput","line":578,"method":null,"native":false},{"column":32,"file":"C:\\development\\projects\\wss\\RCCG\\RCCGApi\\RCCGMobile.Api5\\node_modules\\ts-node\\src\\index.ts","function":"Object.compile","line":775,"method":"compile","native":false},{"column":43,"file":"C:\\development\\projects\\wss\\RCCG\\RCCGApi\\RCCGMobile.Api5\\node_modules\\ts-node\\src\\index.ts","function":"Module.m._compile","line":858,"method":"_compile","native":false},{"column":10,"file":"internal/modules/cjs/loader.js","function":"Module._extensions..js","line":947,"method":".js","native":false},{"column":12,"file":"C:\\development\\projects\\wss\\RCCG\\RCCGApi\\RCCGMobile.Api5\\node_modules\\ts-node\\src\\index.ts","function":"Object.require.extensions.<computed> [as .ts]","line":861,"method":"ts]","native":false},{"column":32,"file":"internal/modules/cjs/loader.js","function":"Module.load","line":790,"method":"load","native":false},{"column":12,"file":"internal/modules/cjs/loader.js","function":"Module._load","line":703,"method":"_load","native":false},{"column":19,"file":"internal/modules/cjs/loader.js","function":"Module.require","line":830,"method":"require","native":false}]}
{"message":"🚀 Server ready at http://localhost:6100 for REST APIs","level":"info"}
{"message":"🚀 Server ready at http://localhost:2178 for REST APIs","level":"info"}
{"message":"------------ Type orm connection successful! ----------","level":"info"}
{"message":"🚀 Server ready at http://localhost:6100 for REST APIs","level":"info"}
{"message":"🚀 Server ready at http://localhost:2178 for REST APIs","level":"info"}
{"message":"------------ Type orm connection successful! ----------","level":"info"}
{"error":{"diagnosticText":"\u001b[96msrc/controllers/PrayerWallController.ts\u001b[0m:\u001b[93m73\u001b[0m:\u001b[93m33\u001b[0m - \u001b[91merror\u001b[0m\u001b[90m TS2662: \u001b[0mCannot find name 'getDivisionGroup'. Did you mean the static member 'PrayerWallController.getDivisionGroup'?\r\n\r\n\u001b[7m73\u001b[0m       const entity: any = await getDivisionGroup(id);\r\n\u001b[7m  \u001b[0m \u001b[91m                                ~~~~~~~~~~~~~~~~\u001b[0m\r\n","diagnosticCodes":[2662]},"level":"error","message":"uncaughtException: ⨯ Unable to compile TypeScript:\n\u001b[96msrc/controllers/PrayerWallController.ts\u001b[0m:\u001b[93m73\u001b[0m:\u001b[93m33\u001b[0m - \u001b[91merror\u001b[0m\u001b[90m TS2662: \u001b[0mCannot find name 'getDivisionGroup'. Did you mean the static member 'PrayerWallController.getDivisionGroup'?\r\n\r\n\u001b[7m73\u001b[0m       const entity: any = await getDivisionGroup(id);\r\n\u001b[7m  \u001b[0m \u001b[91m                                ~~~~~~~~~~~~~~~~\u001b[0m\r\n\nTSError: ⨯ Unable to compile TypeScript:\n\u001b[96msrc/controllers/PrayerWallController.ts\u001b[0m:\u001b[93m73\u001b[0m:\u001b[93m33\u001b[0m - \u001b[91merror\u001b[0m\u001b[90m TS2662: \u001b[0mCannot find name 'getDivisionGroup'. Did you mean the static member 'PrayerWallController.getDivisionGroup'?\r\n\r\n\u001b[7m73\u001b[0m       const entity: any = await getDivisionGroup(id);\r\n\u001b[7m  \u001b[0m \u001b[91m                                ~~~~~~~~~~~~~~~~\u001b[0m\r\n\n    at createTSError (C:\\development\\projects\\wss\\RCCG\\RCCGApi\\RCCGMobile.Api5\\node_modules\\ts-node\\src\\index.ts:434:12)\n    at reportTSError (C:\\development\\projects\\wss\\RCCG\\RCCGApi\\RCCGMobile.Api5\\node_modules\\ts-node\\src\\index.ts:438:19)\n    at getOutput (C:\\development\\projects\\wss\\RCCG\\RCCGApi\\RCCGMobile.Api5\\node_modules\\ts-node\\src\\index.ts:578:36)\n    at Object.compile (C:\\development\\projects\\wss\\RCCG\\RCCGApi\\RCCGMobile.Api5\\node_modules\\ts-node\\src\\index.ts:775:32)\n    at Module.m._compile (C:\\development\\projects\\wss\\RCCG\\RCCGApi\\RCCGMobile.Api5\\node_modules\\ts-node\\src\\index.ts:858:43)\n    at Module._extensions..js (internal/modules/cjs/loader.js:947:10)\n    at Object.require.extensions.<computed> [as .ts] (C:\\development\\projects\\wss\\RCCG\\RCCGApi\\RCCGMobile.Api5\\node_modules\\ts-node\\src\\index.ts:861:12)\n    at Module.load (internal/modules/cjs/loader.js:790:32)\n    at Function.Module._load (internal/modules/cjs/loader.js:703:12)\n    at Module.require (internal/modules/cjs/loader.js:830:19)","stack":"TSError: ⨯ Unable to compile TypeScript:\n\u001b[96msrc/controllers/PrayerWallController.ts\u001b[0m:\u001b[93m73\u001b[0m:\u001b[93m33\u001b[0m - \u001b[91merror\u001b[0m\u001b[90m TS2662: \u001b[0mCannot find name 'getDivisionGroup'. Did you mean the static member 'PrayerWallController.getDivisionGroup'?\r\n\r\n\u001b[7m73\u001b[0m       const entity: any = await getDivisionGroup(id);\r\n\u001b[7m  \u001b[0m \u001b[91m                                ~~~~~~~~~~~~~~~~\u001b[0m\r\n\n    at createTSError (C:\\development\\projects\\wss\\RCCG\\RCCGApi\\RCCGMobile.Api5\\node_modules\\ts-node\\src\\index.ts:434:12)\n    at reportTSError (C:\\development\\projects\\wss\\RCCG\\RCCGApi\\RCCGMobile.Api5\\node_modules\\ts-node\\src\\index.ts:438:19)\n    at getOutput (C:\\development\\projects\\wss\\RCCG\\RCCGApi\\RCCGMobile.Api5\\node_modules\\ts-node\\src\\index.ts:578:36)\n    at Object.compile (C:\\development\\projects\\wss\\RCCG\\RCCGApi\\RCCGMobile.Api5\\node_modules\\ts-node\\src\\index.ts:775:32)\n    at Module.m._compile (C:\\development\\projects\\wss\\RCCG\\RCCGApi\\RCCGMobile.Api5\\node_modules\\ts-node\\src\\index.ts:858:43)\n    at Module._extensions..js (internal/modules/cjs/loader.js:947:10)\n    at Object.require.extensions.<computed> [as .ts] (C:\\development\\projects\\wss\\RCCG\\RCCGApi\\RCCGMobile.Api5\\node_modules\\ts-node\\src\\index.ts:861:12)\n    at Module.load (internal/modules/cjs/loader.js:790:32)\n    at Function.Module._load (internal/modules/cjs/loader.js:703:12)\n    at Module.require (internal/modules/cjs/loader.js:830:19)","exception":true,"date":"Thu Mar 25 2021 00:37:52 GMT+0100 (West Africa Standard Time)","process":{"pid":15044,"uid":null,"gid":null,"cwd":"C:\\development\\projects\\wss\\RCCG\\RCCGApi\\RCCGMobile.Api5","execPath":"C:\\Program Files\\nodejs\\node.exe","version":"v12.10.0","argv":["C:\\development\\projects\\wss\\RCCG\\RCCGApi\\RCCGMobile.Api5\\node_modules\\ts-node\\dist\\bin.js","C:\\development\\projects\\wss\\RCCG\\RCCGApi\\RCCGMobile.Api5\\src\\index.ts"],"memoryUsage":{"rss":172756992,"heapTotal":145416192,"heapUsed":112367264,"external":1716466}},"os":{"loadavg":[0,0,0],"uptime":17610},"trace":[{"column":12,"file":"C:\\development\\projects\\wss\\RCCG\\RCCGApi\\RCCGMobile.Api5\\node_modules\\ts-node\\src\\index.ts","function":"createTSError","line":434,"method":null,"native":false},{"column":19,"file":"C:\\development\\projects\\wss\\RCCG\\RCCGApi\\RCCGMobile.Api5\\node_modules\\ts-node\\src\\index.ts","function":"reportTSError","line":438,"method":null,"native":false},{"column":36,"file":"C:\\development\\projects\\wss\\RCCG\\RCCGApi\\RCCGMobile.Api5\\node_modules\\ts-node\\src\\index.ts","function":"getOutput","line":578,"method":null,"native":false},{"column":32,"file":"C:\\development\\projects\\wss\\RCCG\\RCCGApi\\RCCGMobile.Api5\\node_modules\\ts-node\\src\\index.ts","function":"Object.compile","line":775,"method":"compile","native":false},{"column":43,"file":"C:\\development\\projects\\wss\\RCCG\\RCCGApi\\RCCGMobile.Api5\\node_modules\\ts-node\\src\\index.ts","function":"Module.m._compile","line":858,"method":"_compile","native":false},{"column":10,"file":"internal/modules/cjs/loader.js","function":"Module._extensions..js","line":947,"method":".js","native":false},{"column":12,"file":"C:\\development\\projects\\wss\\RCCG\\RCCGApi\\RCCGMobile.Api5\\node_modules\\ts-node\\src\\index.ts","function":"Object.require.extensions.<computed> [as .ts]","line":861,"method":"ts]","native":false},{"column":32,"file":"internal/modules/cjs/loader.js","function":"Module.load","line":790,"method":"load","native":false},{"column":12,"file":"internal/modules/cjs/loader.js","function":"Module._load","line":703,"method":"_load","native":false},{"column":19,"file":"internal/modules/cjs/loader.js","function":"Module.require","line":830,"method":"require","native":false}]}
{"error":{"diagnosticText":"\u001b[96msrc/controllers/PrayerWallController.ts\u001b[0m:\u001b[93m72\u001b[0m:\u001b[93m13\u001b[0m - \u001b[91merror\u001b[0m\u001b[90m TS2451: \u001b[0mCannot redeclare block-scoped variable 'entity'.\r\n\r\n\u001b[7m72\u001b[0m       const entity: any = await getWallByDivisionIdService(id);\r\n\u001b[7m  \u001b[0m \u001b[91m            ~~~~~~\u001b[0m\r\n\u001b[96msrc/controllers/PrayerWallController.ts\u001b[0m:\u001b[93m73\u001b[0m:\u001b[93m13\u001b[0m - \u001b[91merror\u001b[0m\u001b[90m TS2451: \u001b[0mCannot redeclare block-scoped variable 'entity'.\r\n\r\n\u001b[7m73\u001b[0m       const entity: any = await getDivisionGroup(id);\r\n\u001b[7m  \u001b[0m \u001b[91m            ~~~~~~\u001b[0m\r\n\u001b[96msrc/controllers/PrayerWallController.ts\u001b[0m:\u001b[93m73\u001b[0m:\u001b[93m33\u001b[0m - \u001b[91merror\u001b[0m\u001b[90m TS2662: \u001b[0mCannot find name 'getDivisionGroup'. Did you mean the static member 'PrayerWallController.getDivisionGroup'?\r\n\r\n\u001b[7m73\u001b[0m       const entity: any = await getDivisionGroup(id);\r\n\u001b[7m  \u001b[0m \u001b[91m                                ~~~~~~~~~~~~~~~~\u001b[0m\r\n","diagnosticCodes":[2451,2451,2662]},"level":"error","message":"uncaughtException: ⨯ Unable to compile TypeScript:\n\u001b[96msrc/controllers/PrayerWallController.ts\u001b[0m:\u001b[93m72\u001b[0m:\u001b[93m13\u001b[0m - \u001b[91merror\u001b[0m\u001b[90m TS2451: \u001b[0mCannot redeclare block-scoped variable 'entity'.\r\n\r\n\u001b[7m72\u001b[0m       const entity: any = await getWallByDivisionIdService(id);\r\n\u001b[7m  \u001b[0m \u001b[91m            ~~~~~~\u001b[0m\r\n\u001b[96msrc/controllers/PrayerWallController.ts\u001b[0m:\u001b[93m73\u001b[0m:\u001b[93m13\u001b[0m - \u001b[91merror\u001b[0m\u001b[90m TS2451: \u001b[0mCannot redeclare block-scoped variable 'entity'.\r\n\r\n\u001b[7m73\u001b[0m       const entity: any = await getDivisionGroup(id);\r\n\u001b[7m  \u001b[0m \u001b[91m            ~~~~~~\u001b[0m\r\n\u001b[96msrc/controllers/PrayerWallController.ts\u001b[0m:\u001b[93m73\u001b[0m:\u001b[93m33\u001b[0m - \u001b[91merror\u001b[0m\u001b[90m TS2662: \u001b[0mCannot find name 'getDivisionGroup'. Did you mean the static member 'PrayerWallController.getDivisionGroup'?\r\n\r\n\u001b[7m73\u001b[0m       const entity: any = await getDivisionGroup(id);\r\n\u001b[7m  \u001b[0m \u001b[91m                                ~~~~~~~~~~~~~~~~\u001b[0m\r\n\nTSError: ⨯ Unable to compile TypeScript:\n\u001b[96msrc/controllers/PrayerWallController.ts\u001b[0m:\u001b[93m72\u001b[0m:\u001b[93m13\u001b[0m - \u001b[91merror\u001b[0m\u001b[90m TS2451: \u001b[0mCannot redeclare block-scoped variable 'entity'.\r\n\r\n\u001b[7m72\u001b[0m       const entity: any = await getWallByDivisionIdService(id);\r\n\u001b[7m  \u001b[0m \u001b[91m            ~~~~~~\u001b[0m\r\n\u001b[96msrc/controllers/PrayerWallController.ts\u001b[0m:\u001b[93m73\u001b[0m:\u001b[93m13\u001b[0m - \u001b[91merror\u001b[0m\u001b[90m TS2451: \u001b[0mCannot redeclare block-scoped variable 'entity'.\r\n\r\n\u001b[7m73\u001b[0m       const entity: any = await getDivisionGroup(id);\r\n\u001b[7m  \u001b[0m \u001b[91m            ~~~~~~\u001b[0m\r\n\u001b[96msrc/controllers/PrayerWallController.ts\u001b[0m:\u001b[93m73\u001b[0m:\u001b[93m33\u001b[0m - \u001b[91merror\u001b[0m\u001b[90m TS2662: \u001b[0mCannot find name 'getDivisionGroup'. Did you mean the static member 'PrayerWallController.getDivisionGroup'?\r\n\r\n\u001b[7m73\u001b[0m       const entity: any = await getDivisionGroup(id);\r\n\u001b[7m  \u001b[0m \u001b[91m                                ~~~~~~~~~~~~~~~~\u001b[0m\r\n\n    at createTSError (C:\\development\\projects\\wss\\RCCG\\RCCGApi\\RCCGMobile.Api5\\node_modules\\ts-node\\src\\index.ts:434:12)\n    at reportTSError (C:\\development\\projects\\wss\\RCCG\\RCCGApi\\RCCGMobile.Api5\\node_modules\\ts-node\\src\\index.ts:438:19)\n    at getOutput (C:\\development\\projects\\wss\\RCCG\\RCCGApi\\RCCGMobile.Api5\\node_modules\\ts-node\\src\\index.ts:578:36)\n    at Object.compile (C:\\development\\projects\\wss\\RCCG\\RCCGApi\\RCCGMobile.Api5\\node_modules\\ts-node\\src\\index.ts:775:32)\n    at Module.m._compile (C:\\development\\projects\\wss\\RCCG\\RCCGApi\\RCCGMobile.Api5\\node_modules\\ts-node\\src\\index.ts:858:43)\n    at Module._extensions..js (internal/modules/cjs/loader.js:947:10)\n    at Object.require.extensions.<computed> [as .ts] (C:\\development\\projects\\wss\\RCCG\\RCCGApi\\RCCGMobile.Api5\\node_modules\\ts-node\\src\\index.ts:861:12)\n    at Module.load (internal/modules/cjs/loader.js:790:32)\n    at Function.Module._load (internal/modules/cjs/loader.js:703:12)\n    at Module.require (internal/modules/cjs/loader.js:830:19)","stack":"TSError: ⨯ Unable to compile TypeScript:\n\u001b[96msrc/controllers/PrayerWallController.ts\u001b[0m:\u001b[93m72\u001b[0m:\u001b[93m13\u001b[0m - \u001b[91merror\u001b[0m\u001b[90m TS2451: \u001b[0mCannot redeclare block-scoped variable 'entity'.\r\n\r\n\u001b[7m72\u001b[0m       const entity: any = await getWallByDivisionIdService(id);\r\n\u001b[7m  \u001b[0m \u001b[91m            ~~~~~~\u001b[0m\r\n\u001b[96msrc/controllers/PrayerWallController.ts\u001b[0m:\u001b[93m73\u001b[0m:\u001b[93m13\u001b[0m - \u001b[91merror\u001b[0m\u001b[90m TS2451: \u001b[0mCannot redeclare block-scoped variable 'entity'.\r\n\r\n\u001b[7m73\u001b[0m       const entity: any = await getDivisionGroup(id);\r\n\u001b[7m  \u001b[0m \u001b[91m            ~~~~~~\u001b[0m\r\n\u001b[96msrc/controllers/PrayerWallController.ts\u001b[0m:\u001b[93m73\u001b[0m:\u001b[93m33\u001b[0m - \u001b[91merror\u001b[0m\u001b[90m TS2662: \u001b[0mCannot find name 'getDivisionGroup'. Did you mean the static member 'PrayerWallController.getDivisionGroup'?\r\n\r\n\u001b[7m73\u001b[0m       const entity: any = await getDivisionGroup(id);\r\n\u001b[7m  \u001b[0m \u001b[91m                                ~~~~~~~~~~~~~~~~\u001b[0m\r\n\n    at createTSError (C:\\development\\projects\\wss\\RCCG\\RCCGApi\\RCCGMobile.Api5\\node_modules\\ts-node\\src\\index.ts:434:12)\n    at reportTSError (C:\\development\\projects\\wss\\RCCG\\RCCGApi\\RCCGMobile.Api5\\node_modules\\ts-node\\src\\index.ts:438:19)\n    at getOutput (C:\\development\\projects\\wss\\RCCG\\RCCGApi\\RCCGMobile.Api5\\node_modules\\ts-node\\src\\index.ts:578:36)\n    at Object.compile (C:\\development\\projects\\wss\\RCCG\\RCCGApi\\RCCGMobile.Api5\\node_modules\\ts-node\\src\\index.ts:775:32)\n    at Module.m._compile (C:\\development\\projects\\wss\\RCCG\\RCCGApi\\RCCGMobile.Api5\\node_modules\\ts-node\\src\\index.ts:858:43)\n    at Module._extensions..js (internal/modules/cjs/loader.js:947:10)\n    at Object.require.extensions.<computed> [as .ts] (C:\\development\\projects\\wss\\RCCG\\RCCGApi\\RCCGMobile.Api5\\node_modules\\ts-node\\src\\index.ts:861:12)\n    at Module.load (internal/modules/cjs/loader.js:790:32)\n    at Function.Module._load (internal/modules/cjs/loader.js:703:12)\n    at Module.require (internal/modules/cjs/loader.js:830:19)","exception":true,"date":"Thu Mar 25 2021 00:38:01 GMT+0100 (West Africa Standard Time)","process":{"pid":18212,"uid":null,"gid":null,"cwd":"C:\\development\\projects\\wss\\RCCG\\RCCGApi\\RCCGMobile.Api5","execPath":"C:\\Program Files\\nodejs\\node.exe","version":"v12.10.0","argv":["C:\\development\\projects\\wss\\RCCG\\RCCGApi\\RCCGMobile.Api5\\node_modules\\ts-node\\dist\\bin.js","C:\\development\\projects\\wss\\RCCG\\RCCGApi\\RCCGMobile.Api5\\src\\index.ts"],"memoryUsage":{"rss":171450368,"heapTotal":143761408,"heapUsed":124455816,"external":1836351}},"os":{"loadavg":[0,0,0],"uptime":17619},"trace":[{"column":12,"file":"C:\\development\\projects\\wss\\RCCG\\RCCGApi\\RCCGMobile.Api5\\node_modules\\ts-node\\src\\index.ts","function":"createTSError","line":434,"method":null,"native":false},{"column":19,"file":"C:\\development\\projects\\wss\\RCCG\\RCCGApi\\RCCGMobile.Api5\\node_modules\\ts-node\\src\\index.ts","function":"reportTSError","line":438,"method":null,"native":false},{"column":36,"file":"C:\\development\\projects\\wss\\RCCG\\RCCGApi\\RCCGMobile.Api5\\node_modules\\ts-node\\src\\index.ts","function":"getOutput","line":578,"method":null,"native":false},{"column":32,"file":"C:\\development\\projects\\wss\\RCCG\\RCCGApi\\RCCGMobile.Api5\\node_modules\\ts-node\\src\\index.ts","function":"Object.compile","line":775,"method":"compile","native":false},{"column":43,"file":"C:\\development\\projects\\wss\\RCCG\\RCCGApi\\RCCGMobile.Api5\\node_modules\\ts-node\\src\\index.ts","function":"Module.m._compile","line":858,"method":"_compile","native":false},{"column":10,"file":"internal/modules/cjs/loader.js","function":"Module._extensions..js","line":947,"method":".js","native":false},{"column":12,"file":"C:\\development\\projects\\wss\\RCCG\\RCCGApi\\RCCGMobile.Api5\\node_modules\\ts-node\\src\\index.ts","function":"Object.require.extensions.<computed> [as .ts]","line":861,"method":"ts]","native":false},{"column":32,"file":"internal/modules/cjs/loader.js","function":"Module.load","line":790,"method":"load","native":false},{"column":12,"file":"internal/modules/cjs/loader.js","function":"Module._load","line":703,"method":"_load","native":false},{"column":19,"file":"internal/modules/cjs/loader.js","function":"Module.require","line":830,"method":"require","native":false}]}
{"error":{"diagnosticText":"\u001b[96msrc/controllers/PrayerWallController.ts\u001b[0m:\u001b[93m72\u001b[0m:\u001b[93m13\u001b[0m - \u001b[91merror\u001b[0m\u001b[90m TS2451: \u001b[0mCannot redeclare block-scoped variable 'entity'.\r\n\r\n\u001b[7m72\u001b[0m       const entity: any = await getWallByDivisionIdService(id);\r\n\u001b[7m  \u001b[0m \u001b[91m            ~~~~~~\u001b[0m\r\n\u001b[96msrc/controllers/PrayerWallController.ts\u001b[0m:\u001b[93m73\u001b[0m:\u001b[93m13\u001b[0m - \u001b[91merror\u001b[0m\u001b[90m TS2451: \u001b[0mCannot redeclare block-scoped variable 'entity'.\r\n\r\n\u001b[7m73\u001b[0m       const entity: any = await getDivisionGroup(id);\r\n\u001b[7m  \u001b[0m \u001b[91m            ~~~~~~\u001b[0m\r\n\u001b[96msrc/controllers/PrayerWallController.ts\u001b[0m:\u001b[93m73\u001b[0m:\u001b[93m33\u001b[0m - \u001b[91merror\u001b[0m\u001b[90m TS2662: \u001b[0mCannot find name 'getDivisionGroup'. Did you mean the static member 'PrayerWallController.getDivisionGroup'?\r\n\r\n\u001b[7m73\u001b[0m       const entity: any = await getDivisionGroup(id);\r\n\u001b[7m  \u001b[0m \u001b[91m                                ~~~~~~~~~~~~~~~~\u001b[0m\r\n","diagnosticCodes":[2451,2451,2662]},"level":"error","message":"uncaughtException: ⨯ Unable to compile TypeScript:\n\u001b[96msrc/controllers/PrayerWallController.ts\u001b[0m:\u001b[93m72\u001b[0m:\u001b[93m13\u001b[0m - \u001b[91merror\u001b[0m\u001b[90m TS2451: \u001b[0mCannot redeclare block-scoped variable 'entity'.\r\n\r\n\u001b[7m72\u001b[0m       const entity: any = await getWallByDivisionIdService(id);\r\n\u001b[7m  \u001b[0m \u001b[91m            ~~~~~~\u001b[0m\r\n\u001b[96msrc/controllers/PrayerWallController.ts\u001b[0m:\u001b[93m73\u001b[0m:\u001b[93m13\u001b[0m - \u001b[91merror\u001b[0m\u001b[90m TS2451: \u001b[0mCannot redeclare block-scoped variable 'entity'.\r\n\r\n\u001b[7m73\u001b[0m       const entity: any = await getDivisionGroup(id);\r\n\u001b[7m  \u001b[0m \u001b[91m            ~~~~~~\u001b[0m\r\n\u001b[96msrc/controllers/PrayerWallController.ts\u001b[0m:\u001b[93m73\u001b[0m:\u001b[93m33\u001b[0m - \u001b[91merror\u001b[0m\u001b[90m TS2662: \u001b[0mCannot find name 'getDivisionGroup'. Did you mean the static member 'PrayerWallController.getDivisionGroup'?\r\n\r\n\u001b[7m73\u001b[0m       const entity: any = await getDivisionGroup(id);\r\n\u001b[7m  \u001b[0m \u001b[91m                                ~~~~~~~~~~~~~~~~\u001b[0m\r\n\nTSError: ⨯ Unable to compile TypeScript:\n\u001b[96msrc/controllers/PrayerWallController.ts\u001b[0m:\u001b[93m72\u001b[0m:\u001b[93m13\u001b[0m - \u001b[91merror\u001b[0m\u001b[90m TS2451: \u001b[0mCannot redeclare block-scoped variable 'entity'.\r\n\r\n\u001b[7m72\u001b[0m       const entity: any = await getWallByDivisionIdService(id);\r\n\u001b[7m  \u001b[0m \u001b[91m            ~~~~~~\u001b[0m\r\n\u001b[96msrc/controllers/PrayerWallController.ts\u001b[0m:\u001b[93m73\u001b[0m:\u001b[93m13\u001b[0m - \u001b[91merror\u001b[0m\u001b[90m TS2451: \u001b[0mCannot redeclare block-scoped variable 'entity'.\r\n\r\n\u001b[7m73\u001b[0m       const entity: any = await getDivisionGroup(id);\r\n\u001b[7m  \u001b[0m \u001b[91m            ~~~~~~\u001b[0m\r\n\u001b[96msrc/controllers/PrayerWallController.ts\u001b[0m:\u001b[93m73\u001b[0m:\u001b[93m33\u001b[0m - \u001b[91merror\u001b[0m\u001b[90m TS2662: \u001b[0mCannot find name 'getDivisionGroup'. Did you mean the static member 'PrayerWallController.getDivisionGroup'?\r\n\r\n\u001b[7m73\u001b[0m       const entity: any = await getDivisionGroup(id);\r\n\u001b[7m  \u001b[0m \u001b[91m                                ~~~~~~~~~~~~~~~~\u001b[0m\r\n\n    at createTSError (C:\\development\\projects\\wss\\RCCG\\RCCGApi\\RCCGMobile.Api5\\node_modules\\ts-node\\src\\index.ts:434:12)\n    at reportTSError (C:\\development\\projects\\wss\\RCCG\\RCCGApi\\RCCGMobile.Api5\\node_modules\\ts-node\\src\\index.ts:438:19)\n    at getOutput (C:\\development\\projects\\wss\\RCCG\\RCCGApi\\RCCGMobile.Api5\\node_modules\\ts-node\\src\\index.ts:578:36)\n    at Object.compile (C:\\development\\projects\\wss\\RCCG\\RCCGApi\\RCCGMobile.Api5\\node_modules\\ts-node\\src\\index.ts:775:32)\n    at Module.m._compile (C:\\development\\projects\\wss\\RCCG\\RCCGApi\\RCCGMobile.Api5\\node_modules\\ts-node\\src\\index.ts:858:43)\n    at Module._extensions..js (internal/modules/cjs/loader.js:947:10)\n    at Object.require.extensions.<computed> [as .ts] (C:\\development\\projects\\wss\\RCCG\\RCCGApi\\RCCGMobile.Api5\\node_modules\\ts-node\\src\\index.ts:861:12)\n    at Module.load (internal/modules/cjs/loader.js:790:32)\n    at Function.Module._load (internal/modules/cjs/loader.js:703:12)\n    at Module.require (internal/modules/cjs/loader.js:830:19)","stack":"TSError: ⨯ Unable to compile TypeScript:\n\u001b[96msrc/controllers/PrayerWallController.ts\u001b[0m:\u001b[93m72\u001b[0m:\u001b[93m13\u001b[0m - \u001b[91merror\u001b[0m\u001b[90m TS2451: \u001b[0mCannot redeclare block-scoped variable 'entity'.\r\n\r\n\u001b[7m72\u001b[0m       const entity: any = await getWallByDivisionIdService(id);\r\n\u001b[7m  \u001b[0m \u001b[91m            ~~~~~~\u001b[0m\r\n\u001b[96msrc/controllers/PrayerWallController.ts\u001b[0m:\u001b[93m73\u001b[0m:\u001b[93m13\u001b[0m - \u001b[91merror\u001b[0m\u001b[90m TS2451: \u001b[0mCannot redeclare block-scoped variable 'entity'.\r\n\r\n\u001b[7m73\u001b[0m       const entity: any = await getDivisionGroup(id);\r\n\u001b[7m  \u001b[0m \u001b[91m            ~~~~~~\u001b[0m\r\n\u001b[96msrc/controllers/PrayerWallController.ts\u001b[0m:\u001b[93m73\u001b[0m:\u001b[93m33\u001b[0m - \u001b[91merror\u001b[0m\u001b[90m TS2662: \u001b[0mCannot find name 'getDivisionGroup'. Did you mean the static member 'PrayerWallController.getDivisionGroup'?\r\n\r\n\u001b[7m73\u001b[0m       const entity: any = await getDivisionGroup(id);\r\n\u001b[7m  \u001b[0m \u001b[91m                                ~~~~~~~~~~~~~~~~\u001b[0m\r\n\n    at createTSError (C:\\development\\projects\\wss\\RCCG\\RCCGApi\\RCCGMobile.Api5\\node_modules\\ts-node\\src\\index.ts:434:12)\n    at reportTSError (C:\\development\\projects\\wss\\RCCG\\RCCGApi\\RCCGMobile.Api5\\node_modules\\ts-node\\src\\index.ts:438:19)\n    at getOutput (C:\\development\\projects\\wss\\RCCG\\RCCGApi\\RCCGMobile.Api5\\node_modules\\ts-node\\src\\index.ts:578:36)\n    at Object.compile (C:\\development\\projects\\wss\\RCCG\\RCCGApi\\RCCGMobile.Api5\\node_modules\\ts-node\\src\\index.ts:775:32)\n    at Module.m._compile (C:\\development\\projects\\wss\\RCCG\\RCCGApi\\RCCGMobile.Api5\\node_modules\\ts-node\\src\\index.ts:858:43)\n    at Module._extensions..js (internal/modules/cjs/loader.js:947:10)\n    at Object.require.extensions.<computed> [as .ts] (C:\\development\\projects\\wss\\RCCG\\RCCGApi\\RCCGMobile.Api5\\node_modules\\ts-node\\src\\index.ts:861:12)\n    at Module.load (internal/modules/cjs/loader.js:790:32)\n    at Function.Module._load (internal/modules/cjs/loader.js:703:12)\n    at Module.require (internal/modules/cjs/loader.js:830:19)","exception":true,"date":"Thu Mar 25 2021 00:38:16 GMT+0100 (West Africa Standard Time)","process":{"pid":16440,"uid":null,"gid":null,"cwd":"C:\\development\\projects\\wss\\RCCG\\RCCGApi\\RCCGMobile.Api5","execPath":"C:\\Program Files\\nodejs\\node.exe","version":"v12.10.0","argv":["C:\\development\\projects\\wss\\RCCG\\RCCGApi\\RCCGMobile.Api5\\node_modules\\ts-node\\dist\\bin.js","C:\\development\\projects\\wss\\RCCG\\RCCGApi\\RCCGMobile.Api5\\src\\index.ts"],"memoryUsage":{"rss":170864640,"heapTotal":145678336,"heapUsed":112190624,"external":1716466}},"os":{"loadavg":[0,0,0],"uptime":17634},"trace":[{"column":12,"file":"C:\\development\\projects\\wss\\RCCG\\RCCGApi\\RCCGMobile.Api5\\node_modules\\ts-node\\src\\index.ts","function":"createTSError","line":434,"method":null,"native":false},{"column":19,"file":"C:\\development\\projects\\wss\\RCCG\\RCCGApi\\RCCGMobile.Api5\\node_modules\\ts-node\\src\\index.ts","function":"reportTSError","line":438,"method":null,"native":false},{"column":36,"file":"C:\\development\\projects\\wss\\RCCG\\RCCGApi\\RCCGMobile.Api5\\node_modules\\ts-node\\src\\index.ts","function":"getOutput","line":578,"method":null,"native":false},{"column":32,"file":"C:\\development\\projects\\wss\\RCCG\\RCCGApi\\RCCGMobile.Api5\\node_modules\\ts-node\\src\\index.ts","function":"Object.compile","line":775,"method":"compile","native":false},{"column":43,"file":"C:\\development\\projects\\wss\\RCCG\\RCCGApi\\RCCGMobile.Api5\\node_modules\\ts-node\\src\\index.ts","function":"Module.m._compile","line":858,"method":"_compile","native":false},{"column":10,"file":"internal/modules/cjs/loader.js","function":"Module._extensions..js","line":947,"method":".js","native":false},{"column":12,"file":"C:\\development\\projects\\wss\\RCCG\\RCCGApi\\RCCGMobile.Api5\\node_modules\\ts-node\\src\\index.ts","function":"Object.require.extensions.<computed> [as .ts]","line":861,"method":"ts]","native":false},{"column":32,"file":"internal/modules/cjs/loader.js","function":"Module.load","line":790,"method":"load","native":false},{"column":12,"file":"internal/modules/cjs/loader.js","function":"Module._load","line":703,"method":"_load","native":false},{"column":19,"file":"internal/modules/cjs/loader.js","function":"Module.require","line":830,"method":"require","native":false}]}
{"error":{"diagnosticText":"\u001b[96msrc/controllers/PrayerWallController.ts\u001b[0m:\u001b[93m73\u001b[0m:\u001b[93m33\u001b[0m - \u001b[91merror\u001b[0m\u001b[90m TS2304: \u001b[0mCannot find name 'getDivisionGroupService'.\r\n\r\n\u001b[7m73\u001b[0m       const entity: any = await getDivisionGroupService(id);\r\n\u001b[7m  \u001b[0m \u001b[91m                                ~~~~~~~~~~~~~~~~~~~~~~~\u001b[0m\r\n","diagnosticCodes":[2304]},"level":"error","message":"uncaughtException: ⨯ Unable to compile TypeScript:\n\u001b[96msrc/controllers/PrayerWallController.ts\u001b[0m:\u001b[93m73\u001b[0m:\u001b[93m33\u001b[0m - \u001b[91merror\u001b[0m\u001b[90m TS2304: \u001b[0mCannot find name 'getDivisionGroupService'.\r\n\r\n\u001b[7m73\u001b[0m       const entity: any = await getDivisionGroupService(id);\r\n\u001b[7m  \u001b[0m \u001b[91m                                ~~~~~~~~~~~~~~~~~~~~~~~\u001b[0m\r\n\nTSError: ⨯ Unable to compile TypeScript:\n\u001b[96msrc/controllers/PrayerWallController.ts\u001b[0m:\u001b[93m73\u001b[0m:\u001b[93m33\u001b[0m - \u001b[91merror\u001b[0m\u001b[90m TS2304: \u001b[0mCannot find name 'getDivisionGroupService'.\r\n\r\n\u001b[7m73\u001b[0m       const entity: any = await getDivisionGroupService(id);\r\n\u001b[7m  \u001b[0m \u001b[91m                                ~~~~~~~~~~~~~~~~~~~~~~~\u001b[0m\r\n\n    at createTSError (C:\\development\\projects\\wss\\RCCG\\RCCGApi\\RCCGMobile.Api5\\node_modules\\ts-node\\src\\index.ts:434:12)\n    at reportTSError (C:\\development\\projects\\wss\\RCCG\\RCCGApi\\RCCGMobile.Api5\\node_modules\\ts-node\\src\\index.ts:438:19)\n    at getOutput (C:\\development\\projects\\wss\\RCCG\\RCCGApi\\RCCGMobile.Api5\\node_modules\\ts-node\\src\\index.ts:578:36)\n    at Object.compile (C:\\development\\projects\\wss\\RCCG\\RCCGApi\\RCCGMobile.Api5\\node_modules\\ts-node\\src\\index.ts:775:32)\n    at Module.m._compile (C:\\development\\projects\\wss\\RCCG\\RCCGApi\\RCCGMobile.Api5\\node_modules\\ts-node\\src\\index.ts:858:43)\n    at Module._extensions..js (internal/modules/cjs/loader.js:947:10)\n    at Object.require.extensions.<computed> [as .ts] (C:\\development\\projects\\wss\\RCCG\\RCCGApi\\RCCGMobile.Api5\\node_modules\\ts-node\\src\\index.ts:861:12)\n    at Module.load (internal/modules/cjs/loader.js:790:32)\n    at Function.Module._load (internal/modules/cjs/loader.js:703:12)\n    at Module.require (internal/modules/cjs/loader.js:830:19)","stack":"TSError: ⨯ Unable to compile TypeScript:\n\u001b[96msrc/controllers/PrayerWallController.ts\u001b[0m:\u001b[93m73\u001b[0m:\u001b[93m33\u001b[0m - \u001b[91merror\u001b[0m\u001b[90m TS2304: \u001b[0mCannot find name 'getDivisionGroupService'.\r\n\r\n\u001b[7m73\u001b[0m       const entity: any = await getDivisionGroupService(id);\r\n\u001b[7m  \u001b[0m \u001b[91m                                ~~~~~~~~~~~~~~~~~~~~~~~\u001b[0m\r\n\n    at createTSError (C:\\development\\projects\\wss\\RCCG\\RCCGApi\\RCCGMobile.Api5\\node_modules\\ts-node\\src\\index.ts:434:12)\n    at reportTSError (C:\\development\\projects\\wss\\RCCG\\RCCGApi\\RCCGMobile.Api5\\node_modules\\ts-node\\src\\index.ts:438:19)\n    at getOutput (C:\\development\\projects\\wss\\RCCG\\RCCGApi\\RCCGMobile.Api5\\node_modules\\ts-node\\src\\index.ts:578:36)\n    at Object.compile (C:\\development\\projects\\wss\\RCCG\\RCCGApi\\RCCGMobile.Api5\\node_modules\\ts-node\\src\\index.ts:775:32)\n    at Module.m._compile (C:\\development\\projects\\wss\\RCCG\\RCCGApi\\RCCGMobile.Api5\\node_modules\\ts-node\\src\\index.ts:858:43)\n    at Module._extensions..js (internal/modules/cjs/loader.js:947:10)\n    at Object.require.extensions.<computed> [as .ts] (C:\\development\\projects\\wss\\RCCG\\RCCGApi\\RCCGMobile.Api5\\node_modules\\ts-node\\src\\index.ts:861:12)\n    at Module.load (internal/modules/cjs/loader.js:790:32)\n    at Function.Module._load (internal/modules/cjs/loader.js:703:12)\n    at Module.require (internal/modules/cjs/loader.js:830:19)","exception":true,"date":"Thu Mar 25 2021 00:38:47 GMT+0100 (West Africa Standard Time)","process":{"pid":15512,"uid":null,"gid":null,"cwd":"C:\\development\\projects\\wss\\RCCG\\RCCGApi\\RCCGMobile.Api5","execPath":"C:\\Program Files\\nodejs\\node.exe","version":"v12.10.0","argv":["C:\\development\\projects\\wss\\RCCG\\RCCGApi\\RCCGMobile.Api5\\node_modules\\ts-node\\dist\\bin.js","C:\\development\\projects\\wss\\RCCG\\RCCGApi\\RCCGMobile.Api5\\src\\index.ts"],"memoryUsage":{"rss":169312256,"heapTotal":143237120,"heapUsed":123400400,"external":1836361}},"os":{"loadavg":[0,0,0],"uptime":17665},"trace":[{"column":12,"file":"C:\\development\\projects\\wss\\RCCG\\RCCGApi\\RCCGMobile.Api5\\node_modules\\ts-node\\src\\index.ts","function":"createTSError","line":434,"method":null,"native":false},{"column":19,"file":"C:\\development\\projects\\wss\\RCCG\\RCCGApi\\RCCGMobile.Api5\\node_modules\\ts-node\\src\\index.ts","function":"reportTSError","line":438,"method":null,"native":false},{"column":36,"file":"C:\\development\\projects\\wss\\RCCG\\RCCGApi\\RCCGMobile.Api5\\node_modules\\ts-node\\src\\index.ts","function":"getOutput","line":578,"method":null,"native":false},{"column":32,"file":"C:\\development\\projects\\wss\\RCCG\\RCCGApi\\RCCGMobile.Api5\\node_modules\\ts-node\\src\\index.ts","function":"Object.compile","line":775,"method":"compile","native":false},{"column":43,"file":"C:\\development\\projects\\wss\\RCCG\\RCCGApi\\RCCGMobile.Api5\\node_modules\\ts-node\\src\\index.ts","function":"Module.m._compile","line":858,"method":"_compile","native":false},{"column":10,"file":"internal/modules/cjs/loader.js","function":"Module._extensions..js","line":947,"method":".js","native":false},{"column":12,"file":"C:\\development\\projects\\wss\\RCCG\\RCCGApi\\RCCGMobile.Api5\\node_modules\\ts-node\\src\\index.ts","function":"Object.require.extensions.<computed> [as .ts]","line":861,"method":"ts]","native":false},{"column":32,"file":"internal/modules/cjs/loader.js","function":"Module.load","line":790,"method":"load","native":false},{"column":12,"file":"internal/modules/cjs/loader.js","function":"Module._load","line":703,"method":"_load","native":false},{"column":19,"file":"internal/modules/cjs/loader.js","function":"Module.require","line":830,"method":"require","native":false}]}
{"message":"🚀 Server ready at http://localhost:6100 for REST APIs","level":"info"}
{"message":"🚀 Server ready at http://localhost:2178 for REST APIs","level":"info"}
{"message":"------------ Type orm connection successful! ----------","level":"info"}
{"message":"🚀 Server ready at http://localhost:6100 for REST APIs","level":"info"}
{"message":"🚀 Server ready at http://localhost:2178 for REST APIs","level":"info"}
{"message":"------------ Type orm connection successful! ----------","level":"info"}
{"message":"🚀 Server ready at http://localhost:6100 for REST APIs","level":"info"}
{"message":"🚀 Server ready at http://localhost:2178 for REST APIs","level":"info"}
{"message":"------------ Type orm connection successful! ----------","level":"info"}
{"message":"🚀 Server ready at http://localhost:6100 for REST APIs","level":"info"}
{"message":"🚀 Server ready at http://localhost:2178 for REST APIs","level":"info"}
{"message":"------------ Type orm connection successful! ----------","level":"info"}
{"message":"🚀 Server ready at http://localhost:6100 for REST APIs","level":"info"}
{"message":"🚀 Server ready at http://localhost:2178 for REST APIs","level":"info"}
{"message":"------------ Type orm connection successful! ----------","level":"info"}
{"message":"🚀 Server ready at http://localhost:6100 for REST APIs","level":"info"}
{"message":"🚀 Server ready at http://localhost:2178 for REST APIs","level":"info"}
{"message":"------------ Type orm connection successful! ----------","level":"info"}
{"error":{"diagnosticText":"\u001b[96msrc/routes/prayerwall.ts\u001b[0m:\u001b[93m11\u001b[0m:\u001b[93m48\u001b[0m - \u001b[91merror\u001b[0m\u001b[90m TS2339: \u001b[0mProperty 'getPrayerWallByGroup' does not exist on type 'typeof PrayerWallController'.\r\n\r\n\u001b[7m11\u001b[0m router.get('/groups/:id', PrayerWallController.getPrayerWallByGroup);\r\n\u001b[7m  \u001b[0m \u001b[91m                                               ~~~~~~~~~~~~~~~~~~~~\u001b[0m\r\n","diagnosticCodes":[2339]},"level":"error","message":"uncaughtException: ⨯ Unable to compile TypeScript:\n\u001b[96msrc/routes/prayerwall.ts\u001b[0m:\u001b[93m11\u001b[0m:\u001b[93m48\u001b[0m - \u001b[91merror\u001b[0m\u001b[90m TS2339: \u001b[0mProperty 'getPrayerWallByGroup' does not exist on type 'typeof PrayerWallController'.\r\n\r\n\u001b[7m11\u001b[0m router.get('/groups/:id', PrayerWallController.getPrayerWallByGroup);\r\n\u001b[7m  \u001b[0m \u001b[91m                                               ~~~~~~~~~~~~~~~~~~~~\u001b[0m\r\n\nTSError: ⨯ Unable to compile TypeScript:\n\u001b[96msrc/routes/prayerwall.ts\u001b[0m:\u001b[93m11\u001b[0m:\u001b[93m48\u001b[0m - \u001b[91merror\u001b[0m\u001b[90m TS2339: \u001b[0mProperty 'getPrayerWallByGroup' does not exist on type 'typeof PrayerWallController'.\r\n\r\n\u001b[7m11\u001b[0m router.get('/groups/:id', PrayerWallController.getPrayerWallByGroup);\r\n\u001b[7m  \u001b[0m \u001b[91m                                               ~~~~~~~~~~~~~~~~~~~~\u001b[0m\r\n\n    at createTSError (C:\\development\\projects\\wss\\RCCG\\RCCGApi\\RCCGMobile.Api5\\node_modules\\ts-node\\src\\index.ts:434:12)\n    at reportTSError (C:\\development\\projects\\wss\\RCCG\\RCCGApi\\RCCGMobile.Api5\\node_modules\\ts-node\\src\\index.ts:438:19)\n    at getOutput (C:\\development\\projects\\wss\\RCCG\\RCCGApi\\RCCGMobile.Api5\\node_modules\\ts-node\\src\\index.ts:578:36)\n    at Object.compile (C:\\development\\projects\\wss\\RCCG\\RCCGApi\\RCCGMobile.Api5\\node_modules\\ts-node\\src\\index.ts:775:32)\n    at Module.m._compile (C:\\development\\projects\\wss\\RCCG\\RCCGApi\\RCCGMobile.Api5\\node_modules\\ts-node\\src\\index.ts:858:43)\n    at Module._extensions..js (internal/modules/cjs/loader.js:947:10)\n    at Object.require.extensions.<computed> [as .ts] (C:\\development\\projects\\wss\\RCCG\\RCCGApi\\RCCGMobile.Api5\\node_modules\\ts-node\\src\\index.ts:861:12)\n    at Module.load (internal/modules/cjs/loader.js:790:32)\n    at Function.Module._load (internal/modules/cjs/loader.js:703:12)\n    at Module.require (internal/modules/cjs/loader.js:830:19)","stack":"TSError: ⨯ Unable to compile TypeScript:\n\u001b[96msrc/routes/prayerwall.ts\u001b[0m:\u001b[93m11\u001b[0m:\u001b[93m48\u001b[0m - \u001b[91merror\u001b[0m\u001b[90m TS2339: \u001b[0mProperty 'getPrayerWallByGroup' does not exist on type 'typeof PrayerWallController'.\r\n\r\n\u001b[7m11\u001b[0m router.get('/groups/:id', PrayerWallController.getPrayerWallByGroup);\r\n\u001b[7m  \u001b[0m \u001b[91m                                               ~~~~~~~~~~~~~~~~~~~~\u001b[0m\r\n\n    at createTSError (C:\\development\\projects\\wss\\RCCG\\RCCGApi\\RCCGMobile.Api5\\node_modules\\ts-node\\src\\index.ts:434:12)\n    at reportTSError (C:\\development\\projects\\wss\\RCCG\\RCCGApi\\RCCGMobile.Api5\\node_modules\\ts-node\\src\\index.ts:438:19)\n    at getOutput (C:\\development\\projects\\wss\\RCCG\\RCCGApi\\RCCGMobile.Api5\\node_modules\\ts-node\\src\\index.ts:578:36)\n    at Object.compile (C:\\development\\projects\\wss\\RCCG\\RCCGApi\\RCCGMobile.Api5\\node_modules\\ts-node\\src\\index.ts:775:32)\n    at Module.m._compile (C:\\development\\projects\\wss\\RCCG\\RCCGApi\\RCCGMobile.Api5\\node_modules\\ts-node\\src\\index.ts:858:43)\n    at Module._extensions..js (internal/modules/cjs/loader.js:947:10)\n    at Object.require.extensions.<computed> [as .ts] (C:\\development\\projects\\wss\\RCCG\\RCCGApi\\RCCGMobile.Api5\\node_modules\\ts-node\\src\\index.ts:861:12)\n    at Module.load (internal/modules/cjs/loader.js:790:32)\n    at Function.Module._load (internal/modules/cjs/loader.js:703:12)\n    at Module.require (internal/modules/cjs/loader.js:830:19)","exception":true,"date":"Thu Mar 25 2021 00:54:50 GMT+0100 (West Africa Standard Time)","process":{"pid":18364,"uid":null,"gid":null,"cwd":"C:\\development\\projects\\wss\\RCCG\\RCCGApi\\RCCGMobile.Api5","execPath":"C:\\Program Files\\nodejs\\node.exe","version":"v12.10.0","argv":["C:\\development\\projects\\wss\\RCCG\\RCCGApi\\RCCGMobile.Api5\\node_modules\\ts-node\\dist\\bin.js","C:\\development\\projects\\wss\\RCCG\\RCCGApi\\RCCGMobile.Api5\\src\\index.ts"],"memoryUsage":{"rss":171364352,"heapTotal":144023552,"heapUsed":120982720,"external":1834135}},"os":{"loadavg":[0,0,0],"uptime":18628},"trace":[{"column":12,"file":"C:\\development\\projects\\wss\\RCCG\\RCCGApi\\RCCGMobile.Api5\\node_modules\\ts-node\\src\\index.ts","function":"createTSError","line":434,"method":null,"native":false},{"column":19,"file":"C:\\development\\projects\\wss\\RCCG\\RCCGApi\\RCCGMobile.Api5\\node_modules\\ts-node\\src\\index.ts","function":"reportTSError","line":438,"method":null,"native":false},{"column":36,"file":"C:\\development\\projects\\wss\\RCCG\\RCCGApi\\RCCGMobile.Api5\\node_modules\\ts-node\\src\\index.ts","function":"getOutput","line":578,"method":null,"native":false},{"column":32,"file":"C:\\development\\projects\\wss\\RCCG\\RCCGApi\\RCCGMobile.Api5\\node_modules\\ts-node\\src\\index.ts","function":"Object.compile","line":775,"method":"compile","native":false},{"column":43,"file":"C:\\development\\projects\\wss\\RCCG\\RCCGApi\\RCCGMobile.Api5\\node_modules\\ts-node\\src\\index.ts","function":"Module.m._compile","line":858,"method":"_compile","native":false},{"column":10,"file":"internal/modules/cjs/loader.js","function":"Module._extensions..js","line":947,"method":".js","native":false},{"column":12,"file":"C:\\development\\projects\\wss\\RCCG\\RCCGApi\\RCCGMobile.Api5\\node_modules\\ts-node\\src\\index.ts","function":"Object.require.extensions.<computed> [as .ts]","line":861,"method":"ts]","native":false},{"column":32,"file":"internal/modules/cjs/loader.js","function":"Module.load","line":790,"method":"load","native":false},{"column":12,"file":"internal/modules/cjs/loader.js","function":"Module._load","line":703,"method":"_load","native":false},{"column":19,"file":"internal/modules/cjs/loader.js","function":"Module.require","line":830,"method":"require","native":false}]}
{"message":"🚀 Server ready at http://localhost:6100 for REST APIs","level":"info"}
{"message":"🚀 Server ready at http://localhost:2178 for REST APIs","level":"info"}
{"message":"------------ Type orm connection successful! ----------","level":"info"}
{"error":{"diagnosticText":"\u001b[96msrc/controllers/PrayerWallController.ts\u001b[0m:\u001b[93m93\u001b[0m:\u001b[93m33\u001b[0m - \u001b[91merror\u001b[0m\u001b[90m TS2552: \u001b[0mCannot find name 'getPrayerWallByGroupService'. Did you mean 'getPrayerWallGroupService'?\r\n\r\n\u001b[7m93\u001b[0m       const entity: any = await getPrayerWallByGroupService(id);\r\n\u001b[7m  \u001b[0m \u001b[91m                                ~~~~~~~~~~~~~~~~~~~~~~~~~~~\u001b[0m\r\n","diagnosticCodes":[2552]},"level":"error","message":"uncaughtException: ⨯ Unable to compile TypeScript:\n\u001b[96msrc/controllers/PrayerWallController.ts\u001b[0m:\u001b[93m93\u001b[0m:\u001b[93m33\u001b[0m - \u001b[91merror\u001b[0m\u001b[90m TS2552: \u001b[0mCannot find name 'getPrayerWallByGroupService'. Did you mean 'getPrayerWallGroupService'?\r\n\r\n\u001b[7m93\u001b[0m       const entity: any = await getPrayerWallByGroupService(id);\r\n\u001b[7m  \u001b[0m \u001b[91m                                ~~~~~~~~~~~~~~~~~~~~~~~~~~~\u001b[0m\r\n\nTSError: ⨯ Unable to compile TypeScript:\n\u001b[96msrc/controllers/PrayerWallController.ts\u001b[0m:\u001b[93m93\u001b[0m:\u001b[93m33\u001b[0m - \u001b[91merror\u001b[0m\u001b[90m TS2552: \u001b[0mCannot find name 'getPrayerWallByGroupService'. Did you mean 'getPrayerWallGroupService'?\r\n\r\n\u001b[7m93\u001b[0m       const entity: any = await getPrayerWallByGroupService(id);\r\n\u001b[7m  \u001b[0m \u001b[91m                                ~~~~~~~~~~~~~~~~~~~~~~~~~~~\u001b[0m\r\n\n    at createTSError (C:\\development\\projects\\wss\\RCCG\\RCCGApi\\RCCGMobile.Api5\\node_modules\\ts-node\\src\\index.ts:434:12)\n    at reportTSError (C:\\development\\projects\\wss\\RCCG\\RCCGApi\\RCCGMobile.Api5\\node_modules\\ts-node\\src\\index.ts:438:19)\n    at getOutput (C:\\development\\projects\\wss\\RCCG\\RCCGApi\\RCCGMobile.Api5\\node_modules\\ts-node\\src\\index.ts:578:36)\n    at Object.compile (C:\\development\\projects\\wss\\RCCG\\RCCGApi\\RCCGMobile.Api5\\node_modules\\ts-node\\src\\index.ts:775:32)\n    at Module.m._compile (C:\\development\\projects\\wss\\RCCG\\RCCGApi\\RCCGMobile.Api5\\node_modules\\ts-node\\src\\index.ts:858:43)\n    at Module._extensions..js (internal/modules/cjs/loader.js:947:10)\n    at Object.require.extensions.<computed> [as .ts] (C:\\development\\projects\\wss\\RCCG\\RCCGApi\\RCCGMobile.Api5\\node_modules\\ts-node\\src\\index.ts:861:12)\n    at Module.load (internal/modules/cjs/loader.js:790:32)\n    at Function.Module._load (internal/modules/cjs/loader.js:703:12)\n    at Module.require (internal/modules/cjs/loader.js:830:19)","stack":"TSError: ⨯ Unable to compile TypeScript:\n\u001b[96msrc/controllers/PrayerWallController.ts\u001b[0m:\u001b[93m93\u001b[0m:\u001b[93m33\u001b[0m - \u001b[91merror\u001b[0m\u001b[90m TS2552: \u001b[0mCannot find name 'getPrayerWallByGroupService'. Did you mean 'getPrayerWallGroupService'?\r\n\r\n\u001b[7m93\u001b[0m       const entity: any = await getPrayerWallByGroupService(id);\r\n\u001b[7m  \u001b[0m \u001b[91m                                ~~~~~~~~~~~~~~~~~~~~~~~~~~~\u001b[0m\r\n\n    at createTSError (C:\\development\\projects\\wss\\RCCG\\RCCGApi\\RCCGMobile.Api5\\node_modules\\ts-node\\src\\index.ts:434:12)\n    at reportTSError (C:\\development\\projects\\wss\\RCCG\\RCCGApi\\RCCGMobile.Api5\\node_modules\\ts-node\\src\\index.ts:438:19)\n    at getOutput (C:\\development\\projects\\wss\\RCCG\\RCCGApi\\RCCGMobile.Api5\\node_modules\\ts-node\\src\\index.ts:578:36)\n    at Object.compile (C:\\development\\projects\\wss\\RCCG\\RCCGApi\\RCCGMobile.Api5\\node_modules\\ts-node\\src\\index.ts:775:32)\n    at Module.m._compile (C:\\development\\projects\\wss\\RCCG\\RCCGApi\\RCCGMobile.Api5\\node_modules\\ts-node\\src\\index.ts:858:43)\n    at Module._extensions..js (internal/modules/cjs/loader.js:947:10)\n    at Object.require.extensions.<computed> [as .ts] (C:\\development\\projects\\wss\\RCCG\\RCCGApi\\RCCGMobile.Api5\\node_modules\\ts-node\\src\\index.ts:861:12)\n    at Module.load (internal/modules/cjs/loader.js:790:32)\n    at Function.Module._load (internal/modules/cjs/loader.js:703:12)\n    at Module.require (internal/modules/cjs/loader.js:830:19)","exception":true,"date":"Thu Mar 25 2021 00:55:40 GMT+0100 (West Africa Standard Time)","process":{"pid":8628,"uid":null,"gid":null,"cwd":"C:\\development\\projects\\wss\\RCCG\\RCCGApi\\RCCGMobile.Api5","execPath":"C:\\Program Files\\nodejs\\node.exe","version":"v12.10.0","argv":["C:\\development\\projects\\wss\\RCCG\\RCCGApi\\RCCGMobile.Api5\\node_modules\\ts-node\\dist\\bin.js","C:\\development\\projects\\wss\\RCCG\\RCCGApi\\RCCGMobile.Api5\\src\\index.ts"],"memoryUsage":{"rss":172662784,"heapTotal":145596416,"heapUsed":112426008,"external":1716466}},"os":{"loadavg":[0,0,0],"uptime":18679},"trace":[{"column":12,"file":"C:\\development\\projects\\wss\\RCCG\\RCCGApi\\RCCGMobile.Api5\\node_modules\\ts-node\\src\\index.ts","function":"createTSError","line":434,"method":null,"native":false},{"column":19,"file":"C:\\development\\projects\\wss\\RCCG\\RCCGApi\\RCCGMobile.Api5\\node_modules\\ts-node\\src\\index.ts","function":"reportTSError","line":438,"method":null,"native":false},{"column":36,"file":"C:\\development\\projects\\wss\\RCCG\\RCCGApi\\RCCGMobile.Api5\\node_modules\\ts-node\\src\\index.ts","function":"getOutput","line":578,"method":null,"native":false},{"column":32,"file":"C:\\development\\projects\\wss\\RCCG\\RCCGApi\\RCCGMobile.Api5\\node_modules\\ts-node\\src\\index.ts","function":"Object.compile","line":775,"method":"compile","native":false},{"column":43,"file":"C:\\development\\projects\\wss\\RCCG\\RCCGApi\\RCCGMobile.Api5\\node_modules\\ts-node\\src\\index.ts","function":"Module.m._compile","line":858,"method":"_compile","native":false},{"column":10,"file":"internal/modules/cjs/loader.js","function":"Module._extensions..js","line":947,"method":".js","native":false},{"column":12,"file":"C:\\development\\projects\\wss\\RCCG\\RCCGApi\\RCCGMobile.Api5\\node_modules\\ts-node\\src\\index.ts","function":"Object.require.extensions.<computed> [as .ts]","line":861,"method":"ts]","native":false},{"column":32,"file":"internal/modules/cjs/loader.js","function":"Module.load","line":790,"method":"load","native":false},{"column":12,"file":"internal/modules/cjs/loader.js","function":"Module._load","line":703,"method":"_load","native":false},{"column":19,"file":"internal/modules/cjs/loader.js","function":"Module.require","line":830,"method":"require","native":false}]}
{"error":{"diagnosticText":"\u001b[96msrc/controllers/PrayerWallController.ts\u001b[0m:\u001b[93m93\u001b[0m:\u001b[93m33\u001b[0m - \u001b[91merror\u001b[0m\u001b[90m TS2552: \u001b[0mCannot find name 'getPrayerWallByGroupService'. Did you mean 'getPrayerWallGroupService'?\r\n\r\n\u001b[7m93\u001b[0m       const entity: any = await getPrayerWallByGroupService(id);\r\n\u001b[7m  \u001b[0m \u001b[91m                                ~~~~~~~~~~~~~~~~~~~~~~~~~~~\u001b[0m\r\n","diagnosticCodes":[2552]},"level":"error","message":"uncaughtException: ⨯ Unable to compile TypeScript:\n\u001b[96msrc/controllers/PrayerWallController.ts\u001b[0m:\u001b[93m93\u001b[0m:\u001b[93m33\u001b[0m - \u001b[91merror\u001b[0m\u001b[90m TS2552: \u001b[0mCannot find name 'getPrayerWallByGroupService'. Did you mean 'getPrayerWallGroupService'?\r\n\r\n\u001b[7m93\u001b[0m       const entity: any = await getPrayerWallByGroupService(id);\r\n\u001b[7m  \u001b[0m \u001b[91m                                ~~~~~~~~~~~~~~~~~~~~~~~~~~~\u001b[0m\r\n\nTSError: ⨯ Unable to compile TypeScript:\n\u001b[96msrc/controllers/PrayerWallController.ts\u001b[0m:\u001b[93m93\u001b[0m:\u001b[93m33\u001b[0m - \u001b[91merror\u001b[0m\u001b[90m TS2552: \u001b[0mCannot find name 'getPrayerWallByGroupService'. Did you mean 'getPrayerWallGroupService'?\r\n\r\n\u001b[7m93\u001b[0m       const entity: any = await getPrayerWallByGroupService(id);\r\n\u001b[7m  \u001b[0m \u001b[91m                                ~~~~~~~~~~~~~~~~~~~~~~~~~~~\u001b[0m\r\n\n    at createTSError (C:\\development\\projects\\wss\\RCCG\\RCCGApi\\RCCGMobile.Api5\\node_modules\\ts-node\\src\\index.ts:434:12)\n    at reportTSError (C:\\development\\projects\\wss\\RCCG\\RCCGApi\\RCCGMobile.Api5\\node_modules\\ts-node\\src\\index.ts:438:19)\n    at getOutput (C:\\development\\projects\\wss\\RCCG\\RCCGApi\\RCCGMobile.Api5\\node_modules\\ts-node\\src\\index.ts:578:36)\n    at Object.compile (C:\\development\\projects\\wss\\RCCG\\RCCGApi\\RCCGMobile.Api5\\node_modules\\ts-node\\src\\index.ts:775:32)\n    at Module.m._compile (C:\\development\\projects\\wss\\RCCG\\RCCGApi\\RCCGMobile.Api5\\node_modules\\ts-node\\src\\index.ts:858:43)\n    at Module._extensions..js (internal/modules/cjs/loader.js:947:10)\n    at Object.require.extensions.<computed> [as .ts] (C:\\development\\projects\\wss\\RCCG\\RCCGApi\\RCCGMobile.Api5\\node_modules\\ts-node\\src\\index.ts:861:12)\n    at Module.load (internal/modules/cjs/loader.js:790:32)\n    at Function.Module._load (internal/modules/cjs/loader.js:703:12)\n    at Module.require (internal/modules/cjs/loader.js:830:19)","stack":"TSError: ⨯ Unable to compile TypeScript:\n\u001b[96msrc/controllers/PrayerWallController.ts\u001b[0m:\u001b[93m93\u001b[0m:\u001b[93m33\u001b[0m - \u001b[91merror\u001b[0m\u001b[90m TS2552: \u001b[0mCannot find name 'getPrayerWallByGroupService'. Did you mean 'getPrayerWallGroupService'?\r\n\r\n\u001b[7m93\u001b[0m       const entity: any = await getPrayerWallByGroupService(id);\r\n\u001b[7m  \u001b[0m \u001b[91m                                ~~~~~~~~~~~~~~~~~~~~~~~~~~~\u001b[0m\r\n\n    at createTSError (C:\\development\\projects\\wss\\RCCG\\RCCGApi\\RCCGMobile.Api5\\node_modules\\ts-node\\src\\index.ts:434:12)\n    at reportTSError (C:\\development\\projects\\wss\\RCCG\\RCCGApi\\RCCGMobile.Api5\\node_modules\\ts-node\\src\\index.ts:438:19)\n    at getOutput (C:\\development\\projects\\wss\\RCCG\\RCCGApi\\RCCGMobile.Api5\\node_modules\\ts-node\\src\\index.ts:578:36)\n    at Object.compile (C:\\development\\projects\\wss\\RCCG\\RCCGApi\\RCCGMobile.Api5\\node_modules\\ts-node\\src\\index.ts:775:32)\n    at Module.m._compile (C:\\development\\projects\\wss\\RCCG\\RCCGApi\\RCCGMobile.Api5\\node_modules\\ts-node\\src\\index.ts:858:43)\n    at Module._extensions..js (internal/modules/cjs/loader.js:947:10)\n    at Object.require.extensions.<computed> [as .ts] (C:\\development\\projects\\wss\\RCCG\\RCCGApi\\RCCGMobile.Api5\\node_modules\\ts-node\\src\\index.ts:861:12)\n    at Module.load (internal/modules/cjs/loader.js:790:32)\n    at Function.Module._load (internal/modules/cjs/loader.js:703:12)\n    at Module.require (internal/modules/cjs/loader.js:830:19)","exception":true,"date":"Thu Mar 25 2021 00:55:54 GMT+0100 (West Africa Standard Time)","process":{"pid":16968,"uid":null,"gid":null,"cwd":"C:\\development\\projects\\wss\\RCCG\\RCCGApi\\RCCGMobile.Api5","execPath":"C:\\Program Files\\nodejs\\node.exe","version":"v12.10.0","argv":["C:\\development\\projects\\wss\\RCCG\\RCCGApi\\RCCGMobile.Api5\\node_modules\\ts-node\\dist\\bin.js","C:\\development\\projects\\wss\\RCCG\\RCCGApi\\RCCGMobile.Api5\\src\\index.ts"],"memoryUsage":{"rss":171278336,"heapTotal":145154048,"heapUsed":111834216,"external":1716466}},"os":{"loadavg":[0,0,0],"uptime":18693},"trace":[{"column":12,"file":"C:\\development\\projects\\wss\\RCCG\\RCCGApi\\RCCGMobile.Api5\\node_modules\\ts-node\\src\\index.ts","function":"createTSError","line":434,"method":null,"native":false},{"column":19,"file":"C:\\development\\projects\\wss\\RCCG\\RCCGApi\\RCCGMobile.Api5\\node_modules\\ts-node\\src\\index.ts","function":"reportTSError","line":438,"method":null,"native":false},{"column":36,"file":"C:\\development\\projects\\wss\\RCCG\\RCCGApi\\RCCGMobile.Api5\\node_modules\\ts-node\\src\\index.ts","function":"getOutput","line":578,"method":null,"native":false},{"column":32,"file":"C:\\development\\projects\\wss\\RCCG\\RCCGApi\\RCCGMobile.Api5\\node_modules\\ts-node\\src\\index.ts","function":"Object.compile","line":775,"method":"compile","native":false},{"column":43,"file":"C:\\development\\projects\\wss\\RCCG\\RCCGApi\\RCCGMobile.Api5\\node_modules\\ts-node\\src\\index.ts","function":"Module.m._compile","line":858,"method":"_compile","native":false},{"column":10,"file":"internal/modules/cjs/loader.js","function":"Module._extensions..js","line":947,"method":".js","native":false},{"column":12,"file":"C:\\development\\projects\\wss\\RCCG\\RCCGApi\\RCCGMobile.Api5\\node_modules\\ts-node\\src\\index.ts","function":"Object.require.extensions.<computed> [as .ts]","line":861,"method":"ts]","native":false},{"column":32,"file":"internal/modules/cjs/loader.js","function":"Module.load","line":790,"method":"load","native":false},{"column":12,"file":"internal/modules/cjs/loader.js","function":"Module._load","line":703,"method":"_load","native":false},{"column":19,"file":"internal/modules/cjs/loader.js","function":"Module.require","line":830,"method":"require","native":false}]}
{"error":{"diagnosticText":"\u001b[96msrc/controllers/PrayerWallController.ts\u001b[0m:\u001b[93m93\u001b[0m:\u001b[93m33\u001b[0m - \u001b[91merror\u001b[0m\u001b[90m TS2552: \u001b[0mCannot find name 'getPrayerWallByGroupService'. Did you mean 'getPrayerWallGroupService'?\r\n\r\n\u001b[7m93\u001b[0m       const entity: any = await getPrayerWallByGroupService(id);\r\n\u001b[7m  \u001b[0m \u001b[91m                                ~~~~~~~~~~~~~~~~~~~~~~~~~~~\u001b[0m\r\n","diagnosticCodes":[2552]},"level":"error","message":"uncaughtException: ⨯ Unable to compile TypeScript:\n\u001b[96msrc/controllers/PrayerWallController.ts\u001b[0m:\u001b[93m93\u001b[0m:\u001b[93m33\u001b[0m - \u001b[91merror\u001b[0m\u001b[90m TS2552: \u001b[0mCannot find name 'getPrayerWallByGroupService'. Did you mean 'getPrayerWallGroupService'?\r\n\r\n\u001b[7m93\u001b[0m       const entity: any = await getPrayerWallByGroupService(id);\r\n\u001b[7m  \u001b[0m \u001b[91m                                ~~~~~~~~~~~~~~~~~~~~~~~~~~~\u001b[0m\r\n\nTSError: ⨯ Unable to compile TypeScript:\n\u001b[96msrc/controllers/PrayerWallController.ts\u001b[0m:\u001b[93m93\u001b[0m:\u001b[93m33\u001b[0m - \u001b[91merror\u001b[0m\u001b[90m TS2552: \u001b[0mCannot find name 'getPrayerWallByGroupService'. Did you mean 'getPrayerWallGroupService'?\r\n\r\n\u001b[7m93\u001b[0m       const entity: any = await getPrayerWallByGroupService(id);\r\n\u001b[7m  \u001b[0m \u001b[91m                                ~~~~~~~~~~~~~~~~~~~~~~~~~~~\u001b[0m\r\n\n    at createTSError (C:\\development\\projects\\wss\\RCCG\\RCCGApi\\RCCGMobile.Api5\\node_modules\\ts-node\\src\\index.ts:434:12)\n    at reportTSError (C:\\development\\projects\\wss\\RCCG\\RCCGApi\\RCCGMobile.Api5\\node_modules\\ts-node\\src\\index.ts:438:19)\n    at getOutput (C:\\development\\projects\\wss\\RCCG\\RCCGApi\\RCCGMobile.Api5\\node_modules\\ts-node\\src\\index.ts:578:36)\n    at Object.compile (C:\\development\\projects\\wss\\RCCG\\RCCGApi\\RCCGMobile.Api5\\node_modules\\ts-node\\src\\index.ts:775:32)\n    at Module.m._compile (C:\\development\\projects\\wss\\RCCG\\RCCGApi\\RCCGMobile.Api5\\node_modules\\ts-node\\src\\index.ts:858:43)\n    at Module._extensions..js (internal/modules/cjs/loader.js:947:10)\n    at Object.require.extensions.<computed> [as .ts] (C:\\development\\projects\\wss\\RCCG\\RCCGApi\\RCCGMobile.Api5\\node_modules\\ts-node\\src\\index.ts:861:12)\n    at Module.load (internal/modules/cjs/loader.js:790:32)\n    at Function.Module._load (internal/modules/cjs/loader.js:703:12)\n    at Module.require (internal/modules/cjs/loader.js:830:19)","stack":"TSError: ⨯ Unable to compile TypeScript:\n\u001b[96msrc/controllers/PrayerWallController.ts\u001b[0m:\u001b[93m93\u001b[0m:\u001b[93m33\u001b[0m - \u001b[91merror\u001b[0m\u001b[90m TS2552: \u001b[0mCannot find name 'getPrayerWallByGroupService'. Did you mean 'getPrayerWallGroupService'?\r\n\r\n\u001b[7m93\u001b[0m       const entity: any = await getPrayerWallByGroupService(id);\r\n\u001b[7m  \u001b[0m \u001b[91m                                ~~~~~~~~~~~~~~~~~~~~~~~~~~~\u001b[0m\r\n\n    at createTSError (C:\\development\\projects\\wss\\RCCG\\RCCGApi\\RCCGMobile.Api5\\node_modules\\ts-node\\src\\index.ts:434:12)\n    at reportTSError (C:\\development\\projects\\wss\\RCCG\\RCCGApi\\RCCGMobile.Api5\\node_modules\\ts-node\\src\\index.ts:438:19)\n    at getOutput (C:\\development\\projects\\wss\\RCCG\\RCCGApi\\RCCGMobile.Api5\\node_modules\\ts-node\\src\\index.ts:578:36)\n    at Object.compile (C:\\development\\projects\\wss\\RCCG\\RCCGApi\\RCCGMobile.Api5\\node_modules\\ts-node\\src\\index.ts:775:32)\n    at Module.m._compile (C:\\development\\projects\\wss\\RCCG\\RCCGApi\\RCCGMobile.Api5\\node_modules\\ts-node\\src\\index.ts:858:43)\n    at Module._extensions..js (internal/modules/cjs/loader.js:947:10)\n    at Object.require.extensions.<computed> [as .ts] (C:\\development\\projects\\wss\\RCCG\\RCCGApi\\RCCGMobile.Api5\\node_modules\\ts-node\\src\\index.ts:861:12)\n    at Module.load (internal/modules/cjs/loader.js:790:32)\n    at Function.Module._load (internal/modules/cjs/loader.js:703:12)\n    at Module.require (internal/modules/cjs/loader.js:830:19)","exception":true,"date":"Thu Mar 25 2021 00:56:24 GMT+0100 (West Africa Standard Time)","process":{"pid":12632,"uid":null,"gid":null,"cwd":"C:\\development\\projects\\wss\\RCCG\\RCCGApi\\RCCGMobile.Api5","execPath":"C:\\Program Files\\nodejs\\node.exe","version":"v12.10.0","argv":["C:\\development\\projects\\wss\\RCCG\\RCCGApi\\RCCGMobile.Api5\\node_modules\\ts-node\\dist\\bin.js","C:\\development\\projects\\wss\\RCCG\\RCCGApi\\RCCGMobile.Api5\\src\\index.ts"],"memoryUsage":{"rss":171069440,"heapTotal":145416192,"heapUsed":111972040,"external":1716466}},"os":{"loadavg":[0,0,0],"uptime":18722},"trace":[{"column":12,"file":"C:\\development\\projects\\wss\\RCCG\\RCCGApi\\RCCGMobile.Api5\\node_modules\\ts-node\\src\\index.ts","function":"createTSError","line":434,"method":null,"native":false},{"column":19,"file":"C:\\development\\projects\\wss\\RCCG\\RCCGApi\\RCCGMobile.Api5\\node_modules\\ts-node\\src\\index.ts","function":"reportTSError","line":438,"method":null,"native":false},{"column":36,"file":"C:\\development\\projects\\wss\\RCCG\\RCCGApi\\RCCGMobile.Api5\\node_modules\\ts-node\\src\\index.ts","function":"getOutput","line":578,"method":null,"native":false},{"column":32,"file":"C:\\development\\projects\\wss\\RCCG\\RCCGApi\\RCCGMobile.Api5\\node_modules\\ts-node\\src\\index.ts","function":"Object.compile","line":775,"method":"compile","native":false},{"column":43,"file":"C:\\development\\projects\\wss\\RCCG\\RCCGApi\\RCCGMobile.Api5\\node_modules\\ts-node\\src\\index.ts","function":"Module.m._compile","line":858,"method":"_compile","native":false},{"column":10,"file":"internal/modules/cjs/loader.js","function":"Module._extensions..js","line":947,"method":".js","native":false},{"column":12,"file":"C:\\development\\projects\\wss\\RCCG\\RCCGApi\\RCCGMobile.Api5\\node_modules\\ts-node\\src\\index.ts","function":"Object.require.extensions.<computed> [as .ts]","line":861,"method":"ts]","native":false},{"column":32,"file":"internal/modules/cjs/loader.js","function":"Module.load","line":790,"method":"load","native":false},{"column":12,"file":"internal/modules/cjs/loader.js","function":"Module._load","line":703,"method":"_load","native":false},{"column":19,"file":"internal/modules/cjs/loader.js","function":"Module.require","line":830,"method":"require","native":false}]}
{"error":{"diagnosticText":"\u001b[96msrc/controllers/PrayerWallController.ts\u001b[0m:\u001b[93m93\u001b[0m:\u001b[93m33\u001b[0m - \u001b[91merror\u001b[0m\u001b[90m TS2552: \u001b[0mCannot find name 'getPrayerWallByGroupService'. Did you mean 'getPrayerWallGroupService'?\r\n\r\n\u001b[7m93\u001b[0m       const entity: any = await getPrayerWallByGroupService(id);\r\n\u001b[7m  \u001b[0m \u001b[91m                                ~~~~~~~~~~~~~~~~~~~~~~~~~~~\u001b[0m\r\n","diagnosticCodes":[2552]},"level":"error","message":"uncaughtException: ⨯ Unable to compile TypeScript:\n\u001b[96msrc/controllers/PrayerWallController.ts\u001b[0m:\u001b[93m93\u001b[0m:\u001b[93m33\u001b[0m - \u001b[91merror\u001b[0m\u001b[90m TS2552: \u001b[0mCannot find name 'getPrayerWallByGroupService'. Did you mean 'getPrayerWallGroupService'?\r\n\r\n\u001b[7m93\u001b[0m       const entity: any = await getPrayerWallByGroupService(id);\r\n\u001b[7m  \u001b[0m \u001b[91m                                ~~~~~~~~~~~~~~~~~~~~~~~~~~~\u001b[0m\r\n\nTSError: ⨯ Unable to compile TypeScript:\n\u001b[96msrc/controllers/PrayerWallController.ts\u001b[0m:\u001b[93m93\u001b[0m:\u001b[93m33\u001b[0m - \u001b[91merror\u001b[0m\u001b[90m TS2552: \u001b[0mCannot find name 'getPrayerWallByGroupService'. Did you mean 'getPrayerWallGroupService'?\r\n\r\n\u001b[7m93\u001b[0m       const entity: any = await getPrayerWallByGroupService(id);\r\n\u001b[7m  \u001b[0m \u001b[91m                                ~~~~~~~~~~~~~~~~~~~~~~~~~~~\u001b[0m\r\n\n    at createTSError (C:\\development\\projects\\wss\\RCCG\\RCCGApi\\RCCGMobile.Api5\\node_modules\\ts-node\\src\\index.ts:434:12)\n    at reportTSError (C:\\development\\projects\\wss\\RCCG\\RCCGApi\\RCCGMobile.Api5\\node_modules\\ts-node\\src\\index.ts:438:19)\n    at getOutput (C:\\development\\projects\\wss\\RCCG\\RCCGApi\\RCCGMobile.Api5\\node_modules\\ts-node\\src\\index.ts:578:36)\n    at Object.compile (C:\\development\\projects\\wss\\RCCG\\RCCGApi\\RCCGMobile.Api5\\node_modules\\ts-node\\src\\index.ts:775:32)\n    at Module.m._compile (C:\\development\\projects\\wss\\RCCG\\RCCGApi\\RCCGMobile.Api5\\node_modules\\ts-node\\src\\index.ts:858:43)\n    at Module._extensions..js (internal/modules/cjs/loader.js:947:10)\n    at Object.require.extensions.<computed> [as .ts] (C:\\development\\projects\\wss\\RCCG\\RCCGApi\\RCCGMobile.Api5\\node_modules\\ts-node\\src\\index.ts:861:12)\n    at Module.load (internal/modules/cjs/loader.js:790:32)\n    at Function.Module._load (internal/modules/cjs/loader.js:703:12)\n    at Module.require (internal/modules/cjs/loader.js:830:19)","stack":"TSError: ⨯ Unable to compile TypeScript:\n\u001b[96msrc/controllers/PrayerWallController.ts\u001b[0m:\u001b[93m93\u001b[0m:\u001b[93m33\u001b[0m - \u001b[91merror\u001b[0m\u001b[90m TS2552: \u001b[0mCannot find name 'getPrayerWallByGroupService'. Did you mean 'getPrayerWallGroupService'?\r\n\r\n\u001b[7m93\u001b[0m       const entity: any = await getPrayerWallByGroupService(id);\r\n\u001b[7m  \u001b[0m \u001b[91m                                ~~~~~~~~~~~~~~~~~~~~~~~~~~~\u001b[0m\r\n\n    at createTSError (C:\\development\\projects\\wss\\RCCG\\RCCGApi\\RCCGMobile.Api5\\node_modules\\ts-node\\src\\index.ts:434:12)\n    at reportTSError (C:\\development\\projects\\wss\\RCCG\\RCCGApi\\RCCGMobile.Api5\\node_modules\\ts-node\\src\\index.ts:438:19)\n    at getOutput (C:\\development\\projects\\wss\\RCCG\\RCCGApi\\RCCGMobile.Api5\\node_modules\\ts-node\\src\\index.ts:578:36)\n    at Object.compile (C:\\development\\projects\\wss\\RCCG\\RCCGApi\\RCCGMobile.Api5\\node_modules\\ts-node\\src\\index.ts:775:32)\n    at Module.m._compile (C:\\development\\projects\\wss\\RCCG\\RCCGApi\\RCCGMobile.Api5\\node_modules\\ts-node\\src\\index.ts:858:43)\n    at Module._extensions..js (internal/modules/cjs/loader.js:947:10)\n    at Object.require.extensions.<computed> [as .ts] (C:\\development\\projects\\wss\\RCCG\\RCCGApi\\RCCGMobile.Api5\\node_modules\\ts-node\\src\\index.ts:861:12)\n    at Module.load (internal/modules/cjs/loader.js:790:32)\n    at Function.Module._load (internal/modules/cjs/loader.js:703:12)\n    at Module.require (internal/modules/cjs/loader.js:830:19)","exception":true,"date":"Thu Mar 25 2021 00:56:38 GMT+0100 (West Africa Standard Time)","process":{"pid":10944,"uid":null,"gid":null,"cwd":"C:\\development\\projects\\wss\\RCCG\\RCCGApi\\RCCGMobile.Api5","execPath":"C:\\Program Files\\nodejs\\node.exe","version":"v12.10.0","argv":["C:\\development\\projects\\wss\\RCCG\\RCCGApi\\RCCGMobile.Api5\\node_modules\\ts-node\\dist\\bin.js","C:\\development\\projects\\wss\\RCCG\\RCCGApi\\RCCGMobile.Api5\\src\\index.ts"],"memoryUsage":{"rss":170975232,"heapTotal":145678336,"heapUsed":112660656,"external":1716466}},"os":{"loadavg":[0,0,0],"uptime":18737},"trace":[{"column":12,"file":"C:\\development\\projects\\wss\\RCCG\\RCCGApi\\RCCGMobile.Api5\\node_modules\\ts-node\\src\\index.ts","function":"createTSError","line":434,"method":null,"native":false},{"column":19,"file":"C:\\development\\projects\\wss\\RCCG\\RCCGApi\\RCCGMobile.Api5\\node_modules\\ts-node\\src\\index.ts","function":"reportTSError","line":438,"method":null,"native":false},{"column":36,"file":"C:\\development\\projects\\wss\\RCCG\\RCCGApi\\RCCGMobile.Api5\\node_modules\\ts-node\\src\\index.ts","function":"getOutput","line":578,"method":null,"native":false},{"column":32,"file":"C:\\development\\projects\\wss\\RCCG\\RCCGApi\\RCCGMobile.Api5\\node_modules\\ts-node\\src\\index.ts","function":"Object.compile","line":775,"method":"compile","native":false},{"column":43,"file":"C:\\development\\projects\\wss\\RCCG\\RCCGApi\\RCCGMobile.Api5\\node_modules\\ts-node\\src\\index.ts","function":"Module.m._compile","line":858,"method":"_compile","native":false},{"column":10,"file":"internal/modules/cjs/loader.js","function":"Module._extensions..js","line":947,"method":".js","native":false},{"column":12,"file":"C:\\development\\projects\\wss\\RCCG\\RCCGApi\\RCCGMobile.Api5\\node_modules\\ts-node\\src\\index.ts","function":"Object.require.extensions.<computed> [as .ts]","line":861,"method":"ts]","native":false},{"column":32,"file":"internal/modules/cjs/loader.js","function":"Module.load","line":790,"method":"load","native":false},{"column":12,"file":"internal/modules/cjs/loader.js","function":"Module._load","line":703,"method":"_load","native":false},{"column":19,"file":"internal/modules/cjs/loader.js","function":"Module.require","line":830,"method":"require","native":false}]}
{"error":{"diagnosticText":"\u001b[96msrc/controllers/PrayerWallController.ts\u001b[0m:\u001b[93m93\u001b[0m:\u001b[93m33\u001b[0m - \u001b[91merror\u001b[0m\u001b[90m TS2552: \u001b[0mCannot find name 'getPrayerWallByGroupService'. Did you mean 'getPrayerWallGroupService'?\r\n\r\n\u001b[7m93\u001b[0m       const entity: any = await getPrayerWallByGroupService(id);\r\n\u001b[7m  \u001b[0m \u001b[91m                                ~~~~~~~~~~~~~~~~~~~~~~~~~~~\u001b[0m\r\n","diagnosticCodes":[2552]},"level":"error","message":"uncaughtException: ⨯ Unable to compile TypeScript:\n\u001b[96msrc/controllers/PrayerWallController.ts\u001b[0m:\u001b[93m93\u001b[0m:\u001b[93m33\u001b[0m - \u001b[91merror\u001b[0m\u001b[90m TS2552: \u001b[0mCannot find name 'getPrayerWallByGroupService'. Did you mean 'getPrayerWallGroupService'?\r\n\r\n\u001b[7m93\u001b[0m       const entity: any = await getPrayerWallByGroupService(id);\r\n\u001b[7m  \u001b[0m \u001b[91m                                ~~~~~~~~~~~~~~~~~~~~~~~~~~~\u001b[0m\r\n\nTSError: ⨯ Unable to compile TypeScript:\n\u001b[96msrc/controllers/PrayerWallController.ts\u001b[0m:\u001b[93m93\u001b[0m:\u001b[93m33\u001b[0m - \u001b[91merror\u001b[0m\u001b[90m TS2552: \u001b[0mCannot find name 'getPrayerWallByGroupService'. Did you mean 'getPrayerWallGroupService'?\r\n\r\n\u001b[7m93\u001b[0m       const entity: any = await getPrayerWallByGroupService(id);\r\n\u001b[7m  \u001b[0m \u001b[91m                                ~~~~~~~~~~~~~~~~~~~~~~~~~~~\u001b[0m\r\n\n    at createTSError (C:\\development\\projects\\wss\\RCCG\\RCCGApi\\RCCGMobile.Api5\\node_modules\\ts-node\\src\\index.ts:434:12)\n    at reportTSError (C:\\development\\projects\\wss\\RCCG\\RCCGApi\\RCCGMobile.Api5\\node_modules\\ts-node\\src\\index.ts:438:19)\n    at getOutput (C:\\development\\projects\\wss\\RCCG\\RCCGApi\\RCCGMobile.Api5\\node_modules\\ts-node\\src\\index.ts:578:36)\n    at Object.compile (C:\\development\\projects\\wss\\RCCG\\RCCGApi\\RCCGMobile.Api5\\node_modules\\ts-node\\src\\index.ts:775:32)\n    at Module.m._compile (C:\\development\\projects\\wss\\RCCG\\RCCGApi\\RCCGMobile.Api5\\node_modules\\ts-node\\src\\index.ts:858:43)\n    at Module._extensions..js (internal/modules/cjs/loader.js:947:10)\n    at Object.require.extensions.<computed> [as .ts] (C:\\development\\projects\\wss\\RCCG\\RCCGApi\\RCCGMobile.Api5\\node_modules\\ts-node\\src\\index.ts:861:12)\n    at Module.load (internal/modules/cjs/loader.js:790:32)\n    at Function.Module._load (internal/modules/cjs/loader.js:703:12)\n    at Module.require (internal/modules/cjs/loader.js:830:19)","stack":"TSError: ⨯ Unable to compile TypeScript:\n\u001b[96msrc/controllers/PrayerWallController.ts\u001b[0m:\u001b[93m93\u001b[0m:\u001b[93m33\u001b[0m - \u001b[91merror\u001b[0m\u001b[90m TS2552: \u001b[0mCannot find name 'getPrayerWallByGroupService'. Did you mean 'getPrayerWallGroupService'?\r\n\r\n\u001b[7m93\u001b[0m       const entity: any = await getPrayerWallByGroupService(id);\r\n\u001b[7m  \u001b[0m \u001b[91m                                ~~~~~~~~~~~~~~~~~~~~~~~~~~~\u001b[0m\r\n\n    at createTSError (C:\\development\\projects\\wss\\RCCG\\RCCGApi\\RCCGMobile.Api5\\node_modules\\ts-node\\src\\index.ts:434:12)\n    at reportTSError (C:\\development\\projects\\wss\\RCCG\\RCCGApi\\RCCGMobile.Api5\\node_modules\\ts-node\\src\\index.ts:438:19)\n    at getOutput (C:\\development\\projects\\wss\\RCCG\\RCCGApi\\RCCGMobile.Api5\\node_modules\\ts-node\\src\\index.ts:578:36)\n    at Object.compile (C:\\development\\projects\\wss\\RCCG\\RCCGApi\\RCCGMobile.Api5\\node_modules\\ts-node\\src\\index.ts:775:32)\n    at Module.m._compile (C:\\development\\projects\\wss\\RCCG\\RCCGApi\\RCCGMobile.Api5\\node_modules\\ts-node\\src\\index.ts:858:43)\n    at Module._extensions..js (internal/modules/cjs/loader.js:947:10)\n    at Object.require.extensions.<computed> [as .ts] (C:\\development\\projects\\wss\\RCCG\\RCCGApi\\RCCGMobile.Api5\\node_modules\\ts-node\\src\\index.ts:861:12)\n    at Module.load (internal/modules/cjs/loader.js:790:32)\n    at Function.Module._load (internal/modules/cjs/loader.js:703:12)\n    at Module.require (internal/modules/cjs/loader.js:830:19)","exception":true,"date":"Thu Mar 25 2021 00:58:04 GMT+0100 (West Africa Standard Time)","process":{"pid":9608,"uid":null,"gid":null,"cwd":"C:\\development\\projects\\wss\\RCCG\\RCCGApi\\RCCGMobile.Api5","execPath":"C:\\Program Files\\nodejs\\node.exe","version":"v12.10.0","argv":["C:\\development\\projects\\wss\\RCCG\\RCCGApi\\RCCGMobile.Api5\\node_modules\\ts-node\\dist\\bin.js","C:\\development\\projects\\wss\\RCCG\\RCCGApi\\RCCGMobile.Api5\\src\\index.ts"],"memoryUsage":{"rss":172167168,"heapTotal":145678336,"heapUsed":112852720,"external":1716466}},"os":{"loadavg":[0,0,0],"uptime":18823},"trace":[{"column":12,"file":"C:\\development\\projects\\wss\\RCCG\\RCCGApi\\RCCGMobile.Api5\\node_modules\\ts-node\\src\\index.ts","function":"createTSError","line":434,"method":null,"native":false},{"column":19,"file":"C:\\development\\projects\\wss\\RCCG\\RCCGApi\\RCCGMobile.Api5\\node_modules\\ts-node\\src\\index.ts","function":"reportTSError","line":438,"method":null,"native":false},{"column":36,"file":"C:\\development\\projects\\wss\\RCCG\\RCCGApi\\RCCGMobile.Api5\\node_modules\\ts-node\\src\\index.ts","function":"getOutput","line":578,"method":null,"native":false},{"column":32,"file":"C:\\development\\projects\\wss\\RCCG\\RCCGApi\\RCCGMobile.Api5\\node_modules\\ts-node\\src\\index.ts","function":"Object.compile","line":775,"method":"compile","native":false},{"column":43,"file":"C:\\development\\projects\\wss\\RCCG\\RCCGApi\\RCCGMobile.Api5\\node_modules\\ts-node\\src\\index.ts","function":"Module.m._compile","line":858,"method":"_compile","native":false},{"column":10,"file":"internal/modules/cjs/loader.js","function":"Module._extensions..js","line":947,"method":".js","native":false},{"column":12,"file":"C:\\development\\projects\\wss\\RCCG\\RCCGApi\\RCCGMobile.Api5\\node_modules\\ts-node\\src\\index.ts","function":"Object.require.extensions.<computed> [as .ts]","line":861,"method":"ts]","native":false},{"column":32,"file":"internal/modules/cjs/loader.js","function":"Module.load","line":790,"method":"load","native":false},{"column":12,"file":"internal/modules/cjs/loader.js","function":"Module._load","line":703,"method":"_load","native":false},{"column":19,"file":"internal/modules/cjs/loader.js","function":"Module.require","line":830,"method":"require","native":false}]}
{"error":{"diagnosticText":"\u001b[96msrc/controllers/PrayerWallController.ts\u001b[0m:\u001b[93m93\u001b[0m:\u001b[93m33\u001b[0m - \u001b[91merror\u001b[0m\u001b[90m TS2552: \u001b[0mCannot find name 'getPrayerWallByGroupService'. Did you mean 'getPrayerWallGroupService'?\r\n\r\n\u001b[7m93\u001b[0m       const entity: any = await getPrayerWallByGroupService(id);\r\n\u001b[7m  \u001b[0m \u001b[91m                                ~~~~~~~~~~~~~~~~~~~~~~~~~~~\u001b[0m\r\n","diagnosticCodes":[2552]},"level":"error","message":"uncaughtException: ⨯ Unable to compile TypeScript:\n\u001b[96msrc/controllers/PrayerWallController.ts\u001b[0m:\u001b[93m93\u001b[0m:\u001b[93m33\u001b[0m - \u001b[91merror\u001b[0m\u001b[90m TS2552: \u001b[0mCannot find name 'getPrayerWallByGroupService'. Did you mean 'getPrayerWallGroupService'?\r\n\r\n\u001b[7m93\u001b[0m       const entity: any = await getPrayerWallByGroupService(id);\r\n\u001b[7m  \u001b[0m \u001b[91m                                ~~~~~~~~~~~~~~~~~~~~~~~~~~~\u001b[0m\r\n\nTSError: ⨯ Unable to compile TypeScript:\n\u001b[96msrc/controllers/PrayerWallController.ts\u001b[0m:\u001b[93m93\u001b[0m:\u001b[93m33\u001b[0m - \u001b[91merror\u001b[0m\u001b[90m TS2552: \u001b[0mCannot find name 'getPrayerWallByGroupService'. Did you mean 'getPrayerWallGroupService'?\r\n\r\n\u001b[7m93\u001b[0m       const entity: any = await getPrayerWallByGroupService(id);\r\n\u001b[7m  \u001b[0m \u001b[91m                                ~~~~~~~~~~~~~~~~~~~~~~~~~~~\u001b[0m\r\n\n    at createTSError (C:\\development\\projects\\wss\\RCCG\\RCCGApi\\RCCGMobile.Api5\\node_modules\\ts-node\\src\\index.ts:434:12)\n    at reportTSError (C:\\development\\projects\\wss\\RCCG\\RCCGApi\\RCCGMobile.Api5\\node_modules\\ts-node\\src\\index.ts:438:19)\n    at getOutput (C:\\development\\projects\\wss\\RCCG\\RCCGApi\\RCCGMobile.Api5\\node_modules\\ts-node\\src\\index.ts:578:36)\n    at Object.compile (C:\\development\\projects\\wss\\RCCG\\RCCGApi\\RCCGMobile.Api5\\node_modules\\ts-node\\src\\index.ts:775:32)\n    at Module.m._compile (C:\\development\\projects\\wss\\RCCG\\RCCGApi\\RCCGMobile.Api5\\node_modules\\ts-node\\src\\index.ts:858:43)\n    at Module._extensions..js (internal/modules/cjs/loader.js:947:10)\n    at Object.require.extensions.<computed> [as .ts] (C:\\development\\projects\\wss\\RCCG\\RCCGApi\\RCCGMobile.Api5\\node_modules\\ts-node\\src\\index.ts:861:12)\n    at Module.load (internal/modules/cjs/loader.js:790:32)\n    at Function.Module._load (internal/modules/cjs/loader.js:703:12)\n    at Module.require (internal/modules/cjs/loader.js:830:19)","stack":"TSError: ⨯ Unable to compile TypeScript:\n\u001b[96msrc/controllers/PrayerWallController.ts\u001b[0m:\u001b[93m93\u001b[0m:\u001b[93m33\u001b[0m - \u001b[91merror\u001b[0m\u001b[90m TS2552: \u001b[0mCannot find name 'getPrayerWallByGroupService'. Did you mean 'getPrayerWallGroupService'?\r\n\r\n\u001b[7m93\u001b[0m       const entity: any = await getPrayerWallByGroupService(id);\r\n\u001b[7m  \u001b[0m \u001b[91m                                ~~~~~~~~~~~~~~~~~~~~~~~~~~~\u001b[0m\r\n\n    at createTSError (C:\\development\\projects\\wss\\RCCG\\RCCGApi\\RCCGMobile.Api5\\node_modules\\ts-node\\src\\index.ts:434:12)\n    at reportTSError (C:\\development\\projects\\wss\\RCCG\\RCCGApi\\RCCGMobile.Api5\\node_modules\\ts-node\\src\\index.ts:438:19)\n    at getOutput (C:\\development\\projects\\wss\\RCCG\\RCCGApi\\RCCGMobile.Api5\\node_modules\\ts-node\\src\\index.ts:578:36)\n    at Object.compile (C:\\development\\projects\\wss\\RCCG\\RCCGApi\\RCCGMobile.Api5\\node_modules\\ts-node\\src\\index.ts:775:32)\n    at Module.m._compile (C:\\development\\projects\\wss\\RCCG\\RCCGApi\\RCCGMobile.Api5\\node_modules\\ts-node\\src\\index.ts:858:43)\n    at Module._extensions..js (internal/modules/cjs/loader.js:947:10)\n    at Object.require.extensions.<computed> [as .ts] (C:\\development\\projects\\wss\\RCCG\\RCCGApi\\RCCGMobile.Api5\\node_modules\\ts-node\\src\\index.ts:861:12)\n    at Module.load (internal/modules/cjs/loader.js:790:32)\n    at Function.Module._load (internal/modules/cjs/loader.js:703:12)\n    at Module.require (internal/modules/cjs/loader.js:830:19)","exception":true,"date":"Thu Mar 25 2021 00:58:26 GMT+0100 (West Africa Standard Time)","process":{"pid":5640,"uid":null,"gid":null,"cwd":"C:\\development\\projects\\wss\\RCCG\\RCCGApi\\RCCGMobile.Api5","execPath":"C:\\Program Files\\nodejs\\node.exe","version":"v12.10.0","argv":["C:\\development\\projects\\wss\\RCCG\\RCCGApi\\RCCGMobile.Api5\\node_modules\\ts-node\\dist\\bin.js","C:\\development\\projects\\wss\\RCCG\\RCCGApi\\RCCGMobile.Api5\\src\\index.ts"],"memoryUsage":{"rss":170676224,"heapTotal":145154048,"heapUsed":111806672,"external":1716466}},"os":{"loadavg":[0,0,0],"uptime":18845},"trace":[{"column":12,"file":"C:\\development\\projects\\wss\\RCCG\\RCCGApi\\RCCGMobile.Api5\\node_modules\\ts-node\\src\\index.ts","function":"createTSError","line":434,"method":null,"native":false},{"column":19,"file":"C:\\development\\projects\\wss\\RCCG\\RCCGApi\\RCCGMobile.Api5\\node_modules\\ts-node\\src\\index.ts","function":"reportTSError","line":438,"method":null,"native":false},{"column":36,"file":"C:\\development\\projects\\wss\\RCCG\\RCCGApi\\RCCGMobile.Api5\\node_modules\\ts-node\\src\\index.ts","function":"getOutput","line":578,"method":null,"native":false},{"column":32,"file":"C:\\development\\projects\\wss\\RCCG\\RCCGApi\\RCCGMobile.Api5\\node_modules\\ts-node\\src\\index.ts","function":"Object.compile","line":775,"method":"compile","native":false},{"column":43,"file":"C:\\development\\projects\\wss\\RCCG\\RCCGApi\\RCCGMobile.Api5\\node_modules\\ts-node\\src\\index.ts","function":"Module.m._compile","line":858,"method":"_compile","native":false},{"column":10,"file":"internal/modules/cjs/loader.js","function":"Module._extensions..js","line":947,"method":".js","native":false},{"column":12,"file":"C:\\development\\projects\\wss\\RCCG\\RCCGApi\\RCCGMobile.Api5\\node_modules\\ts-node\\src\\index.ts","function":"Object.require.extensions.<computed> [as .ts]","line":861,"method":"ts]","native":false},{"column":32,"file":"internal/modules/cjs/loader.js","function":"Module.load","line":790,"method":"load","native":false},{"column":12,"file":"internal/modules/cjs/loader.js","function":"Module._load","line":703,"method":"_load","native":false},{"column":19,"file":"internal/modules/cjs/loader.js","function":"Module.require","line":830,"method":"require","native":false}]}
{"error":{"diagnosticText":"\u001b[96msrc/controllers/PrayerWallController.ts\u001b[0m:\u001b[93m93\u001b[0m:\u001b[93m33\u001b[0m - \u001b[91merror\u001b[0m\u001b[90m TS2552: \u001b[0mCannot find name 'getPrayerWallByGroupService'. Did you mean 'getPrayerWallGroupService'?\r\n\r\n\u001b[7m93\u001b[0m       const entity: any = await getPrayerWallByGroupService(id);\r\n\u001b[7m  \u001b[0m \u001b[91m                                ~~~~~~~~~~~~~~~~~~~~~~~~~~~\u001b[0m\r\n","diagnosticCodes":[2552]},"level":"error","message":"uncaughtException: ⨯ Unable to compile TypeScript:\n\u001b[96msrc/controllers/PrayerWallController.ts\u001b[0m:\u001b[93m93\u001b[0m:\u001b[93m33\u001b[0m - \u001b[91merror\u001b[0m\u001b[90m TS2552: \u001b[0mCannot find name 'getPrayerWallByGroupService'. Did you mean 'getPrayerWallGroupService'?\r\n\r\n\u001b[7m93\u001b[0m       const entity: any = await getPrayerWallByGroupService(id);\r\n\u001b[7m  \u001b[0m \u001b[91m                                ~~~~~~~~~~~~~~~~~~~~~~~~~~~\u001b[0m\r\n\nTSError: ⨯ Unable to compile TypeScript:\n\u001b[96msrc/controllers/PrayerWallController.ts\u001b[0m:\u001b[93m93\u001b[0m:\u001b[93m33\u001b[0m - \u001b[91merror\u001b[0m\u001b[90m TS2552: \u001b[0mCannot find name 'getPrayerWallByGroupService'. Did you mean 'getPrayerWallGroupService'?\r\n\r\n\u001b[7m93\u001b[0m       const entity: any = await getPrayerWallByGroupService(id);\r\n\u001b[7m  \u001b[0m \u001b[91m                                ~~~~~~~~~~~~~~~~~~~~~~~~~~~\u001b[0m\r\n\n    at createTSError (C:\\development\\projects\\wss\\RCCG\\RCCGApi\\RCCGMobile.Api5\\node_modules\\ts-node\\src\\index.ts:434:12)\n    at reportTSError (C:\\development\\projects\\wss\\RCCG\\RCCGApi\\RCCGMobile.Api5\\node_modules\\ts-node\\src\\index.ts:438:19)\n    at getOutput (C:\\development\\projects\\wss\\RCCG\\RCCGApi\\RCCGMobile.Api5\\node_modules\\ts-node\\src\\index.ts:578:36)\n    at Object.compile (C:\\development\\projects\\wss\\RCCG\\RCCGApi\\RCCGMobile.Api5\\node_modules\\ts-node\\src\\index.ts:775:32)\n    at Module.m._compile (C:\\development\\projects\\wss\\RCCG\\RCCGApi\\RCCGMobile.Api5\\node_modules\\ts-node\\src\\index.ts:858:43)\n    at Module._extensions..js (internal/modules/cjs/loader.js:947:10)\n    at Object.require.extensions.<computed> [as .ts] (C:\\development\\projects\\wss\\RCCG\\RCCGApi\\RCCGMobile.Api5\\node_modules\\ts-node\\src\\index.ts:861:12)\n    at Module.load (internal/modules/cjs/loader.js:790:32)\n    at Function.Module._load (internal/modules/cjs/loader.js:703:12)\n    at Module.require (internal/modules/cjs/loader.js:830:19)","stack":"TSError: ⨯ Unable to compile TypeScript:\n\u001b[96msrc/controllers/PrayerWallController.ts\u001b[0m:\u001b[93m93\u001b[0m:\u001b[93m33\u001b[0m - \u001b[91merror\u001b[0m\u001b[90m TS2552: \u001b[0mCannot find name 'getPrayerWallByGroupService'. Did you mean 'getPrayerWallGroupService'?\r\n\r\n\u001b[7m93\u001b[0m       const entity: any = await getPrayerWallByGroupService(id);\r\n\u001b[7m  \u001b[0m \u001b[91m                                ~~~~~~~~~~~~~~~~~~~~~~~~~~~\u001b[0m\r\n\n    at createTSError (C:\\development\\projects\\wss\\RCCG\\RCCGApi\\RCCGMobile.Api5\\node_modules\\ts-node\\src\\index.ts:434:12)\n    at reportTSError (C:\\development\\projects\\wss\\RCCG\\RCCGApi\\RCCGMobile.Api5\\node_modules\\ts-node\\src\\index.ts:438:19)\n    at getOutput (C:\\development\\projects\\wss\\RCCG\\RCCGApi\\RCCGMobile.Api5\\node_modules\\ts-node\\src\\index.ts:578:36)\n    at Object.compile (C:\\development\\projects\\wss\\RCCG\\RCCGApi\\RCCGMobile.Api5\\node_modules\\ts-node\\src\\index.ts:775:32)\n    at Module.m._compile (C:\\development\\projects\\wss\\RCCG\\RCCGApi\\RCCGMobile.Api5\\node_modules\\ts-node\\src\\index.ts:858:43)\n    at Module._extensions..js (internal/modules/cjs/loader.js:947:10)\n    at Object.require.extensions.<computed> [as .ts] (C:\\development\\projects\\wss\\RCCG\\RCCGApi\\RCCGMobile.Api5\\node_modules\\ts-node\\src\\index.ts:861:12)\n    at Module.load (internal/modules/cjs/loader.js:790:32)\n    at Function.Module._load (internal/modules/cjs/loader.js:703:12)\n    at Module.require (internal/modules/cjs/loader.js:830:19)","exception":true,"date":"Thu Mar 25 2021 00:58:48 GMT+0100 (West Africa Standard Time)","process":{"pid":3200,"uid":null,"gid":null,"cwd":"C:\\development\\projects\\wss\\RCCG\\RCCGApi\\RCCGMobile.Api5","execPath":"C:\\Program Files\\nodejs\\node.exe","version":"v12.10.0","argv":["C:\\development\\projects\\wss\\RCCG\\RCCGApi\\RCCGMobile.Api5\\node_modules\\ts-node\\dist\\bin.js","C:\\development\\projects\\wss\\RCCG\\RCCGApi\\RCCGMobile.Api5\\src\\index.ts"],"memoryUsage":{"rss":172007424,"heapTotal":145858560,"heapUsed":112586944,"external":1716466}},"os":{"loadavg":[0,0,0],"uptime":18867},"trace":[{"column":12,"file":"C:\\development\\projects\\wss\\RCCG\\RCCGApi\\RCCGMobile.Api5\\node_modules\\ts-node\\src\\index.ts","function":"createTSError","line":434,"method":null,"native":false},{"column":19,"file":"C:\\development\\projects\\wss\\RCCG\\RCCGApi\\RCCGMobile.Api5\\node_modules\\ts-node\\src\\index.ts","function":"reportTSError","line":438,"method":null,"native":false},{"column":36,"file":"C:\\development\\projects\\wss\\RCCG\\RCCGApi\\RCCGMobile.Api5\\node_modules\\ts-node\\src\\index.ts","function":"getOutput","line":578,"method":null,"native":false},{"column":32,"file":"C:\\development\\projects\\wss\\RCCG\\RCCGApi\\RCCGMobile.Api5\\node_modules\\ts-node\\src\\index.ts","function":"Object.compile","line":775,"method":"compile","native":false},{"column":43,"file":"C:\\development\\projects\\wss\\RCCG\\RCCGApi\\RCCGMobile.Api5\\node_modules\\ts-node\\src\\index.ts","function":"Module.m._compile","line":858,"method":"_compile","native":false},{"column":10,"file":"internal/modules/cjs/loader.js","function":"Module._extensions..js","line":947,"method":".js","native":false},{"column":12,"file":"C:\\development\\projects\\wss\\RCCG\\RCCGApi\\RCCGMobile.Api5\\node_modules\\ts-node\\src\\index.ts","function":"Object.require.extensions.<computed> [as .ts]","line":861,"method":"ts]","native":false},{"column":32,"file":"internal/modules/cjs/loader.js","function":"Module.load","line":790,"method":"load","native":false},{"column":12,"file":"internal/modules/cjs/loader.js","function":"Module._load","line":703,"method":"_load","native":false},{"column":19,"file":"internal/modules/cjs/loader.js","function":"Module.require","line":830,"method":"require","native":false}]}
{"error":{"diagnosticText":"\u001b[96msrc/controllers/PrayerWallController.ts\u001b[0m:\u001b[93m93\u001b[0m:\u001b[93m33\u001b[0m - \u001b[91merror\u001b[0m\u001b[90m TS2552: \u001b[0mCannot find name 'getPrayerWallByGroupService'. Did you mean 'getPrayerWallGroupService'?\r\n\r\n\u001b[7m93\u001b[0m       const entity: any = await getPrayerWallByGroupService(id);\r\n\u001b[7m  \u001b[0m \u001b[91m                                ~~~~~~~~~~~~~~~~~~~~~~~~~~~\u001b[0m\r\n","diagnosticCodes":[2552]},"level":"error","message":"uncaughtException: ⨯ Unable to compile TypeScript:\n\u001b[96msrc/controllers/PrayerWallController.ts\u001b[0m:\u001b[93m93\u001b[0m:\u001b[93m33\u001b[0m - \u001b[91merror\u001b[0m\u001b[90m TS2552: \u001b[0mCannot find name 'getPrayerWallByGroupService'. Did you mean 'getPrayerWallGroupService'?\r\n\r\n\u001b[7m93\u001b[0m       const entity: any = await getPrayerWallByGroupService(id);\r\n\u001b[7m  \u001b[0m \u001b[91m                                ~~~~~~~~~~~~~~~~~~~~~~~~~~~\u001b[0m\r\n\nTSError: ⨯ Unable to compile TypeScript:\n\u001b[96msrc/controllers/PrayerWallController.ts\u001b[0m:\u001b[93m93\u001b[0m:\u001b[93m33\u001b[0m - \u001b[91merror\u001b[0m\u001b[90m TS2552: \u001b[0mCannot find name 'getPrayerWallByGroupService'. Did you mean 'getPrayerWallGroupService'?\r\n\r\n\u001b[7m93\u001b[0m       const entity: any = await getPrayerWallByGroupService(id);\r\n\u001b[7m  \u001b[0m \u001b[91m                                ~~~~~~~~~~~~~~~~~~~~~~~~~~~\u001b[0m\r\n\n    at createTSError (C:\\development\\projects\\wss\\RCCG\\RCCGApi\\RCCGMobile.Api5\\node_modules\\ts-node\\src\\index.ts:434:12)\n    at reportTSError (C:\\development\\projects\\wss\\RCCG\\RCCGApi\\RCCGMobile.Api5\\node_modules\\ts-node\\src\\index.ts:438:19)\n    at getOutput (C:\\development\\projects\\wss\\RCCG\\RCCGApi\\RCCGMobile.Api5\\node_modules\\ts-node\\src\\index.ts:578:36)\n    at Object.compile (C:\\development\\projects\\wss\\RCCG\\RCCGApi\\RCCGMobile.Api5\\node_modules\\ts-node\\src\\index.ts:775:32)\n    at Module.m._compile (C:\\development\\projects\\wss\\RCCG\\RCCGApi\\RCCGMobile.Api5\\node_modules\\ts-node\\src\\index.ts:858:43)\n    at Module._extensions..js (internal/modules/cjs/loader.js:947:10)\n    at Object.require.extensions.<computed> [as .ts] (C:\\development\\projects\\wss\\RCCG\\RCCGApi\\RCCGMobile.Api5\\node_modules\\ts-node\\src\\index.ts:861:12)\n    at Module.load (internal/modules/cjs/loader.js:790:32)\n    at Function.Module._load (internal/modules/cjs/loader.js:703:12)\n    at Module.require (internal/modules/cjs/loader.js:830:19)","stack":"TSError: ⨯ Unable to compile TypeScript:\n\u001b[96msrc/controllers/PrayerWallController.ts\u001b[0m:\u001b[93m93\u001b[0m:\u001b[93m33\u001b[0m - \u001b[91merror\u001b[0m\u001b[90m TS2552: \u001b[0mCannot find name 'getPrayerWallByGroupService'. Did you mean 'getPrayerWallGroupService'?\r\n\r\n\u001b[7m93\u001b[0m       const entity: any = await getPrayerWallByGroupService(id);\r\n\u001b[7m  \u001b[0m \u001b[91m                                ~~~~~~~~~~~~~~~~~~~~~~~~~~~\u001b[0m\r\n\n    at createTSError (C:\\development\\projects\\wss\\RCCG\\RCCGApi\\RCCGMobile.Api5\\node_modules\\ts-node\\src\\index.ts:434:12)\n    at reportTSError (C:\\development\\projects\\wss\\RCCG\\RCCGApi\\RCCGMobile.Api5\\node_modules\\ts-node\\src\\index.ts:438:19)\n    at getOutput (C:\\development\\projects\\wss\\RCCG\\RCCGApi\\RCCGMobile.Api5\\node_modules\\ts-node\\src\\index.ts:578:36)\n    at Object.compile (C:\\development\\projects\\wss\\RCCG\\RCCGApi\\RCCGMobile.Api5\\node_modules\\ts-node\\src\\index.ts:775:32)\n    at Module.m._compile (C:\\development\\projects\\wss\\RCCG\\RCCGApi\\RCCGMobile.Api5\\node_modules\\ts-node\\src\\index.ts:858:43)\n    at Module._extensions..js (internal/modules/cjs/loader.js:947:10)\n    at Object.require.extensions.<computed> [as .ts] (C:\\development\\projects\\wss\\RCCG\\RCCGApi\\RCCGMobile.Api5\\node_modules\\ts-node\\src\\index.ts:861:12)\n    at Module.load (internal/modules/cjs/loader.js:790:32)\n    at Function.Module._load (internal/modules/cjs/loader.js:703:12)\n    at Module.require (internal/modules/cjs/loader.js:830:19)","exception":true,"date":"Thu Mar 25 2021 00:59:17 GMT+0100 (West Africa Standard Time)","process":{"pid":1488,"uid":null,"gid":null,"cwd":"C:\\development\\projects\\wss\\RCCG\\RCCGApi\\RCCGMobile.Api5","execPath":"C:\\Program Files\\nodejs\\node.exe","version":"v12.10.0","argv":["C:\\development\\projects\\wss\\RCCG\\RCCGApi\\RCCGMobile.Api5\\node_modules\\ts-node\\dist\\bin.js","C:\\development\\projects\\wss\\RCCG\\RCCGApi\\RCCGMobile.Api5\\src\\index.ts"],"memoryUsage":{"rss":172589056,"heapTotal":145678336,"heapUsed":112801128,"external":1724658}},"os":{"loadavg":[0,0,0],"uptime":18895},"trace":[{"column":12,"file":"C:\\development\\projects\\wss\\RCCG\\RCCGApi\\RCCGMobile.Api5\\node_modules\\ts-node\\src\\index.ts","function":"createTSError","line":434,"method":null,"native":false},{"column":19,"file":"C:\\development\\projects\\wss\\RCCG\\RCCGApi\\RCCGMobile.Api5\\node_modules\\ts-node\\src\\index.ts","function":"reportTSError","line":438,"method":null,"native":false},{"column":36,"file":"C:\\development\\projects\\wss\\RCCG\\RCCGApi\\RCCGMobile.Api5\\node_modules\\ts-node\\src\\index.ts","function":"getOutput","line":578,"method":null,"native":false},{"column":32,"file":"C:\\development\\projects\\wss\\RCCG\\RCCGApi\\RCCGMobile.Api5\\node_modules\\ts-node\\src\\index.ts","function":"Object.compile","line":775,"method":"compile","native":false},{"column":43,"file":"C:\\development\\projects\\wss\\RCCG\\RCCGApi\\RCCGMobile.Api5\\node_modules\\ts-node\\src\\index.ts","function":"Module.m._compile","line":858,"method":"_compile","native":false},{"column":10,"file":"internal/modules/cjs/loader.js","function":"Module._extensions..js","line":947,"method":".js","native":false},{"column":12,"file":"C:\\development\\projects\\wss\\RCCG\\RCCGApi\\RCCGMobile.Api5\\node_modules\\ts-node\\src\\index.ts","function":"Object.require.extensions.<computed> [as .ts]","line":861,"method":"ts]","native":false},{"column":32,"file":"internal/modules/cjs/loader.js","function":"Module.load","line":790,"method":"load","native":false},{"column":12,"file":"internal/modules/cjs/loader.js","function":"Module._load","line":703,"method":"_load","native":false},{"column":19,"file":"internal/modules/cjs/loader.js","function":"Module.require","line":830,"method":"require","native":false}]}
