{"message":"ЁЯЪА Server ready at http://localhost:7002 for REST APIs","level":"info"}
{"errno":"ECONNREFUSED","code":"ECONNREFUSED","syscall":"connect","address":"127.0.0.1","port":3306,"fatal":true,"level":"error"}
{"message":"ЁЯЪА Server ready at http://localhost:7002 for REST APIs","level":"info"}
{"errno":"ECONNREFUSED","code":"ECONNREFUSED","syscall":"connect","address":"127.0.0.1","port":3306,"fatal":true,"level":"error"}
{"message":"ЁЯЪА Server ready at http://localhost:7001 for REST APIs","level":"info"}
{"errno":"ECONNREFUSED","code":"ECONNREFUSED","syscall":"connect","address":"127.0.0.1","port":3306,"fatal":true,"level":"error"}
{"message":"ЁЯЪА Server ready at http://localhost:7001 for REST APIs","level":"info"}
{"message":"------------ Type orm connection successful! ----------","level":"info"}
{"message":"ЁЯЪА Server ready at http://localhost:7001 for REST APIs","level":"info"}
{"message":"------------ Type orm connection successful! ----------","level":"info"}
{"message":"ЁЯЪА Server ready at http://localhost:7001 for REST APIs","level":"info"}
{"message":"------------ Type orm connection successful! ----------","level":"info"}
{"message":"ЁЯЪА Server ready at http://localhost:7001 for REST APIs","level":"info"}
{"message":"------------ Type orm connection successful! ----------","level":"info"}
{"message":"ЁЯЪА Server ready at http://localhost:7001 for REST APIs","level":"info"}
{"message":"------------ Type orm connection successful! ----------","level":"info"}
{"message":"ЁЯЪА Server ready at http://localhost:7001 for REST APIs","level":"info"}
{"message":"------------ Type orm connection successful! ----------","level":"info"}
{"message":"ЁЯЪА Server ready at http://localhost:7001 for REST APIs","level":"info"}
{"message":"------------ Type orm connection successful! ----------","level":"info"}
{"message":"ЁЯЪА Server ready at http://localhost:7001 for REST APIs","level":"info"}
{"errno":"ECONNREFUSED","code":"ECONNREFUSED","syscall":"connect","address":"127.0.0.1","port":3306,"fatal":true,"level":"error"}
{"message":"ЁЯЪА Server ready at http://localhost:7001 for REST APIs","level":"info"}
{"errno":"ECONNREFUSED","code":"ECONNREFUSED","syscall":"connect","address":"127.0.0.1","port":3306,"fatal":true,"level":"error"}
{"message":"ЁЯЪА Server ready at http://localhost:7001 for REST APIs","level":"info"}
{"message":"------------ Type orm connection successful! ----------","level":"info"}
{"message":"ЁЯЪА Server ready at http://localhost:7001 for REST APIs","level":"info"}
{"message":"------------ Type orm connection successful! ----------","level":"info"}
{"message":"ЁЯЪА Server ready at http://localhost:7001 for REST APIs","level":"info"}
{"message":"------------ Type orm connection successful! ----------","level":"info"}
{"message":"ЁЯЪА Server ready at http://localhost:7001 for REST APIs","level":"info"}
{"message":"------------ Type orm connection successful! ----------","level":"info"}
{"message":"ЁЯЪА Server ready at http://localhost:7001 for REST APIs","level":"info"}
{"message":"------------ Type orm connection successful! ----------","level":"info"}
{"message":"ЁЯЪА Server ready at http://localhost:7001 for REST APIs","level":"info"}
{"error":{"diagnosticText":"\u001b[96msrc/routes/thumbnail.ts\u001b[0m:\u001b[93m6\u001b[0m:\u001b[93m23\u001b[0m - \u001b[91merror\u001b[0m\u001b[90m TS2304: \u001b[0mCannot find name 'ThumbnailController'.\r\n\r\n\u001b[7m6\u001b[0m router.post('/image', ThumbnailController.image);\r\n\u001b[7m \u001b[0m \u001b[91m                      ~~~~~~~~~~~~~~~~~~~\u001b[0m\r\n","diagnosticCodes":[2304]},"level":"error","message":"uncaughtException: тип Unable to compile TypeScript:\n\u001b[96msrc/routes/thumbnail.ts\u001b[0m:\u001b[93m6\u001b[0m:\u001b[93m23\u001b[0m - \u001b[91merror\u001b[0m\u001b[90m TS2304: \u001b[0mCannot find name 'ThumbnailController'.\r\n\r\n\u001b[7m6\u001b[0m router.post('/image', ThumbnailController.image);\r\n\u001b[7m \u001b[0m \u001b[91m                      ~~~~~~~~~~~~~~~~~~~\u001b[0m\r\n\nTSError: тип Unable to compile TypeScript:\n\u001b[96msrc/routes/thumbnail.ts\u001b[0m:\u001b[93m6\u001b[0m:\u001b[93m23\u001b[0m - \u001b[91merror\u001b[0m\u001b[90m TS2304: \u001b[0mCannot find name 'ThumbnailController'.\r\n\r\n\u001b[7m6\u001b[0m router.post('/image', ThumbnailController.image);\r\n\u001b[7m \u001b[0m \u001b[91m                      ~~~~~~~~~~~~~~~~~~~\u001b[0m\r\n\n    at createTSError (C:\\development\\projects\\wss\\RCCG\\RCCGApi\\RCCGMobile.Api5\\node_modules\\ts-node\\src\\index.ts:434:12)\n    at reportTSError (C:\\development\\projects\\wss\\RCCG\\RCCGApi\\RCCGMobile.Api5\\node_modules\\ts-node\\src\\index.ts:438:19)\n    at getOutput (C:\\development\\projects\\wss\\RCCG\\RCCGApi\\RCCGMobile.Api5\\node_modules\\ts-node\\src\\index.ts:578:36)\n    at Object.compile (C:\\development\\projects\\wss\\RCCG\\RCCGApi\\RCCGMobile.Api5\\node_modules\\ts-node\\src\\index.ts:775:32)\n    at Module.m._compile (C:\\development\\projects\\wss\\RCCG\\RCCGApi\\RCCGMobile.Api5\\node_modules\\ts-node\\src\\index.ts:858:43)\n    at Module._extensions..js (internal/modules/cjs/loader.js:947:10)\n    at Object.require.extensions.<computed> [as .ts] (C:\\development\\projects\\wss\\RCCG\\RCCGApi\\RCCGMobile.Api5\\node_modules\\ts-node\\src\\index.ts:861:12)\n    at Module.load (internal/modules/cjs/loader.js:790:32)\n    at Function.Module._load (internal/modules/cjs/loader.js:703:12)\n    at Module.require (internal/modules/cjs/loader.js:830:19)","stack":"TSError: тип Unable to compile TypeScript:\n\u001b[96msrc/routes/thumbnail.ts\u001b[0m:\u001b[93m6\u001b[0m:\u001b[93m23\u001b[0m - \u001b[91merror\u001b[0m\u001b[90m TS2304: \u001b[0mCannot find name 'ThumbnailController'.\r\n\r\n\u001b[7m6\u001b[0m router.post('/image', ThumbnailController.image);\r\n\u001b[7m \u001b[0m \u001b[91m                      ~~~~~~~~~~~~~~~~~~~\u001b[0m\r\n\n    at createTSError (C:\\development\\projects\\wss\\RCCG\\RCCGApi\\RCCGMobile.Api5\\node_modules\\ts-node\\src\\index.ts:434:12)\n    at reportTSError (C:\\development\\projects\\wss\\RCCG\\RCCGApi\\RCCGMobile.Api5\\node_modules\\ts-node\\src\\index.ts:438:19)\n    at getOutput (C:\\development\\projects\\wss\\RCCG\\RCCGApi\\RCCGMobile.Api5\\node_modules\\ts-node\\src\\index.ts:578:36)\n    at Object.compile (C:\\development\\projects\\wss\\RCCG\\RCCGApi\\RCCGMobile.Api5\\node_modules\\ts-node\\src\\index.ts:775:32)\n    at Module.m._compile (C:\\development\\projects\\wss\\RCCG\\RCCGApi\\RCCGMobile.Api5\\node_modules\\ts-node\\src\\index.ts:858:43)\n    at Module._extensions..js (internal/modules/cjs/loader.js:947:10)\n    at Object.require.extensions.<computed> [as .ts] (C:\\development\\projects\\wss\\RCCG\\RCCGApi\\RCCGMobile.Api5\\node_modules\\ts-node\\src\\index.ts:861:12)\n    at Module.load (internal/modules/cjs/loader.js:790:32)\n    at Function.Module._load (internal/modules/cjs/loader.js:703:12)\n    at Module.require (internal/modules/cjs/loader.js:830:19)","exception":true,"date":"Wed Jun 24 2020 23:41:55 GMT+0100 (West Africa Standard Time)","process":{"pid":25576,"uid":null,"gid":null,"cwd":"C:\\development\\projects\\wss\\RCCG\\RCCGApi\\RCCGMobile.Api5","execPath":"C:\\Program Files\\nodejs\\node.exe","version":"v12.10.0","argv":["C:\\development\\projects\\wss\\RCCG\\RCCGApi\\RCCGMobile.Api5\\node_modules\\ts-node\\dist\\bin.js","C:\\development\\projects\\wss\\RCCG\\RCCGApi\\RCCGMobile.Api5\\src\\index.ts"],"memoryUsage":{"rss":175808512,"heapTotal":148332544,"heapUsed":115590704,"external":1724658}},"os":{"loadavg":[0,0,0],"uptime":41857},"trace":[{"column":12,"file":"C:\\development\\projects\\wss\\RCCG\\RCCGApi\\RCCGMobile.Api5\\node_modules\\ts-node\\src\\index.ts","function":"createTSError","line":434,"method":null,"native":false},{"column":19,"file":"C:\\development\\projects\\wss\\RCCG\\RCCGApi\\RCCGMobile.Api5\\node_modules\\ts-node\\src\\index.ts","function":"reportTSError","line":438,"method":null,"native":false},{"column":36,"file":"C:\\development\\projects\\wss\\RCCG\\RCCGApi\\RCCGMobile.Api5\\node_modules\\ts-node\\src\\index.ts","function":"getOutput","line":578,"method":null,"native":false},{"column":32,"file":"C:\\development\\projects\\wss\\RCCG\\RCCGApi\\RCCGMobile.Api5\\node_modules\\ts-node\\src\\index.ts","function":"Object.compile","line":775,"method":"compile","native":false},{"column":43,"file":"C:\\development\\projects\\wss\\RCCG\\RCCGApi\\RCCGMobile.Api5\\node_modules\\ts-node\\src\\index.ts","function":"Module.m._compile","line":858,"method":"_compile","native":false},{"column":10,"file":"internal/modules/cjs/loader.js","function":"Module._extensions..js","line":947,"method":".js","native":false},{"column":12,"file":"C:\\development\\projects\\wss\\RCCG\\RCCGApi\\RCCGMobile.Api5\\node_modules\\ts-node\\src\\index.ts","function":"Object.require.extensions.<computed> [as .ts]","line":861,"method":"ts]","native":false},{"column":32,"file":"internal/modules/cjs/loader.js","function":"Module.load","line":790,"method":"load","native":false},{"column":12,"file":"internal/modules/cjs/loader.js","function":"Module._load","line":703,"method":"_load","native":false},{"column":19,"file":"internal/modules/cjs/loader.js","function":"Module.require","line":830,"method":"require","native":false}]}
{"error":{"diagnosticText":"\u001b[96msrc/routes/thumbnail.ts\u001b[0m:\u001b[93m6\u001b[0m:\u001b[93m23\u001b[0m - \u001b[91merror\u001b[0m\u001b[90m TS2304: \u001b[0mCannot find name 'ThumbnailController'.\r\n\r\n\u001b[7m6\u001b[0m router.post('/image', ThumbnailController.image);\r\n\u001b[7m \u001b[0m \u001b[91m                      ~~~~~~~~~~~~~~~~~~~\u001b[0m\r\n","diagnosticCodes":[2304]},"level":"error","message":"uncaughtException: тип Unable to compile TypeScript:\n\u001b[96msrc/routes/thumbnail.ts\u001b[0m:\u001b[93m6\u001b[0m:\u001b[93m23\u001b[0m - \u001b[91merror\u001b[0m\u001b[90m TS2304: \u001b[0mCannot find name 'ThumbnailController'.\r\n\r\n\u001b[7m6\u001b[0m router.post('/image', ThumbnailController.image);\r\n\u001b[7m \u001b[0m \u001b[91m                      ~~~~~~~~~~~~~~~~~~~\u001b[0m\r\n\nTSError: тип Unable to compile TypeScript:\n\u001b[96msrc/routes/thumbnail.ts\u001b[0m:\u001b[93m6\u001b[0m:\u001b[93m23\u001b[0m - \u001b[91merror\u001b[0m\u001b[90m TS2304: \u001b[0mCannot find name 'ThumbnailController'.\r\n\r\n\u001b[7m6\u001b[0m router.post('/image', ThumbnailController.image);\r\n\u001b[7m \u001b[0m \u001b[91m                      ~~~~~~~~~~~~~~~~~~~\u001b[0m\r\n\n    at createTSError (C:\\development\\projects\\wss\\RCCG\\RCCGApi\\RCCGMobile.Api5\\node_modules\\ts-node\\src\\index.ts:434:12)\n    at reportTSError (C:\\development\\projects\\wss\\RCCG\\RCCGApi\\RCCGMobile.Api5\\node_modules\\ts-node\\src\\index.ts:438:19)\n    at getOutput (C:\\development\\projects\\wss\\RCCG\\RCCGApi\\RCCGMobile.Api5\\node_modules\\ts-node\\src\\index.ts:578:36)\n    at Object.compile (C:\\development\\projects\\wss\\RCCG\\RCCGApi\\RCCGMobile.Api5\\node_modules\\ts-node\\src\\index.ts:775:32)\n    at Module.m._compile (C:\\development\\projects\\wss\\RCCG\\RCCGApi\\RCCGMobile.Api5\\node_modules\\ts-node\\src\\index.ts:858:43)\n    at Module._extensions..js (internal/modules/cjs/loader.js:947:10)\n    at Object.require.extensions.<computed> [as .ts] (C:\\development\\projects\\wss\\RCCG\\RCCGApi\\RCCGMobile.Api5\\node_modules\\ts-node\\src\\index.ts:861:12)\n    at Module.load (internal/modules/cjs/loader.js:790:32)\n    at Function.Module._load (internal/modules/cjs/loader.js:703:12)\n    at Module.require (internal/modules/cjs/loader.js:830:19)","stack":"TSError: тип Unable to compile TypeScript:\n\u001b[96msrc/routes/thumbnail.ts\u001b[0m:\u001b[93m6\u001b[0m:\u001b[93m23\u001b[0m - \u001b[91merror\u001b[0m\u001b[90m TS2304: \u001b[0mCannot find name 'ThumbnailController'.\r\n\r\n\u001b[7m6\u001b[0m router.post('/image', ThumbnailController.image);\r\n\u001b[7m \u001b[0m \u001b[91m                      ~~~~~~~~~~~~~~~~~~~\u001b[0m\r\n\n    at createTSError (C:\\development\\projects\\wss\\RCCG\\RCCGApi\\RCCGMobile.Api5\\node_modules\\ts-node\\src\\index.ts:434:12)\n    at reportTSError (C:\\development\\projects\\wss\\RCCG\\RCCGApi\\RCCGMobile.Api5\\node_modules\\ts-node\\src\\index.ts:438:19)\n    at getOutput (C:\\development\\projects\\wss\\RCCG\\RCCGApi\\RCCGMobile.Api5\\node_modules\\ts-node\\src\\index.ts:578:36)\n    at Object.compile (C:\\development\\projects\\wss\\RCCG\\RCCGApi\\RCCGMobile.Api5\\node_modules\\ts-node\\src\\index.ts:775:32)\n    at Module.m._compile (C:\\development\\projects\\wss\\RCCG\\RCCGApi\\RCCGMobile.Api5\\node_modules\\ts-node\\src\\index.ts:858:43)\n    at Module._extensions..js (internal/modules/cjs/loader.js:947:10)\n    at Object.require.extensions.<computed> [as .ts] (C:\\development\\projects\\wss\\RCCG\\RCCGApi\\RCCGMobile.Api5\\node_modules\\ts-node\\src\\index.ts:861:12)\n    at Module.load (internal/modules/cjs/loader.js:790:32)\n    at Function.Module._load (internal/modules/cjs/loader.js:703:12)\n    at Module.require (internal/modules/cjs/loader.js:830:19)","exception":true,"date":"Wed Jun 24 2020 23:42:44 GMT+0100 (West Africa Standard Time)","process":{"pid":2808,"uid":null,"gid":null,"cwd":"C:\\development\\projects\\wss\\RCCG\\RCCGApi\\RCCGMobile.Api5","execPath":"C:\\Program Files\\nodejs\\node.exe","version":"v12.10.0","argv":["C:\\development\\projects\\wss\\RCCG\\RCCGApi\\RCCGMobile.Api5\\node_modules\\ts-node\\dist\\bin.js","C:\\development\\projects\\wss\\RCCG\\RCCGApi\\RCCGMobile.Api5\\src\\index.ts"],"memoryUsage":{"rss":174669824,"heapTotal":148594688,"heapUsed":115379272,"external":1724658}},"os":{"loadavg":[0,0,0],"uptime":41906},"trace":[{"column":12,"file":"C:\\development\\projects\\wss\\RCCG\\RCCGApi\\RCCGMobile.Api5\\node_modules\\ts-node\\src\\index.ts","function":"createTSError","line":434,"method":null,"native":false},{"column":19,"file":"C:\\development\\projects\\wss\\RCCG\\RCCGApi\\RCCGMobile.Api5\\node_modules\\ts-node\\src\\index.ts","function":"reportTSError","line":438,"method":null,"native":false},{"column":36,"file":"C:\\development\\projects\\wss\\RCCG\\RCCGApi\\RCCGMobile.Api5\\node_modules\\ts-node\\src\\index.ts","function":"getOutput","line":578,"method":null,"native":false},{"column":32,"file":"C:\\development\\projects\\wss\\RCCG\\RCCGApi\\RCCGMobile.Api5\\node_modules\\ts-node\\src\\index.ts","function":"Object.compile","line":775,"method":"compile","native":false},{"column":43,"file":"C:\\development\\projects\\wss\\RCCG\\RCCGApi\\RCCGMobile.Api5\\node_modules\\ts-node\\src\\index.ts","function":"Module.m._compile","line":858,"method":"_compile","native":false},{"column":10,"file":"internal/modules/cjs/loader.js","function":"Module._extensions..js","line":947,"method":".js","native":false},{"column":12,"file":"C:\\development\\projects\\wss\\RCCG\\RCCGApi\\RCCGMobile.Api5\\node_modules\\ts-node\\src\\index.ts","function":"Object.require.extensions.<computed> [as .ts]","line":861,"method":"ts]","native":false},{"column":32,"file":"internal/modules/cjs/loader.js","function":"Module.load","line":790,"method":"load","native":false},{"column":12,"file":"internal/modules/cjs/loader.js","function":"Module._load","line":703,"method":"_load","native":false},{"column":19,"file":"internal/modules/cjs/loader.js","function":"Module.require","line":830,"method":"require","native":false}]}
{"error":{"diagnosticText":"\u001b[96msrc/routes/thumbnail.ts\u001b[0m:\u001b[93m6\u001b[0m:\u001b[93m23\u001b[0m - \u001b[91merror\u001b[0m\u001b[90m TS2304: \u001b[0mCannot find name 'ThumbnailController'.\r\n\r\n\u001b[7m6\u001b[0m router.post('/image', ThumbnailController.image);\r\n\u001b[7m \u001b[0m \u001b[91m                      ~~~~~~~~~~~~~~~~~~~\u001b[0m\r\n","diagnosticCodes":[2304]},"level":"error","message":"uncaughtException: тип Unable to compile TypeScript:\n\u001b[96msrc/routes/thumbnail.ts\u001b[0m:\u001b[93m6\u001b[0m:\u001b[93m23\u001b[0m - \u001b[91merror\u001b[0m\u001b[90m TS2304: \u001b[0mCannot find name 'ThumbnailController'.\r\n\r\n\u001b[7m6\u001b[0m router.post('/image', ThumbnailController.image);\r\n\u001b[7m \u001b[0m \u001b[91m                      ~~~~~~~~~~~~~~~~~~~\u001b[0m\r\n\nTSError: тип Unable to compile TypeScript:\n\u001b[96msrc/routes/thumbnail.ts\u001b[0m:\u001b[93m6\u001b[0m:\u001b[93m23\u001b[0m - \u001b[91merror\u001b[0m\u001b[90m TS2304: \u001b[0mCannot find name 'ThumbnailController'.\r\n\r\n\u001b[7m6\u001b[0m router.post('/image', ThumbnailController.image);\r\n\u001b[7m \u001b[0m \u001b[91m                      ~~~~~~~~~~~~~~~~~~~\u001b[0m\r\n\n    at createTSError (C:\\development\\projects\\wss\\RCCG\\RCCGApi\\RCCGMobile.Api5\\node_modules\\ts-node\\src\\index.ts:434:12)\n    at reportTSError (C:\\development\\projects\\wss\\RCCG\\RCCGApi\\RCCGMobile.Api5\\node_modules\\ts-node\\src\\index.ts:438:19)\n    at getOutput (C:\\development\\projects\\wss\\RCCG\\RCCGApi\\RCCGMobile.Api5\\node_modules\\ts-node\\src\\index.ts:578:36)\n    at Object.compile (C:\\development\\projects\\wss\\RCCG\\RCCGApi\\RCCGMobile.Api5\\node_modules\\ts-node\\src\\index.ts:775:32)\n    at Module.m._compile (C:\\development\\projects\\wss\\RCCG\\RCCGApi\\RCCGMobile.Api5\\node_modules\\ts-node\\src\\index.ts:858:43)\n    at Module._extensions..js (internal/modules/cjs/loader.js:947:10)\n    at Object.require.extensions.<computed> [as .ts] (C:\\development\\projects\\wss\\RCCG\\RCCGApi\\RCCGMobile.Api5\\node_modules\\ts-node\\src\\index.ts:861:12)\n    at Module.load (internal/modules/cjs/loader.js:790:32)\n    at Function.Module._load (internal/modules/cjs/loader.js:703:12)\n    at Module.require (internal/modules/cjs/loader.js:830:19)","stack":"TSError: тип Unable to compile TypeScript:\n\u001b[96msrc/routes/thumbnail.ts\u001b[0m:\u001b[93m6\u001b[0m:\u001b[93m23\u001b[0m - \u001b[91merror\u001b[0m\u001b[90m TS2304: \u001b[0mCannot find name 'ThumbnailController'.\r\n\r\n\u001b[7m6\u001b[0m router.post('/image', ThumbnailController.image);\r\n\u001b[7m \u001b[0m \u001b[91m                      ~~~~~~~~~~~~~~~~~~~\u001b[0m\r\n\n    at createTSError (C:\\development\\projects\\wss\\RCCG\\RCCGApi\\RCCGMobile.Api5\\node_modules\\ts-node\\src\\index.ts:434:12)\n    at reportTSError (C:\\development\\projects\\wss\\RCCG\\RCCGApi\\RCCGMobile.Api5\\node_modules\\ts-node\\src\\index.ts:438:19)\n    at getOutput (C:\\development\\projects\\wss\\RCCG\\RCCGApi\\RCCGMobile.Api5\\node_modules\\ts-node\\src\\index.ts:578:36)\n    at Object.compile (C:\\development\\projects\\wss\\RCCG\\RCCGApi\\RCCGMobile.Api5\\node_modules\\ts-node\\src\\index.ts:775:32)\n    at Module.m._compile (C:\\development\\projects\\wss\\RCCG\\RCCGApi\\RCCGMobile.Api5\\node_modules\\ts-node\\src\\index.ts:858:43)\n    at Module._extensions..js (internal/modules/cjs/loader.js:947:10)\n    at Object.require.extensions.<computed> [as .ts] (C:\\development\\projects\\wss\\RCCG\\RCCGApi\\RCCGMobile.Api5\\node_modules\\ts-node\\src\\index.ts:861:12)\n    at Module.load (internal/modules/cjs/loader.js:790:32)\n    at Function.Module._load (internal/modules/cjs/loader.js:703:12)\n    at Module.require (internal/modules/cjs/loader.js:830:19)","exception":true,"date":"Wed Jun 24 2020 23:46:29 GMT+0100 (West Africa Standard Time)","process":{"pid":13420,"uid":null,"gid":null,"cwd":"C:\\development\\projects\\wss\\RCCG\\RCCGApi\\RCCGMobile.Api5","execPath":"C:\\Program Files\\nodejs\\node.exe","version":"v12.10.0","argv":["C:\\development\\projects\\wss\\RCCG\\RCCGApi\\RCCGMobile.Api5\\node_modules\\ts-node\\dist\\bin.js","C:\\development\\projects\\wss\\RCCG\\RCCGApi\\RCCGMobile.Api5\\src\\index.ts"],"memoryUsage":{"rss":174571520,"heapTotal":148594688,"heapUsed":115601536,"external":1724658}},"os":{"loadavg":[0,0,0],"uptime":42130},"trace":[{"column":12,"file":"C:\\development\\projects\\wss\\RCCG\\RCCGApi\\RCCGMobile.Api5\\node_modules\\ts-node\\src\\index.ts","function":"createTSError","line":434,"method":null,"native":false},{"column":19,"file":"C:\\development\\projects\\wss\\RCCG\\RCCGApi\\RCCGMobile.Api5\\node_modules\\ts-node\\src\\index.ts","function":"reportTSError","line":438,"method":null,"native":false},{"column":36,"file":"C:\\development\\projects\\wss\\RCCG\\RCCGApi\\RCCGMobile.Api5\\node_modules\\ts-node\\src\\index.ts","function":"getOutput","line":578,"method":null,"native":false},{"column":32,"file":"C:\\development\\projects\\wss\\RCCG\\RCCGApi\\RCCGMobile.Api5\\node_modules\\ts-node\\src\\index.ts","function":"Object.compile","line":775,"method":"compile","native":false},{"column":43,"file":"C:\\development\\projects\\wss\\RCCG\\RCCGApi\\RCCGMobile.Api5\\node_modules\\ts-node\\src\\index.ts","function":"Module.m._compile","line":858,"method":"_compile","native":false},{"column":10,"file":"internal/modules/cjs/loader.js","function":"Module._extensions..js","line":947,"method":".js","native":false},{"column":12,"file":"C:\\development\\projects\\wss\\RCCG\\RCCGApi\\RCCGMobile.Api5\\node_modules\\ts-node\\src\\index.ts","function":"Object.require.extensions.<computed> [as .ts]","line":861,"method":"ts]","native":false},{"column":32,"file":"internal/modules/cjs/loader.js","function":"Module.load","line":790,"method":"load","native":false},{"column":12,"file":"internal/modules/cjs/loader.js","function":"Module._load","line":703,"method":"_load","native":false},{"column":19,"file":"internal/modules/cjs/loader.js","function":"Module.require","line":830,"method":"require","native":false}]}
{"error":{"diagnosticText":"\u001b[96msrc/routes/thumbnail.ts\u001b[0m:\u001b[93m6\u001b[0m:\u001b[93m23\u001b[0m - \u001b[91merror\u001b[0m\u001b[90m TS2304: \u001b[0mCannot find name 'ThumbnailController'.\r\n\r\n\u001b[7m6\u001b[0m router.post('/image', ThumbnailController.image);\r\n\u001b[7m \u001b[0m \u001b[91m                      ~~~~~~~~~~~~~~~~~~~\u001b[0m\r\n","diagnosticCodes":[2304]},"level":"error","message":"uncaughtException: тип Unable to compile TypeScript:\n\u001b[96msrc/routes/thumbnail.ts\u001b[0m:\u001b[93m6\u001b[0m:\u001b[93m23\u001b[0m - \u001b[91merror\u001b[0m\u001b[90m TS2304: \u001b[0mCannot find name 'ThumbnailController'.\r\n\r\n\u001b[7m6\u001b[0m router.post('/image', ThumbnailController.image);\r\n\u001b[7m \u001b[0m \u001b[91m                      ~~~~~~~~~~~~~~~~~~~\u001b[0m\r\n\nTSError: тип Unable to compile TypeScript:\n\u001b[96msrc/routes/thumbnail.ts\u001b[0m:\u001b[93m6\u001b[0m:\u001b[93m23\u001b[0m - \u001b[91merror\u001b[0m\u001b[90m TS2304: \u001b[0mCannot find name 'ThumbnailController'.\r\n\r\n\u001b[7m6\u001b[0m router.post('/image', ThumbnailController.image);\r\n\u001b[7m \u001b[0m \u001b[91m                      ~~~~~~~~~~~~~~~~~~~\u001b[0m\r\n\n    at createTSError (C:\\development\\projects\\wss\\RCCG\\RCCGApi\\RCCGMobile.Api5\\node_modules\\ts-node\\src\\index.ts:434:12)\n    at reportTSError (C:\\development\\projects\\wss\\RCCG\\RCCGApi\\RCCGMobile.Api5\\node_modules\\ts-node\\src\\index.ts:438:19)\n    at getOutput (C:\\development\\projects\\wss\\RCCG\\RCCGApi\\RCCGMobile.Api5\\node_modules\\ts-node\\src\\index.ts:578:36)\n    at Object.compile (C:\\development\\projects\\wss\\RCCG\\RCCGApi\\RCCGMobile.Api5\\node_modules\\ts-node\\src\\index.ts:775:32)\n    at Module.m._compile (C:\\development\\projects\\wss\\RCCG\\RCCGApi\\RCCGMobile.Api5\\node_modules\\ts-node\\src\\index.ts:858:43)\n    at Module._extensions..js (internal/modules/cjs/loader.js:947:10)\n    at Object.require.extensions.<computed> [as .ts] (C:\\development\\projects\\wss\\RCCG\\RCCGApi\\RCCGMobile.Api5\\node_modules\\ts-node\\src\\index.ts:861:12)\n    at Module.load (internal/modules/cjs/loader.js:790:32)\n    at Function.Module._load (internal/modules/cjs/loader.js:703:12)\n    at Module.require (internal/modules/cjs/loader.js:830:19)","stack":"TSError: тип Unable to compile TypeScript:\n\u001b[96msrc/routes/thumbnail.ts\u001b[0m:\u001b[93m6\u001b[0m:\u001b[93m23\u001b[0m - \u001b[91merror\u001b[0m\u001b[90m TS2304: \u001b[0mCannot find name 'ThumbnailController'.\r\n\r\n\u001b[7m6\u001b[0m router.post('/image', ThumbnailController.image);\r\n\u001b[7m \u001b[0m \u001b[91m                      ~~~~~~~~~~~~~~~~~~~\u001b[0m\r\n\n    at createTSError (C:\\development\\projects\\wss\\RCCG\\RCCGApi\\RCCGMobile.Api5\\node_modules\\ts-node\\src\\index.ts:434:12)\n    at reportTSError (C:\\development\\projects\\wss\\RCCG\\RCCGApi\\RCCGMobile.Api5\\node_modules\\ts-node\\src\\index.ts:438:19)\n    at getOutput (C:\\development\\projects\\wss\\RCCG\\RCCGApi\\RCCGMobile.Api5\\node_modules\\ts-node\\src\\index.ts:578:36)\n    at Object.compile (C:\\development\\projects\\wss\\RCCG\\RCCGApi\\RCCGMobile.Api5\\node_modules\\ts-node\\src\\index.ts:775:32)\n    at Module.m._compile (C:\\development\\projects\\wss\\RCCG\\RCCGApi\\RCCGMobile.Api5\\node_modules\\ts-node\\src\\index.ts:858:43)\n    at Module._extensions..js (internal/modules/cjs/loader.js:947:10)\n    at Object.require.extensions.<computed> [as .ts] (C:\\development\\projects\\wss\\RCCG\\RCCGApi\\RCCGMobile.Api5\\node_modules\\ts-node\\src\\index.ts:861:12)\n    at Module.load (internal/modules/cjs/loader.js:790:32)\n    at Function.Module._load (internal/modules/cjs/loader.js:703:12)\n    at Module.require (internal/modules/cjs/loader.js:830:19)","exception":true,"date":"Wed Jun 24 2020 23:46:51 GMT+0100 (West Africa Standard Time)","process":{"pid":13808,"uid":null,"gid":null,"cwd":"C:\\development\\projects\\wss\\RCCG\\RCCGApi\\RCCGMobile.Api5","execPath":"C:\\Program Files\\nodejs\\node.exe","version":"v12.10.0","argv":["C:\\development\\projects\\wss\\RCCG\\RCCGApi\\RCCGMobile.Api5\\node_modules\\ts-node\\dist\\bin.js","C:\\development\\projects\\wss\\RCCG\\RCCGApi\\RCCGMobile.Api5\\src\\index.ts"],"memoryUsage":{"rss":175853568,"heapTotal":148856832,"heapUsed":115908576,"external":1812774}},"os":{"loadavg":[0,0,0],"uptime":42152},"trace":[{"column":12,"file":"C:\\development\\projects\\wss\\RCCG\\RCCGApi\\RCCGMobile.Api5\\node_modules\\ts-node\\src\\index.ts","function":"createTSError","line":434,"method":null,"native":false},{"column":19,"file":"C:\\development\\projects\\wss\\RCCG\\RCCGApi\\RCCGMobile.Api5\\node_modules\\ts-node\\src\\index.ts","function":"reportTSError","line":438,"method":null,"native":false},{"column":36,"file":"C:\\development\\projects\\wss\\RCCG\\RCCGApi\\RCCGMobile.Api5\\node_modules\\ts-node\\src\\index.ts","function":"getOutput","line":578,"method":null,"native":false},{"column":32,"file":"C:\\development\\projects\\wss\\RCCG\\RCCGApi\\RCCGMobile.Api5\\node_modules\\ts-node\\src\\index.ts","function":"Object.compile","line":775,"method":"compile","native":false},{"column":43,"file":"C:\\development\\projects\\wss\\RCCG\\RCCGApi\\RCCGMobile.Api5\\node_modules\\ts-node\\src\\index.ts","function":"Module.m._compile","line":858,"method":"_compile","native":false},{"column":10,"file":"internal/modules/cjs/loader.js","function":"Module._extensions..js","line":947,"method":".js","native":false},{"column":12,"file":"C:\\development\\projects\\wss\\RCCG\\RCCGApi\\RCCGMobile.Api5\\node_modules\\ts-node\\src\\index.ts","function":"Object.require.extensions.<computed> [as .ts]","line":861,"method":"ts]","native":false},{"column":32,"file":"internal/modules/cjs/loader.js","function":"Module.load","line":790,"method":"load","native":false},{"column":12,"file":"internal/modules/cjs/loader.js","function":"Module._load","line":703,"method":"_load","native":false},{"column":19,"file":"internal/modules/cjs/loader.js","function":"Module.require","line":830,"method":"require","native":false}]}
{"error":{"diagnosticText":"\u001b[96msrc/routes/thumbnail.ts\u001b[0m:\u001b[93m6\u001b[0m:\u001b[93m23\u001b[0m - \u001b[91merror\u001b[0m\u001b[90m TS2304: \u001b[0mCannot find name 'ThumbnailController'.\r\n\r\n\u001b[7m6\u001b[0m router.post('/image', ThumbnailController.image);\r\n\u001b[7m \u001b[0m \u001b[91m                      ~~~~~~~~~~~~~~~~~~~\u001b[0m\r\n","diagnosticCodes":[2304]},"level":"error","message":"uncaughtException: тип Unable to compile TypeScript:\n\u001b[96msrc/routes/thumbnail.ts\u001b[0m:\u001b[93m6\u001b[0m:\u001b[93m23\u001b[0m - \u001b[91merror\u001b[0m\u001b[90m TS2304: \u001b[0mCannot find name 'ThumbnailController'.\r\n\r\n\u001b[7m6\u001b[0m router.post('/image', ThumbnailController.image);\r\n\u001b[7m \u001b[0m \u001b[91m                      ~~~~~~~~~~~~~~~~~~~\u001b[0m\r\n\nTSError: тип Unable to compile TypeScript:\n\u001b[96msrc/routes/thumbnail.ts\u001b[0m:\u001b[93m6\u001b[0m:\u001b[93m23\u001b[0m - \u001b[91merror\u001b[0m\u001b[90m TS2304: \u001b[0mCannot find name 'ThumbnailController'.\r\n\r\n\u001b[7m6\u001b[0m router.post('/image', ThumbnailController.image);\r\n\u001b[7m \u001b[0m \u001b[91m                      ~~~~~~~~~~~~~~~~~~~\u001b[0m\r\n\n    at createTSError (C:\\development\\projects\\wss\\RCCG\\RCCGApi\\RCCGMobile.Api5\\node_modules\\ts-node\\src\\index.ts:434:12)\n    at reportTSError (C:\\development\\projects\\wss\\RCCG\\RCCGApi\\RCCGMobile.Api5\\node_modules\\ts-node\\src\\index.ts:438:19)\n    at getOutput (C:\\development\\projects\\wss\\RCCG\\RCCGApi\\RCCGMobile.Api5\\node_modules\\ts-node\\src\\index.ts:578:36)\n    at Object.compile (C:\\development\\projects\\wss\\RCCG\\RCCGApi\\RCCGMobile.Api5\\node_modules\\ts-node\\src\\index.ts:775:32)\n    at Module.m._compile (C:\\development\\projects\\wss\\RCCG\\RCCGApi\\RCCGMobile.Api5\\node_modules\\ts-node\\src\\index.ts:858:43)\n    at Module._extensions..js (internal/modules/cjs/loader.js:947:10)\n    at Object.require.extensions.<computed> [as .ts] (C:\\development\\projects\\wss\\RCCG\\RCCGApi\\RCCGMobile.Api5\\node_modules\\ts-node\\src\\index.ts:861:12)\n    at Module.load (internal/modules/cjs/loader.js:790:32)\n    at Function.Module._load (internal/modules/cjs/loader.js:703:12)\n    at Module.require (internal/modules/cjs/loader.js:830:19)","stack":"TSError: тип Unable to compile TypeScript:\n\u001b[96msrc/routes/thumbnail.ts\u001b[0m:\u001b[93m6\u001b[0m:\u001b[93m23\u001b[0m - \u001b[91merror\u001b[0m\u001b[90m TS2304: \u001b[0mCannot find name 'ThumbnailController'.\r\n\r\n\u001b[7m6\u001b[0m router.post('/image', ThumbnailController.image);\r\n\u001b[7m \u001b[0m \u001b[91m                      ~~~~~~~~~~~~~~~~~~~\u001b[0m\r\n\n    at createTSError (C:\\development\\projects\\wss\\RCCG\\RCCGApi\\RCCGMobile.Api5\\node_modules\\ts-node\\src\\index.ts:434:12)\n    at reportTSError (C:\\development\\projects\\wss\\RCCG\\RCCGApi\\RCCGMobile.Api5\\node_modules\\ts-node\\src\\index.ts:438:19)\n    at getOutput (C:\\development\\projects\\wss\\RCCG\\RCCGApi\\RCCGMobile.Api5\\node_modules\\ts-node\\src\\index.ts:578:36)\n    at Object.compile (C:\\development\\projects\\wss\\RCCG\\RCCGApi\\RCCGMobile.Api5\\node_modules\\ts-node\\src\\index.ts:775:32)\n    at Module.m._compile (C:\\development\\projects\\wss\\RCCG\\RCCGApi\\RCCGMobile.Api5\\node_modules\\ts-node\\src\\index.ts:858:43)\n    at Module._extensions..js (internal/modules/cjs/loader.js:947:10)\n    at Object.require.extensions.<computed> [as .ts] (C:\\development\\projects\\wss\\RCCG\\RCCGApi\\RCCGMobile.Api5\\node_modules\\ts-node\\src\\index.ts:861:12)\n    at Module.load (internal/modules/cjs/loader.js:790:32)\n    at Function.Module._load (internal/modules/cjs/loader.js:703:12)\n    at Module.require (internal/modules/cjs/loader.js:830:19)","exception":true,"date":"Wed Jun 24 2020 23:46:58 GMT+0100 (West Africa Standard Time)","process":{"pid":8884,"uid":null,"gid":null,"cwd":"C:\\development\\projects\\wss\\RCCG\\RCCGApi\\RCCGMobile.Api5","execPath":"C:\\Program Files\\nodejs\\node.exe","version":"v12.10.0","argv":["C:\\development\\projects\\wss\\RCCG\\RCCGApi\\RCCGMobile.Api5\\node_modules\\ts-node\\dist\\bin.js","C:\\development\\projects\\wss\\RCCG\\RCCGApi\\RCCGMobile.Api5\\src\\index.ts"],"memoryUsage":{"rss":174829568,"heapTotal":148856832,"heapUsed":116420952,"external":1812774}},"os":{"loadavg":[0,0,0],"uptime":42159},"trace":[{"column":12,"file":"C:\\development\\projects\\wss\\RCCG\\RCCGApi\\RCCGMobile.Api5\\node_modules\\ts-node\\src\\index.ts","function":"createTSError","line":434,"method":null,"native":false},{"column":19,"file":"C:\\development\\projects\\wss\\RCCG\\RCCGApi\\RCCGMobile.Api5\\node_modules\\ts-node\\src\\index.ts","function":"reportTSError","line":438,"method":null,"native":false},{"column":36,"file":"C:\\development\\projects\\wss\\RCCG\\RCCGApi\\RCCGMobile.Api5\\node_modules\\ts-node\\src\\index.ts","function":"getOutput","line":578,"method":null,"native":false},{"column":32,"file":"C:\\development\\projects\\wss\\RCCG\\RCCGApi\\RCCGMobile.Api5\\node_modules\\ts-node\\src\\index.ts","function":"Object.compile","line":775,"method":"compile","native":false},{"column":43,"file":"C:\\development\\projects\\wss\\RCCG\\RCCGApi\\RCCGMobile.Api5\\node_modules\\ts-node\\src\\index.ts","function":"Module.m._compile","line":858,"method":"_compile","native":false},{"column":10,"file":"internal/modules/cjs/loader.js","function":"Module._extensions..js","line":947,"method":".js","native":false},{"column":12,"file":"C:\\development\\projects\\wss\\RCCG\\RCCGApi\\RCCGMobile.Api5\\node_modules\\ts-node\\src\\index.ts","function":"Object.require.extensions.<computed> [as .ts]","line":861,"method":"ts]","native":false},{"column":32,"file":"internal/modules/cjs/loader.js","function":"Module.load","line":790,"method":"load","native":false},{"column":12,"file":"internal/modules/cjs/loader.js","function":"Module._load","line":703,"method":"_load","native":false},{"column":19,"file":"internal/modules/cjs/loader.js","function":"Module.require","line":830,"method":"require","native":false}]}
{"error":{"diagnosticText":"\u001b[96msrc/routes/thumbnail.ts\u001b[0m:\u001b[93m6\u001b[0m:\u001b[93m23\u001b[0m - \u001b[91merror\u001b[0m\u001b[90m TS2304: \u001b[0mCannot find name 'ThumbnailController'.\r\n\r\n\u001b[7m6\u001b[0m router.post('/image', ThumbnailController.image);\r\n\u001b[7m \u001b[0m \u001b[91m                      ~~~~~~~~~~~~~~~~~~~\u001b[0m\r\n","diagnosticCodes":[2304]},"level":"error","message":"uncaughtException: тип Unable to compile TypeScript:\n\u001b[96msrc/routes/thumbnail.ts\u001b[0m:\u001b[93m6\u001b[0m:\u001b[93m23\u001b[0m - \u001b[91merror\u001b[0m\u001b[90m TS2304: \u001b[0mCannot find name 'ThumbnailController'.\r\n\r\n\u001b[7m6\u001b[0m router.post('/image', ThumbnailController.image);\r\n\u001b[7m \u001b[0m \u001b[91m                      ~~~~~~~~~~~~~~~~~~~\u001b[0m\r\n\nTSError: тип Unable to compile TypeScript:\n\u001b[96msrc/routes/thumbnail.ts\u001b[0m:\u001b[93m6\u001b[0m:\u001b[93m23\u001b[0m - \u001b[91merror\u001b[0m\u001b[90m TS2304: \u001b[0mCannot find name 'ThumbnailController'.\r\n\r\n\u001b[7m6\u001b[0m router.post('/image', ThumbnailController.image);\r\n\u001b[7m \u001b[0m \u001b[91m                      ~~~~~~~~~~~~~~~~~~~\u001b[0m\r\n\n    at createTSError (C:\\development\\projects\\wss\\RCCG\\RCCGApi\\RCCGMobile.Api5\\node_modules\\ts-node\\src\\index.ts:434:12)\n    at reportTSError (C:\\development\\projects\\wss\\RCCG\\RCCGApi\\RCCGMobile.Api5\\node_modules\\ts-node\\src\\index.ts:438:19)\n    at getOutput (C:\\development\\projects\\wss\\RCCG\\RCCGApi\\RCCGMobile.Api5\\node_modules\\ts-node\\src\\index.ts:578:36)\n    at Object.compile (C:\\development\\projects\\wss\\RCCG\\RCCGApi\\RCCGMobile.Api5\\node_modules\\ts-node\\src\\index.ts:775:32)\n    at Module.m._compile (C:\\development\\projects\\wss\\RCCG\\RCCGApi\\RCCGMobile.Api5\\node_modules\\ts-node\\src\\index.ts:858:43)\n    at Module._extensions..js (internal/modules/cjs/loader.js:947:10)\n    at Object.require.extensions.<computed> [as .ts] (C:\\development\\projects\\wss\\RCCG\\RCCGApi\\RCCGMobile.Api5\\node_modules\\ts-node\\src\\index.ts:861:12)\n    at Module.load (internal/modules/cjs/loader.js:790:32)\n    at Function.Module._load (internal/modules/cjs/loader.js:703:12)\n    at Module.require (internal/modules/cjs/loader.js:830:19)","stack":"TSError: тип Unable to compile TypeScript:\n\u001b[96msrc/routes/thumbnail.ts\u001b[0m:\u001b[93m6\u001b[0m:\u001b[93m23\u001b[0m - \u001b[91merror\u001b[0m\u001b[90m TS2304: \u001b[0mCannot find name 'ThumbnailController'.\r\n\r\n\u001b[7m6\u001b[0m router.post('/image', ThumbnailController.image);\r\n\u001b[7m \u001b[0m \u001b[91m                      ~~~~~~~~~~~~~~~~~~~\u001b[0m\r\n\n    at createTSError (C:\\development\\projects\\wss\\RCCG\\RCCGApi\\RCCGMobile.Api5\\node_modules\\ts-node\\src\\index.ts:434:12)\n    at reportTSError (C:\\development\\projects\\wss\\RCCG\\RCCGApi\\RCCGMobile.Api5\\node_modules\\ts-node\\src\\index.ts:438:19)\n    at getOutput (C:\\development\\projects\\wss\\RCCG\\RCCGApi\\RCCGMobile.Api5\\node_modules\\ts-node\\src\\index.ts:578:36)\n    at Object.compile (C:\\development\\projects\\wss\\RCCG\\RCCGApi\\RCCGMobile.Api5\\node_modules\\ts-node\\src\\index.ts:775:32)\n    at Module.m._compile (C:\\development\\projects\\wss\\RCCG\\RCCGApi\\RCCGMobile.Api5\\node_modules\\ts-node\\src\\index.ts:858:43)\n    at Module._extensions..js (internal/modules/cjs/loader.js:947:10)\n    at Object.require.extensions.<computed> [as .ts] (C:\\development\\projects\\wss\\RCCG\\RCCGApi\\RCCGMobile.Api5\\node_modules\\ts-node\\src\\index.ts:861:12)\n    at Module.load (internal/modules/cjs/loader.js:790:32)\n    at Function.Module._load (internal/modules/cjs/loader.js:703:12)\n    at Module.require (internal/modules/cjs/loader.js:830:19)","exception":true,"date":"Wed Jun 24 2020 23:55:30 GMT+0100 (West Africa Standard Time)","process":{"pid":14968,"uid":null,"gid":null,"cwd":"C:\\development\\projects\\wss\\RCCG\\RCCGApi\\RCCGMobile.Api5","execPath":"C:\\Program Files\\nodejs\\node.exe","version":"v12.10.0","argv":["C:\\development\\projects\\wss\\RCCG\\RCCGApi\\RCCGMobile.Api5\\node_modules\\ts-node\\dist\\bin.js","C:\\development\\projects\\wss\\RCCG\\RCCGApi\\RCCGMobile.Api5\\src\\index.ts"],"memoryUsage":{"rss":174383104,"heapTotal":148070400,"heapUsed":114915312,"external":1724658}},"os":{"loadavg":[0,0,0],"uptime":42672},"trace":[{"column":12,"file":"C:\\development\\projects\\wss\\RCCG\\RCCGApi\\RCCGMobile.Api5\\node_modules\\ts-node\\src\\index.ts","function":"createTSError","line":434,"method":null,"native":false},{"column":19,"file":"C:\\development\\projects\\wss\\RCCG\\RCCGApi\\RCCGMobile.Api5\\node_modules\\ts-node\\src\\index.ts","function":"reportTSError","line":438,"method":null,"native":false},{"column":36,"file":"C:\\development\\projects\\wss\\RCCG\\RCCGApi\\RCCGMobile.Api5\\node_modules\\ts-node\\src\\index.ts","function":"getOutput","line":578,"method":null,"native":false},{"column":32,"file":"C:\\development\\projects\\wss\\RCCG\\RCCGApi\\RCCGMobile.Api5\\node_modules\\ts-node\\src\\index.ts","function":"Object.compile","line":775,"method":"compile","native":false},{"column":43,"file":"C:\\development\\projects\\wss\\RCCG\\RCCGApi\\RCCGMobile.Api5\\node_modules\\ts-node\\src\\index.ts","function":"Module.m._compile","line":858,"method":"_compile","native":false},{"column":10,"file":"internal/modules/cjs/loader.js","function":"Module._extensions..js","line":947,"method":".js","native":false},{"column":12,"file":"C:\\development\\projects\\wss\\RCCG\\RCCGApi\\RCCGMobile.Api5\\node_modules\\ts-node\\src\\index.ts","function":"Object.require.extensions.<computed> [as .ts]","line":861,"method":"ts]","native":false},{"column":32,"file":"internal/modules/cjs/loader.js","function":"Module.load","line":790,"method":"load","native":false},{"column":12,"file":"internal/modules/cjs/loader.js","function":"Module._load","line":703,"method":"_load","native":false},{"column":19,"file":"internal/modules/cjs/loader.js","function":"Module.require","line":830,"method":"require","native":false}]}
{"error":{"diagnosticText":"\u001b[96msrc/routes/thumbnail.ts\u001b[0m:\u001b[93m6\u001b[0m:\u001b[93m23\u001b[0m - \u001b[91merror\u001b[0m\u001b[90m TS2304: \u001b[0mCannot find name 'ThumbnailController'.\r\n\r\n\u001b[7m6\u001b[0m router.post('/image', ThumbnailController.image);\r\n\u001b[7m \u001b[0m \u001b[91m                      ~~~~~~~~~~~~~~~~~~~\u001b[0m\r\n","diagnosticCodes":[2304]},"level":"error","message":"uncaughtException: тип Unable to compile TypeScript:\n\u001b[96msrc/routes/thumbnail.ts\u001b[0m:\u001b[93m6\u001b[0m:\u001b[93m23\u001b[0m - \u001b[91merror\u001b[0m\u001b[90m TS2304: \u001b[0mCannot find name 'ThumbnailController'.\r\n\r\n\u001b[7m6\u001b[0m router.post('/image', ThumbnailController.image);\r\n\u001b[7m \u001b[0m \u001b[91m                      ~~~~~~~~~~~~~~~~~~~\u001b[0m\r\n\nTSError: тип Unable to compile TypeScript:\n\u001b[96msrc/routes/thumbnail.ts\u001b[0m:\u001b[93m6\u001b[0m:\u001b[93m23\u001b[0m - \u001b[91merror\u001b[0m\u001b[90m TS2304: \u001b[0mCannot find name 'ThumbnailController'.\r\n\r\n\u001b[7m6\u001b[0m router.post('/image', ThumbnailController.image);\r\n\u001b[7m \u001b[0m \u001b[91m                      ~~~~~~~~~~~~~~~~~~~\u001b[0m\r\n\n    at createTSError (C:\\development\\projects\\wss\\RCCG\\RCCGApi\\RCCGMobile.Api5\\node_modules\\ts-node\\src\\index.ts:434:12)\n    at reportTSError (C:\\development\\projects\\wss\\RCCG\\RCCGApi\\RCCGMobile.Api5\\node_modules\\ts-node\\src\\index.ts:438:19)\n    at getOutput (C:\\development\\projects\\wss\\RCCG\\RCCGApi\\RCCGMobile.Api5\\node_modules\\ts-node\\src\\index.ts:578:36)\n    at Object.compile (C:\\development\\projects\\wss\\RCCG\\RCCGApi\\RCCGMobile.Api5\\node_modules\\ts-node\\src\\index.ts:775:32)\n    at Module.m._compile (C:\\development\\projects\\wss\\RCCG\\RCCGApi\\RCCGMobile.Api5\\node_modules\\ts-node\\src\\index.ts:858:43)\n    at Module._extensions..js (internal/modules/cjs/loader.js:947:10)\n    at Object.require.extensions.<computed> [as .ts] (C:\\development\\projects\\wss\\RCCG\\RCCGApi\\RCCGMobile.Api5\\node_modules\\ts-node\\src\\index.ts:861:12)\n    at Module.load (internal/modules/cjs/loader.js:790:32)\n    at Function.Module._load (internal/modules/cjs/loader.js:703:12)\n    at Module.require (internal/modules/cjs/loader.js:830:19)","stack":"TSError: тип Unable to compile TypeScript:\n\u001b[96msrc/routes/thumbnail.ts\u001b[0m:\u001b[93m6\u001b[0m:\u001b[93m23\u001b[0m - \u001b[91merror\u001b[0m\u001b[90m TS2304: \u001b[0mCannot find name 'ThumbnailController'.\r\n\r\n\u001b[7m6\u001b[0m router.post('/image', ThumbnailController.image);\r\n\u001b[7m \u001b[0m \u001b[91m                      ~~~~~~~~~~~~~~~~~~~\u001b[0m\r\n\n    at createTSError (C:\\development\\projects\\wss\\RCCG\\RCCGApi\\RCCGMobile.Api5\\node_modules\\ts-node\\src\\index.ts:434:12)\n    at reportTSError (C:\\development\\projects\\wss\\RCCG\\RCCGApi\\RCCGMobile.Api5\\node_modules\\ts-node\\src\\index.ts:438:19)\n    at getOutput (C:\\development\\projects\\wss\\RCCG\\RCCGApi\\RCCGMobile.Api5\\node_modules\\ts-node\\src\\index.ts:578:36)\n    at Object.compile (C:\\development\\projects\\wss\\RCCG\\RCCGApi\\RCCGMobile.Api5\\node_modules\\ts-node\\src\\index.ts:775:32)\n    at Module.m._compile (C:\\development\\projects\\wss\\RCCG\\RCCGApi\\RCCGMobile.Api5\\node_modules\\ts-node\\src\\index.ts:858:43)\n    at Module._extensions..js (internal/modules/cjs/loader.js:947:10)\n    at Object.require.extensions.<computed> [as .ts] (C:\\development\\projects\\wss\\RCCG\\RCCGApi\\RCCGMobile.Api5\\node_modules\\ts-node\\src\\index.ts:861:12)\n    at Module.load (internal/modules/cjs/loader.js:790:32)\n    at Function.Module._load (internal/modules/cjs/loader.js:703:12)\n    at Module.require (internal/modules/cjs/loader.js:830:19)","exception":true,"date":"Wed Jun 24 2020 23:55:45 GMT+0100 (West Africa Standard Time)","process":{"pid":6644,"uid":null,"gid":null,"cwd":"C:\\development\\projects\\wss\\RCCG\\RCCGApi\\RCCGMobile.Api5","execPath":"C:\\Program Files\\nodejs\\node.exe","version":"v12.10.0","argv":["C:\\development\\projects\\wss\\RCCG\\RCCGApi\\RCCGMobile.Api5\\node_modules\\ts-node\\dist\\bin.js","C:\\development\\projects\\wss\\RCCG\\RCCGApi\\RCCGMobile.Api5\\src\\index.ts"],"memoryUsage":{"rss":174563328,"heapTotal":148856832,"heapUsed":115947728,"external":1724658}},"os":{"loadavg":[0,0,0],"uptime":42687},"trace":[{"column":12,"file":"C:\\development\\projects\\wss\\RCCG\\RCCGApi\\RCCGMobile.Api5\\node_modules\\ts-node\\src\\index.ts","function":"createTSError","line":434,"method":null,"native":false},{"column":19,"file":"C:\\development\\projects\\wss\\RCCG\\RCCGApi\\RCCGMobile.Api5\\node_modules\\ts-node\\src\\index.ts","function":"reportTSError","line":438,"method":null,"native":false},{"column":36,"file":"C:\\development\\projects\\wss\\RCCG\\RCCGApi\\RCCGMobile.Api5\\node_modules\\ts-node\\src\\index.ts","function":"getOutput","line":578,"method":null,"native":false},{"column":32,"file":"C:\\development\\projects\\wss\\RCCG\\RCCGApi\\RCCGMobile.Api5\\node_modules\\ts-node\\src\\index.ts","function":"Object.compile","line":775,"method":"compile","native":false},{"column":43,"file":"C:\\development\\projects\\wss\\RCCG\\RCCGApi\\RCCGMobile.Api5\\node_modules\\ts-node\\src\\index.ts","function":"Module.m._compile","line":858,"method":"_compile","native":false},{"column":10,"file":"internal/modules/cjs/loader.js","function":"Module._extensions..js","line":947,"method":".js","native":false},{"column":12,"file":"C:\\development\\projects\\wss\\RCCG\\RCCGApi\\RCCGMobile.Api5\\node_modules\\ts-node\\src\\index.ts","function":"Object.require.extensions.<computed> [as .ts]","line":861,"method":"ts]","native":false},{"column":32,"file":"internal/modules/cjs/loader.js","function":"Module.load","line":790,"method":"load","native":false},{"column":12,"file":"internal/modules/cjs/loader.js","function":"Module._load","line":703,"method":"_load","native":false},{"column":19,"file":"internal/modules/cjs/loader.js","function":"Module.require","line":830,"method":"require","native":false}]}
{"error":{"diagnosticText":"\u001b[96msrc/routes/thumbnail.ts\u001b[0m:\u001b[93m6\u001b[0m:\u001b[93m23\u001b[0m - \u001b[91merror\u001b[0m\u001b[90m TS2304: \u001b[0mCannot find name 'ThumbnailController'.\r\n\r\n\u001b[7m6\u001b[0m router.post('/image', ThumbnailController.image);\r\n\u001b[7m \u001b[0m \u001b[91m                      ~~~~~~~~~~~~~~~~~~~\u001b[0m\r\n","diagnosticCodes":[2304]},"level":"error","message":"uncaughtException: тип Unable to compile TypeScript:\n\u001b[96msrc/routes/thumbnail.ts\u001b[0m:\u001b[93m6\u001b[0m:\u001b[93m23\u001b[0m - \u001b[91merror\u001b[0m\u001b[90m TS2304: \u001b[0mCannot find name 'ThumbnailController'.\r\n\r\n\u001b[7m6\u001b[0m router.post('/image', ThumbnailController.image);\r\n\u001b[7m \u001b[0m \u001b[91m                      ~~~~~~~~~~~~~~~~~~~\u001b[0m\r\n\nTSError: тип Unable to compile TypeScript:\n\u001b[96msrc/routes/thumbnail.ts\u001b[0m:\u001b[93m6\u001b[0m:\u001b[93m23\u001b[0m - \u001b[91merror\u001b[0m\u001b[90m TS2304: \u001b[0mCannot find name 'ThumbnailController'.\r\n\r\n\u001b[7m6\u001b[0m router.post('/image', ThumbnailController.image);\r\n\u001b[7m \u001b[0m \u001b[91m                      ~~~~~~~~~~~~~~~~~~~\u001b[0m\r\n\n    at createTSError (C:\\development\\projects\\wss\\RCCG\\RCCGApi\\RCCGMobile.Api5\\node_modules\\ts-node\\src\\index.ts:434:12)\n    at reportTSError (C:\\development\\projects\\wss\\RCCG\\RCCGApi\\RCCGMobile.Api5\\node_modules\\ts-node\\src\\index.ts:438:19)\n    at getOutput (C:\\development\\projects\\wss\\RCCG\\RCCGApi\\RCCGMobile.Api5\\node_modules\\ts-node\\src\\index.ts:578:36)\n    at Object.compile (C:\\development\\projects\\wss\\RCCG\\RCCGApi\\RCCGMobile.Api5\\node_modules\\ts-node\\src\\index.ts:775:32)\n    at Module.m._compile (C:\\development\\projects\\wss\\RCCG\\RCCGApi\\RCCGMobile.Api5\\node_modules\\ts-node\\src\\index.ts:858:43)\n    at Module._extensions..js (internal/modules/cjs/loader.js:947:10)\n    at Object.require.extensions.<computed> [as .ts] (C:\\development\\projects\\wss\\RCCG\\RCCGApi\\RCCGMobile.Api5\\node_modules\\ts-node\\src\\index.ts:861:12)\n    at Module.load (internal/modules/cjs/loader.js:790:32)\n    at Function.Module._load (internal/modules/cjs/loader.js:703:12)\n    at Module.require (internal/modules/cjs/loader.js:830:19)","stack":"TSError: тип Unable to compile TypeScript:\n\u001b[96msrc/routes/thumbnail.ts\u001b[0m:\u001b[93m6\u001b[0m:\u001b[93m23\u001b[0m - \u001b[91merror\u001b[0m\u001b[90m TS2304: \u001b[0mCannot find name 'ThumbnailController'.\r\n\r\n\u001b[7m6\u001b[0m router.post('/image', ThumbnailController.image);\r\n\u001b[7m \u001b[0m \u001b[91m                      ~~~~~~~~~~~~~~~~~~~\u001b[0m\r\n\n    at createTSError (C:\\development\\projects\\wss\\RCCG\\RCCGApi\\RCCGMobile.Api5\\node_modules\\ts-node\\src\\index.ts:434:12)\n    at reportTSError (C:\\development\\projects\\wss\\RCCG\\RCCGApi\\RCCGMobile.Api5\\node_modules\\ts-node\\src\\index.ts:438:19)\n    at getOutput (C:\\development\\projects\\wss\\RCCG\\RCCGApi\\RCCGMobile.Api5\\node_modules\\ts-node\\src\\index.ts:578:36)\n    at Object.compile (C:\\development\\projects\\wss\\RCCG\\RCCGApi\\RCCGMobile.Api5\\node_modules\\ts-node\\src\\index.ts:775:32)\n    at Module.m._compile (C:\\development\\projects\\wss\\RCCG\\RCCGApi\\RCCGMobile.Api5\\node_modules\\ts-node\\src\\index.ts:858:43)\n    at Module._extensions..js (internal/modules/cjs/loader.js:947:10)\n    at Object.require.extensions.<computed> [as .ts] (C:\\development\\projects\\wss\\RCCG\\RCCGApi\\RCCGMobile.Api5\\node_modules\\ts-node\\src\\index.ts:861:12)\n    at Module.load (internal/modules/cjs/loader.js:790:32)\n    at Function.Module._load (internal/modules/cjs/loader.js:703:12)\n    at Module.require (internal/modules/cjs/loader.js:830:19)","exception":true,"date":"Wed Jun 24 2020 23:55:56 GMT+0100 (West Africa Standard Time)","process":{"pid":23200,"uid":null,"gid":null,"cwd":"C:\\development\\projects\\wss\\RCCG\\RCCGApi\\RCCGMobile.Api5","execPath":"C:\\Program Files\\nodejs\\node.exe","version":"v12.10.0","argv":["C:\\development\\projects\\wss\\RCCG\\RCCGApi\\RCCGMobile.Api5\\node_modules\\ts-node\\dist\\bin.js","C:\\development\\projects\\wss\\RCCG\\RCCGApi\\RCCGMobile.Api5\\src\\index.ts"],"memoryUsage":{"rss":177254400,"heapTotal":148856832,"heapUsed":115509200,"external":1724658}},"os":{"loadavg":[0,0,0],"uptime":42698},"trace":[{"column":12,"file":"C:\\development\\projects\\wss\\RCCG\\RCCGApi\\RCCGMobile.Api5\\node_modules\\ts-node\\src\\index.ts","function":"createTSError","line":434,"method":null,"native":false},{"column":19,"file":"C:\\development\\projects\\wss\\RCCG\\RCCGApi\\RCCGMobile.Api5\\node_modules\\ts-node\\src\\index.ts","function":"reportTSError","line":438,"method":null,"native":false},{"column":36,"file":"C:\\development\\projects\\wss\\RCCG\\RCCGApi\\RCCGMobile.Api5\\node_modules\\ts-node\\src\\index.ts","function":"getOutput","line":578,"method":null,"native":false},{"column":32,"file":"C:\\development\\projects\\wss\\RCCG\\RCCGApi\\RCCGMobile.Api5\\node_modules\\ts-node\\src\\index.ts","function":"Object.compile","line":775,"method":"compile","native":false},{"column":43,"file":"C:\\development\\projects\\wss\\RCCG\\RCCGApi\\RCCGMobile.Api5\\node_modules\\ts-node\\src\\index.ts","function":"Module.m._compile","line":858,"method":"_compile","native":false},{"column":10,"file":"internal/modules/cjs/loader.js","function":"Module._extensions..js","line":947,"method":".js","native":false},{"column":12,"file":"C:\\development\\projects\\wss\\RCCG\\RCCGApi\\RCCGMobile.Api5\\node_modules\\ts-node\\src\\index.ts","function":"Object.require.extensions.<computed> [as .ts]","line":861,"method":"ts]","native":false},{"column":32,"file":"internal/modules/cjs/loader.js","function":"Module.load","line":790,"method":"load","native":false},{"column":12,"file":"internal/modules/cjs/loader.js","function":"Module._load","line":703,"method":"_load","native":false},{"column":19,"file":"internal/modules/cjs/loader.js","function":"Module.require","line":830,"method":"require","native":false}]}
